This file contains any messages produced by compilers while
running configure, to aid debugging if configure makes a mistake.

It was created by SST Elements Library configure 11.0.0, which was
generated by GNU Autoconf 2.69.  Invocation command line was

  $ ./configure --prefix=/home/tbonato/local/sstelements-11.1.0 --with-sst-core=/home/tbonato/local/sstcore-11.1.0

## --------- ##
## Platform. ##
## --------- ##

hostname = LAPTOP-CJL91217
uname -m = x86_64
uname -r = 5.15.146.1-microsoft-standard-WSL2
uname -s = Linux
uname -v = #1 SMP Thu Jan 11 04:09:03 UTC 2024

/usr/bin/uname -p = x86_64
/bin/uname -X     = unknown

/bin/arch              = x86_64
/usr/bin/arch -k       = unknown
/usr/convex/getsysinfo = unknown
/usr/bin/hostinfo      = unknown
/bin/machine           = unknown
/usr/bin/oslevel       = unknown
/bin/universe          = unknown

PATH: /home/tbonato/local/sstelements-11.1.0/bin
PATH: /home/tbonato/local/sstcore-11.1.0/bin
PATH: /home/tbonato/local/packages/OpenMPI-4.0.5/bin
PATH: /home/tbonato/local/sstelements-11.0.0/bin
PATH: /home/tbonato/local/sstelements-11.0.0/bin
PATH: /home/tbonato/local/sstcore-11.0.0/bin
PATH: /home/tbonato/local/packages/OpenMPI-4.0.5/bin
PATH: /home/tbonato/local/sstelements-11.1.0/bin
PATH: /home/tbonato/local/sstcore-11.1.0/bin
PATH: /home/tbonato/local/packages/OpenMPI-4.0.5/bin
PATH: /home/tbonato/.vscode-server/bin/863d2581ecda6849923a2118d93a088b0745d9d6/bin/remote-cli
PATH: /home/tbonato/.local/bin
PATH: /home/tbonato/local/sstelements-11.1.0/bin
PATH: /home/tbonato/local/sstcore-11.1.0/bin
PATH: /home/tbonato/local/packages/OpenMPI-4.0.5/bin
PATH: /usr/local/sbin
PATH: /usr/local/bin
PATH: /usr/sbin
PATH: /usr/bin
PATH: /sbin
PATH: /bin
PATH: /usr/games
PATH: /usr/local/games
PATH: /usr/lib/wsl/lib
PATH: /mnt/c/Program Files/Common Files/Oracle/Java/javapath
PATH: /mnt/c/Windows/system32
PATH: /mnt/c/Windows
PATH: /mnt/c/Windows/System32/Wbem
PATH: /mnt/c/Windows/System32/WindowsPowerShell/v1.0/
PATH: /mnt/c/Windows/System32/OpenSSH/
PATH: /mnt/c/Program Files (x86)/NVIDIA Corporation/PhysX/Common
PATH: /mnt/c/Program Files/NVIDIA Corporation/NVIDIA NvDLISR
PATH: /mnt/c/Program Files/dotnet/
PATH: /mnt/c/Program Files/Git/cmd
PATH: /mnt/c/Users/tomma/AppData/Local/Microsoft/WindowsApps
PATH: /mnt/c/Users/tomma/AppData/Local/Programs/Microsoft VS Code/bin
PATH: /mnt/c/Program Files/JetBrains/IntelliJ IDEA 2021.3.2/bin
PATH: /mnt/c/Program Files/Java/jdk-17.0.2/bin
PATH: /mnt/c/Program Files/Docker/Docker/resources/bin
PATH: /mnt/c/ProgramData/DockerDesktop/version-bin
PATH: /mnt/c/Users/tomma/AppData/Local/Packages/PythonSoftwareFoundation.Python.3.10_qbz5n2kfra8p0/LocalCache/local-packages/Python310/Scripts
PATH: /mnt/c/WINDOWS/system32
PATH: /mnt/c/WINDOWS
PATH: /mnt/c/WINDOWS/System32/Wbem
PATH: /mnt/c/WINDOWS/System32/WindowsPowerShell/v1.0/
PATH: /mnt/c/WINDOWS/System32/OpenSSH/
PATH: /mnt/c/Users/tomma/AppData/Local/Microsoft/WindowsApps/python3.10.exe
PATH: /mnt/c/Users/tomma/AppData/Local/Microsoft/WindowsApps
PATH: /mnt/c/Users/tomma/AppData/Local/Programs/Microsoft VS Code/bin
PATH: /mnt/c/Program Files/JetBrains/IntelliJ IDEA 2021.3.2/bin
PATH: /mnt/c/Users/tomma/AppData/Local/Programs/MiKTeX/miktex/bin/x64/
PATH: /mnt/c/Users/tomma/AppData/Local/Packages/PythonSoftwareFoundation.Python.3.10_qbz5n2kfra8p0/LocalCache/local-packages/Python310/site-packages
PATH: /mnt/c/Program Files/WindowsApps/PythonSoftwareFoundation.Python.3.10_3.10.1264.0_x64__qbz5n2kfra8p0/Lib/site-packages/pip/_vendor
PATH: /snap/bin


## ----------- ##
## Core tests. ##
## ----------- ##

configure:2707: checking for a BSD-compatible install
configure:2775: result: /usr/bin/install -c
configure:2786: checking whether build environment is sane
configure:2841: result: yes
configure:2990: checking for a thread-safe mkdir -p
configure:3029: result: /usr/bin/mkdir -p
configure:3036: checking for gawk
configure:3052: found /usr/bin/gawk
configure:3063: result: gawk
configure:3074: checking whether make sets $(MAKE)
configure:3096: result: yes
configure:3125: checking whether make supports nested variables
configure:3142: result: yes
configure:3212: checking how to create a pax tar archive
configure:3223: tar --version
tar (GNU tar) 1.30
Copyright (C) 2017 Free Software Foundation, Inc.
License GPLv3+: GNU GPL version 3 or later <https://gnu.org/licenses/gpl.html>.
This is free software: you are free to change and redistribute it.
There is NO WARRANTY, to the extent permitted by law.

Written by John Gilmore and Jay Fenlason.
configure:3226: $? = 0
configure:3266: tardir=conftest.dir && eval tar --format=posix -chf - "$tardir" >conftest.tar
configure:3269: $? = 0
configure:3273: tar -xf - <conftest.tar
configure:3276: $? = 0
configure:3278: cat conftest.dir/file
GrepMe
configure:3281: $? = 0
configure:3294: result: gnutar
configure:3357: checking whether make supports nested variables
configure:3374: result: yes
configure:3466: checking for gcc
configure:3482: found /usr/bin/gcc
configure:3493: result: gcc
configure:3722: checking for C compiler version
configure:3731: gcc --version >&5
gcc (Ubuntu 9.3.0-10ubuntu2) 9.3.0
Copyright (C) 2019 Free Software Foundation, Inc.
This is free software; see the source for copying conditions.  There is NO
warranty; not even for MERCHANTABILITY or FITNESS FOR A PARTICULAR PURPOSE.

configure:3742: $? = 0
configure:3731: gcc -v >&5
Using built-in specs.
COLLECT_GCC=gcc
COLLECT_LTO_WRAPPER=/usr/lib/gcc/x86_64-linux-gnu/9/lto-wrapper
OFFLOAD_TARGET_NAMES=nvptx-none:hsa
OFFLOAD_TARGET_DEFAULT=1
Target: x86_64-linux-gnu
Configured with: ../src/configure -v --with-pkgversion='Ubuntu 9.3.0-10ubuntu2' --with-bugurl=file:///usr/share/doc/gcc-9/README.Bugs --enable-languages=c,ada,c++,go,brig,d,fortran,objc,obj-c++,gm2 --prefix=/usr --with-gcc-major-version-only --program-suffix=-9 --program-prefix=x86_64-linux-gnu- --enable-shared --enable-linker-build-id --libexecdir=/usr/lib --without-included-gettext --enable-threads=posix --libdir=/usr/lib --enable-nls --enable-clocale=gnu --enable-libstdcxx-debug --enable-libstdcxx-time=yes --with-default-libstdcxx-abi=new --enable-gnu-unique-object --disable-vtable-verify --enable-plugin --enable-default-pie --with-system-zlib --with-target-system-zlib=auto --enable-objc-gc=auto --enable-multiarch --disable-werror --with-arch-32=i686 --with-abi=m64 --with-multilib-list=m32,m64,mx32 --enable-multilib --with-tune=generic --enable-offload-targets=nvptx-none,hsa --without-cuda-driver --enable-checking=release --build=x86_64-linux-gnu --host=x86_64-linux-gnu --target=x86_64-linux-gnu
Thread model: posix
gcc version 9.3.0 (Ubuntu 9.3.0-10ubuntu2) 
configure:3742: $? = 0
configure:3731: gcc -V >&5
gcc: error: unrecognized command line option '-V'
gcc: fatal error: no input files
compilation terminated.
configure:3742: $? = 1
configure:3731: gcc -qversion >&5
gcc: error: unrecognized command line option '-qversion'; did you mean '--version'?
gcc: fatal error: no input files
compilation terminated.
configure:3742: $? = 1
configure:3762: checking whether the C compiler works
configure:3784: gcc    conftest.c  >&5
configure:3788: $? = 0
configure:3836: result: yes
configure:3839: checking for C compiler default output file name
configure:3841: result: a.out
configure:3847: checking for suffix of executables
configure:3854: gcc -o conftest    conftest.c  >&5
configure:3858: $? = 0
configure:3880: result: 
configure:3902: checking whether we are cross compiling
configure:3910: gcc -o conftest    conftest.c  >&5
configure:3914: $? = 0
configure:3921: ./conftest
configure:3925: $? = 0
configure:3913: result: no
configure:3918: checking for suffix of object files
configure:3940: gcc -c   conftest.c >&5
configure:3944: $? = 0
configure:3965: result: o
configure:3969: checking whether we are using the GNU C compiler
configure:3988: gcc -c   conftest.c >&5
configure:3988: $? = 0
configure:3997: result: yes
configure:4006: checking whether gcc accepts -g
configure:4026: gcc -c -g  conftest.c >&5
configure:4026: $? = 0
configure:4067: result: yes
configure:4084: checking for gcc option to accept ISO C89
configure:4147: gcc  -c -g -O2  conftest.c >&5
configure:4147: $? = 0
configure:4160: result: none needed
configure:4185: checking whether gcc understands -c and -o together
configure:4207: gcc -c conftest.c -o conftest2.o
configure:4210: $? = 0
configure:4207: gcc -c conftest.c -o conftest2.o
configure:4210: $? = 0
configure:4222: result: yes
configure:4242: checking whether make supports the include directive
configure:4257: make -f confmf.GNU && cat confinc.out
this is the am__doit target
configure:4260: $? = 0
configure:4279: result: yes (GNU style)
configure:4304: checking dependency style of gcc
configure:4415: result: gcc3
configure:4431: checking for gcc option to accept ISO C99
configure:4580: gcc  -c -g -O2  conftest.c >&5
configure:4580: $? = 0
configure:4593: result: none needed
configure:4609: checking for inline
configure:4625: gcc -c -g -O2  conftest.c >&5
configure:4625: $? = 0
configure:4633: result: inline
configure:4651: checking whether make sets $(MAKE)
configure:4673: result: yes
configure:4741: checking for g++
configure:4757: found /usr/bin/g++
configure:4768: result: g++
configure:4795: checking for C++ compiler version
configure:4804: g++ --version >&5
g++ (Ubuntu 9.3.0-10ubuntu2) 9.3.0
Copyright (C) 2019 Free Software Foundation, Inc.
This is free software; see the source for copying conditions.  There is NO
warranty; not even for MERCHANTABILITY or FITNESS FOR A PARTICULAR PURPOSE.

configure:4815: $? = 0
configure:4804: g++ -v >&5
Using built-in specs.
COLLECT_GCC=g++
COLLECT_LTO_WRAPPER=/usr/lib/gcc/x86_64-linux-gnu/9/lto-wrapper
OFFLOAD_TARGET_NAMES=nvptx-none:hsa
OFFLOAD_TARGET_DEFAULT=1
Target: x86_64-linux-gnu
Configured with: ../src/configure -v --with-pkgversion='Ubuntu 9.3.0-10ubuntu2' --with-bugurl=file:///usr/share/doc/gcc-9/README.Bugs --enable-languages=c,ada,c++,go,brig,d,fortran,objc,obj-c++,gm2 --prefix=/usr --with-gcc-major-version-only --program-suffix=-9 --program-prefix=x86_64-linux-gnu- --enable-shared --enable-linker-build-id --libexecdir=/usr/lib --without-included-gettext --enable-threads=posix --libdir=/usr/lib --enable-nls --enable-clocale=gnu --enable-libstdcxx-debug --enable-libstdcxx-time=yes --with-default-libstdcxx-abi=new --enable-gnu-unique-object --disable-vtable-verify --enable-plugin --enable-default-pie --with-system-zlib --with-target-system-zlib=auto --enable-objc-gc=auto --enable-multiarch --disable-werror --with-arch-32=i686 --with-abi=m64 --with-multilib-list=m32,m64,mx32 --enable-multilib --with-tune=generic --enable-offload-targets=nvptx-none,hsa --without-cuda-driver --enable-checking=release --build=x86_64-linux-gnu --host=x86_64-linux-gnu --target=x86_64-linux-gnu
Thread model: posix
gcc version 9.3.0 (Ubuntu 9.3.0-10ubuntu2) 
configure:4815: $? = 0
configure:4804: g++ -V >&5
g++: error: unrecognized command line option '-V'
g++: fatal error: no input files
compilation terminated.
configure:4815: $? = 1
configure:4804: g++ -qversion >&5
g++: error: unrecognized command line option '-qversion'; did you mean '--version'?
g++: fatal error: no input files
compilation terminated.
configure:4815: $? = 1
configure:4819: checking whether we are using the GNU C++ compiler
configure:4838: g++ -c   conftest.cpp >&5
configure:4838: $? = 0
configure:4847: result: yes
configure:4856: checking whether g++ accepts -g
configure:4876: g++ -c -g  conftest.cpp >&5
configure:4876: $? = 0
configure:4917: result: yes
configure:4942: checking dependency style of g++
configure:5053: result: gcc3
configure:5151: checking how to run the C preprocessor
configure:5182: gcc -E  conftest.c
configure:5182: $? = 0
configure:5196: gcc -E  conftest.c
conftest.c:9:10: fatal error: ac_nonexistent.h: No such file or directory
    9 | #include <ac_nonexistent.h>
      |          ^~~~~~~~~~~~~~~~~~
compilation terminated.
configure:5196: $? = 1
configure: failed program was:
| /* confdefs.h */
| #define PACKAGE_NAME "SST Elements Library"
| #define PACKAGE_TARNAME "sst-elements-library"
| #define PACKAGE_VERSION "11.0.0"
| #define PACKAGE_STRING "SST Elements Library 11.0.0"
| #define PACKAGE_BUGREPORT "sst@sandia.gov"
| #define PACKAGE_URL ""
| /* end confdefs.h.  */
| #include <ac_nonexistent.h>
configure:5221: result: gcc -E
configure:5241: gcc -E  conftest.c
configure:5241: $? = 0
configure:5255: gcc -E  conftest.c
conftest.c:9:10: fatal error: ac_nonexistent.h: No such file or directory
    9 | #include <ac_nonexistent.h>
      |          ^~~~~~~~~~~~~~~~~~
compilation terminated.
configure:5255: $? = 1
configure: failed program was:
| /* confdefs.h */
| #define PACKAGE_NAME "SST Elements Library"
| #define PACKAGE_TARNAME "sst-elements-library"
| #define PACKAGE_VERSION "11.0.0"
| #define PACKAGE_STRING "SST Elements Library 11.0.0"
| #define PACKAGE_BUGREPORT "sst@sandia.gov"
| #define PACKAGE_URL ""
| /* end confdefs.h.  */
| #include <ac_nonexistent.h>
configure:5287: checking build system type
configure:5301: result: x86_64-unknown-linux-gnu
configure:5321: checking host system type
configure:5334: result: x86_64-unknown-linux-gnu
configure:5432: checking whether time.h and sys/time.h may both be included
configure:5452: gcc -c -g -O2  conftest.c >&5
configure:5452: $? = 0
configure:5459: result: yes
configure:5521: checking how to print strings
configure:5548: result: printf
configure:5569: checking for a sed that does not truncate output
configure:5633: result: /usr/bin/sed
configure:5651: checking for grep that handles long lines and -e
configure:5709: result: /usr/bin/grep
configure:5714: checking for egrep
configure:5776: result: /usr/bin/grep -E
configure:5781: checking for fgrep
configure:5843: result: /usr/bin/grep -F
configure:5878: checking for ld used by gcc
configure:5945: result: /usr/bin/ld
configure:5952: checking if the linker (/usr/bin/ld) is GNU ld
configure:5967: result: yes
configure:5979: checking for BSD- or MS-compatible name lister (nm)
configure:6028: result: /usr/bin/nm -B
configure:6158: checking the name lister (/usr/bin/nm -B) interface
configure:6165: gcc -c -g -O2  conftest.c >&5
configure:6168: /usr/bin/nm -B "conftest.o"
configure:6171: output
0000000000000000 B some_variable
configure:6172: result: BSD nm
configure:6175: checking whether ln -s works
configure:6179: result: yes
configure:6187: checking the maximum length of command line arguments
configure:6317: result: 1572864
configure:6334: checking whether the shell understands some XSI constructs
configure:6343: result: yes
configure:6347: checking whether the shell understands "+="
configure:6351: result: yes
configure:6386: checking how to convert x86_64-unknown-linux-gnu file names to x86_64-unknown-linux-gnu format
configure:6426: result: func_convert_file_noop
configure:6433: checking how to convert x86_64-unknown-linux-gnu file names to toolchain format
configure:6453: result: func_convert_file_noop
configure:6460: checking for /usr/bin/ld option to reload object files
configure:6467: result: -r
configure:6541: checking for objdump
configure:6557: found /usr/bin/objdump
configure:6568: result: objdump
configure:6600: checking how to recognize dependent libraries
configure:6802: result: pass_all
configure:6887: checking for dlltool
configure:6917: result: no
configure:6947: checking how to associate runtime and link libraries
configure:6974: result: printf %s\n
configure:7034: checking for ar
configure:7050: found /usr/bin/ar
configure:7061: result: ar
configure:7098: checking for archiver @FILE support
configure:7115: gcc -c -g -O2  conftest.c >&5
configure:7115: $? = 0
configure:7118: ar cru libconftest.a @conftest.lst >&5
ar: `u' modifier ignored since `D' is the default (see `U')
configure:7121: $? = 0
configure:7126: ar cru libconftest.a @conftest.lst >&5
ar: `u' modifier ignored since `D' is the default (see `U')
ar: conftest.o: No such file or directory
configure:7129: $? = 1
configure:7128: result: @
configure:7186: checking for strip
configure:7202: found /usr/bin/strip
configure:7213: result: strip
configure:7285: checking for ranlib
configure:7301: found /usr/bin/ranlib
configure:7312: result: ranlib
configure:7414: checking command to parse /usr/bin/nm -B output from gcc object
configure:7534: gcc -c -g -O2  conftest.c >&5
configure:7537: $? = 0
configure:7541: /usr/bin/nm -B conftest.o \| sed -n -e 's/^.*[ ]\([ABCDGIRSTW][ABCDGIRSTW]*\)[ ][ ]*\([_A-Za-z][_A-Za-z0-9]*\)$/\1 \2 \2/p' | sed '/ __gnu_lto/d' \> conftest.nm
configure:7544: $? = 0
configure:7610: gcc -o conftest -g -O2   conftest.c conftstm.o >&5
configure:7613: $? = 0
configure:7651: result: ok
configure:7688: checking for sysroot
configure:7718: result: no
configure:7795: gcc -c -g -O2  conftest.c >&5
configure:7798: $? = 0
configure:7974: checking for mt
configure:7990: found /usr/bin/mt
configure:8001: result: mt
configure:8024: checking if mt is a manifest tool
configure:8030: mt '-?'
configure:8038: result: no
configure:8676: checking for ANSI C header files
configure:8696: gcc -c -g -O2  conftest.c >&5
configure:8696: $? = 0
configure:8769: gcc -o conftest -g -O2   conftest.c  >&5
configure:8769: $? = 0
configure:8769: ./conftest
configure:8769: $? = 0
configure:8780: result: yes
configure:8793: checking for sys/types.h
configure:8793: gcc -c -g -O2  conftest.c >&5
configure:8793: $? = 0
configure:8793: result: yes
configure:8793: checking for sys/stat.h
configure:8793: gcc -c -g -O2  conftest.c >&5
configure:8793: $? = 0
configure:8793: result: yes
configure:8793: checking for stdlib.h
configure:8793: gcc -c -g -O2  conftest.c >&5
configure:8793: $? = 0
configure:8793: result: yes
configure:8793: checking for string.h
configure:8793: gcc -c -g -O2  conftest.c >&5
configure:8793: $? = 0
configure:8793: result: yes
configure:8793: checking for memory.h
configure:8793: gcc -c -g -O2  conftest.c >&5
configure:8793: $? = 0
configure:8793: result: yes
configure:8793: checking for strings.h
configure:8793: gcc -c -g -O2  conftest.c >&5
configure:8793: $? = 0
configure:8793: result: yes
configure:8793: checking for inttypes.h
configure:8793: gcc -c -g -O2  conftest.c >&5
configure:8793: $? = 0
configure:8793: result: yes
configure:8793: checking for stdint.h
configure:8793: gcc -c -g -O2  conftest.c >&5
configure:8793: $? = 0
configure:8793: result: yes
configure:8793: checking for unistd.h
configure:8793: gcc -c -g -O2  conftest.c >&5
configure:8793: $? = 0
configure:8793: result: yes
configure:8807: checking for dlfcn.h
configure:8807: gcc -c -g -O2  conftest.c >&5
configure:8807: $? = 0
configure:8807: result: yes
configure:9021: checking for objdir
configure:9036: result: .libs
configure:9307: checking if gcc supports -fno-rtti -fno-exceptions
configure:9325: gcc -c -g -O2  -fno-rtti -fno-exceptions conftest.c >&5
cc1: warning: command line option '-fno-rtti' is valid for C++/D/ObjC++ but not for C
configure:9329: $? = 0
configure:9342: result: no
configure:9669: checking for gcc option to produce PIC
configure:9676: result: -fPIC -DPIC
configure:9684: checking if gcc PIC flag -fPIC -DPIC works
configure:9702: gcc -c -g -O2  -fPIC -DPIC -DPIC conftest.c >&5
configure:9706: $? = 0
configure:9719: result: yes
configure:9748: checking if gcc static flag -static works
configure:9776: result: yes
configure:9791: checking if gcc supports -c -o file.o
configure:9812: gcc -c -g -O2  -o out/conftest2.o conftest.c >&5
configure:9816: $? = 0
configure:9838: result: yes
configure:9846: checking if gcc supports -c -o file.o
configure:9893: result: yes
configure:9926: checking whether the gcc linker (/usr/bin/ld -m elf_x86_64) supports shared libraries
configure:11079: result: yes
configure:11116: checking whether -lc should be explicitly linked in
configure:11124: gcc -c -g -O2  conftest.c >&5
configure:11127: $? = 0
configure:11142: gcc -shared  -fPIC -DPIC conftest.o  -v -Wl,-soname -Wl,conftest -o conftest 2\>\&1 \| /usr/bin/grep  -lc  \>/dev/null 2\>\&1
configure:11145: $? = 0
configure:11159: result: no
configure:11319: checking dynamic linker characteristics
configure:11830: gcc -o conftest -g -O2   -Wl,-rpath -Wl,/foo conftest.c  >&5
configure:11830: $? = 0
configure:12056: result: GNU/Linux ld.so
configure:12163: checking how to hardcode library paths into programs
configure:12188: result: immediate
configure:12282: checking for shl_load
configure:12282: gcc -o conftest -g -O2   conftest.c  >&5
/usr/bin/ld: /tmp/cctAY6fO.o: in function `main':
/home/tbonato/SC24/analysis-of-the-adaptive-routing-algorithm-in-the-slingshot-interconnect/sst-elements-library-11.0.0/conftest.c:56: undefined reference to `shl_load'
collect2: error: ld returned 1 exit status
configure:12282: $? = 1
configure: failed program was:
| /* confdefs.h */
| #define PACKAGE_NAME "SST Elements Library"
| #define PACKAGE_TARNAME "sst-elements-library"
| #define PACKAGE_VERSION "11.0.0"
| #define PACKAGE_STRING "SST Elements Library 11.0.0"
| #define PACKAGE_BUGREPORT "sst@sandia.gov"
| #define PACKAGE_URL ""
| #define TIME_WITH_SYS_TIME 1
| #define STDC_HEADERS 1
| #define HAVE_SYS_TYPES_H 1
| #define HAVE_SYS_STAT_H 1
| #define HAVE_STDLIB_H 1
| #define HAVE_STRING_H 1
| #define HAVE_MEMORY_H 1
| #define HAVE_STRINGS_H 1
| #define HAVE_INTTYPES_H 1
| #define HAVE_STDINT_H 1
| #define HAVE_UNISTD_H 1
| #define HAVE_DLFCN_H 1
| #define LT_OBJDIR ".libs/"
| /* end confdefs.h.  */
| /* Define shl_load to an innocuous variant, in case <limits.h> declares shl_load.
|    For example, HP-UX 11i <limits.h> declares gettimeofday.  */
| #define shl_load innocuous_shl_load
| 
| /* System header to define __stub macros and hopefully few prototypes,
|     which can conflict with char shl_load (); below.
|     Prefer <limits.h> to <assert.h> if __STDC__ is defined, since
|     <limits.h> exists even on freestanding compilers.  */
| 
| #ifdef __STDC__
| # include <limits.h>
| #else
| # include <assert.h>
| #endif
| 
| #undef shl_load
| 
| /* Override any GCC internal prototype to avoid an error.
|    Use char because int might match the return type of a GCC
|    builtin and then its argument prototype would still apply.  */
| #ifdef __cplusplus
| extern "C"
| #endif
| char shl_load ();
| /* The GNU C library defines this for functions which it implements
|     to always fail with ENOSYS.  Some functions are actually named
|     something starting with __ and the normal name is an alias.  */
| #if defined __stub_shl_load || defined __stub___shl_load
| choke me
| #endif
| 
| int
| main ()
| {
| return shl_load ();
|   ;
|   return 0;
| }
configure:12282: result: no
configure:12286: checking for shl_load in -ldld
configure:12311: gcc -o conftest -g -O2   conftest.c -ldld   >&5
/usr/bin/ld: cannot find -ldld
collect2: error: ld returned 1 exit status
configure:12311: $? = 1
configure: failed program was:
| /* confdefs.h */
| #define PACKAGE_NAME "SST Elements Library"
| #define PACKAGE_TARNAME "sst-elements-library"
| #define PACKAGE_VERSION "11.0.0"
| #define PACKAGE_STRING "SST Elements Library 11.0.0"
| #define PACKAGE_BUGREPORT "sst@sandia.gov"
| #define PACKAGE_URL ""
| #define TIME_WITH_SYS_TIME 1
| #define STDC_HEADERS 1
| #define HAVE_SYS_TYPES_H 1
| #define HAVE_SYS_STAT_H 1
| #define HAVE_STDLIB_H 1
| #define HAVE_STRING_H 1
| #define HAVE_MEMORY_H 1
| #define HAVE_STRINGS_H 1
| #define HAVE_INTTYPES_H 1
| #define HAVE_STDINT_H 1
| #define HAVE_UNISTD_H 1
| #define HAVE_DLFCN_H 1
| #define LT_OBJDIR ".libs/"
| /* end confdefs.h.  */
| 
| /* Override any GCC internal prototype to avoid an error.
|    Use char because int might match the return type of a GCC
|    builtin and then its argument prototype would still apply.  */
| #ifdef __cplusplus
| extern "C"
| #endif
| char shl_load ();
| int
| main ()
| {
| return shl_load ();
|   ;
|   return 0;
| }
configure:12320: result: no
configure:12325: checking for dlopen
configure:12325: gcc -o conftest -g -O2   conftest.c  >&5
/usr/bin/ld: /tmp/ccwda4NU.o: in function `main':
/home/tbonato/SC24/analysis-of-the-adaptive-routing-algorithm-in-the-slingshot-interconnect/sst-elements-library-11.0.0/conftest.c:56: undefined reference to `dlopen'
collect2: error: ld returned 1 exit status
configure:12325: $? = 1
configure: failed program was:
| /* confdefs.h */
| #define PACKAGE_NAME "SST Elements Library"
| #define PACKAGE_TARNAME "sst-elements-library"
| #define PACKAGE_VERSION "11.0.0"
| #define PACKAGE_STRING "SST Elements Library 11.0.0"
| #define PACKAGE_BUGREPORT "sst@sandia.gov"
| #define PACKAGE_URL ""
| #define TIME_WITH_SYS_TIME 1
| #define STDC_HEADERS 1
| #define HAVE_SYS_TYPES_H 1
| #define HAVE_SYS_STAT_H 1
| #define HAVE_STDLIB_H 1
| #define HAVE_STRING_H 1
| #define HAVE_MEMORY_H 1
| #define HAVE_STRINGS_H 1
| #define HAVE_INTTYPES_H 1
| #define HAVE_STDINT_H 1
| #define HAVE_UNISTD_H 1
| #define HAVE_DLFCN_H 1
| #define LT_OBJDIR ".libs/"
| /* end confdefs.h.  */
| /* Define dlopen to an innocuous variant, in case <limits.h> declares dlopen.
|    For example, HP-UX 11i <limits.h> declares gettimeofday.  */
| #define dlopen innocuous_dlopen
| 
| /* System header to define __stub macros and hopefully few prototypes,
|     which can conflict with char dlopen (); below.
|     Prefer <limits.h> to <assert.h> if __STDC__ is defined, since
|     <limits.h> exists even on freestanding compilers.  */
| 
| #ifdef __STDC__
| # include <limits.h>
| #else
| # include <assert.h>
| #endif
| 
| #undef dlopen
| 
| /* Override any GCC internal prototype to avoid an error.
|    Use char because int might match the return type of a GCC
|    builtin and then its argument prototype would still apply.  */
| #ifdef __cplusplus
| extern "C"
| #endif
| char dlopen ();
| /* The GNU C library defines this for functions which it implements
|     to always fail with ENOSYS.  Some functions are actually named
|     something starting with __ and the normal name is an alias.  */
| #if defined __stub_dlopen || defined __stub___dlopen
| choke me
| #endif
| 
| int
| main ()
| {
| return dlopen ();
|   ;
|   return 0;
| }
configure:12325: result: no
configure:12329: checking for dlopen in -ldl
configure:12354: gcc -o conftest -g -O2   conftest.c -ldl   >&5
configure:12354: $? = 0
configure:12363: result: yes
configure:12482: checking whether a program can dlopen itself
configure:12562: gcc -o conftest -g -O2  -DHAVE_DLFCN_H  -Wl,--export-dynamic conftest.c -ldl  >&5
configure:12565: $? = 0
configure:12583: result: yes
configure:12588: checking whether a statically linked program can dlopen itself
configure:12668: gcc -o conftest -g -O2  -DHAVE_DLFCN_H  -Wl,--export-dynamic -static conftest.c -ldl  >&5
/usr/bin/ld: /tmp/ccbrYBfn.o: in function `main':
/home/tbonato/SC24/analysis-of-the-adaptive-routing-algorithm-in-the-slingshot-interconnect/sst-elements-library-11.0.0/configure:12647: warning: Using 'dlopen' in statically linked applications requires at runtime the shared libraries from the glibc version used for linking
configure:12671: $? = 0
conftest: undefined symbol: _fnord
configure:12689: result: no
configure:12728: checking whether stripping libraries is possible
configure:12733: result: yes
configure:12768: checking if libtool supports shared libraries
configure:12770: result: yes
configure:12773: checking whether to build shared libraries
configure:12794: result: yes
configure:12797: checking whether to build static libraries
configure:12801: result: no
configure:9830: checking how to run the C++ preprocessor
configure:9857: g++ -E  conftest.cpp
configure:9857: $? = 0
configure:9871: g++ -E  conftest.cpp
conftest.cpp:22:10: fatal error: ac_nonexistent.h: No such file or directory
   22 | #include <ac_nonexistent.h>
      |          ^~~~~~~~~~~~~~~~~~
compilation terminated.
configure:9871: $? = 1
configure: failed program was:
| /* confdefs.h */
| #define PACKAGE_NAME "SST Elements Library"
| #define PACKAGE_TARNAME "sst-elements-library"
| #define PACKAGE_VERSION "11.0.0"
| #define PACKAGE_STRING "SST Elements Library 11.0.0"
| #define PACKAGE_BUGREPORT "sst@sandia.gov"
| #define PACKAGE_URL ""
| #define TIME_WITH_SYS_TIME 1
| #define STDC_HEADERS 1
| #define HAVE_SYS_TYPES_H 1
| #define HAVE_SYS_STAT_H 1
| #define HAVE_STDLIB_H 1
| #define HAVE_STRING_H 1
| #define HAVE_MEMORY_H 1
| #define HAVE_STRINGS_H 1
| #define HAVE_INTTYPES_H 1
| #define HAVE_STDINT_H 1
| #define HAVE_UNISTD_H 1
| #define HAVE_DLFCN_H 1
| #define LT_OBJDIR ".libs/"
| /* end confdefs.h.  */
| #include <ac_nonexistent.h>
configure:9896: result: g++ -E
configure:9916: g++ -E  conftest.cpp
configure:9916: $? = 0
configure:9930: g++ -E  conftest.cpp
conftest.cpp:22:10: fatal error: ac_nonexistent.h: No such file or directory
   22 | #include <ac_nonexistent.h>
      |          ^~~~~~~~~~~~~~~~~~
compilation terminated.
configure:9930: $? = 1
configure: failed program was:
| /* confdefs.h */
| #define PACKAGE_NAME "SST Elements Library"
| #define PACKAGE_TARNAME "sst-elements-library"
| #define PACKAGE_VERSION "11.0.0"
| #define PACKAGE_STRING "SST Elements Library 11.0.0"
| #define PACKAGE_BUGREPORT "sst@sandia.gov"
| #define PACKAGE_URL ""
| #define TIME_WITH_SYS_TIME 1
| #define STDC_HEADERS 1
| #define HAVE_SYS_TYPES_H 1
| #define HAVE_SYS_STAT_H 1
| #define HAVE_STDLIB_H 1
| #define HAVE_STRING_H 1
| #define HAVE_MEMORY_H 1
| #define HAVE_STRINGS_H 1
| #define HAVE_INTTYPES_H 1
| #define HAVE_STDINT_H 1
| #define HAVE_UNISTD_H 1
| #define HAVE_DLFCN_H 1
| #define LT_OBJDIR ".libs/"
| /* end confdefs.h.  */
| #include <ac_nonexistent.h>
configure:10099: checking for ld used by g++
configure:10166: result: /usr/bin/ld -m elf_x86_64
configure:10173: checking if the linker (/usr/bin/ld -m elf_x86_64) is GNU ld
configure:10188: result: yes
configure:10243: checking whether the g++ linker (/usr/bin/ld -m elf_x86_64) supports shared libraries
configure:11248: result: yes
configure:11284: g++ -c -g -O2  conftest.cpp >&5
configure:11287: $? = 0
configure:11807: checking for g++ option to produce PIC
configure:11814: result: -fPIC -DPIC
configure:11822: checking if g++ PIC flag -fPIC -DPIC works
configure:11840: g++ -c -g -O2  -fPIC -DPIC -DPIC conftest.cpp >&5
configure:11844: $? = 0
configure:11857: result: yes
configure:11880: checking if g++ static flag -static works
configure:11908: result: yes
configure:11920: checking if g++ supports -c -o file.o
configure:11941: g++ -c -g -O2  -o out/conftest2.o conftest.cpp >&5
configure:11945: $? = 0
configure:11967: result: yes
configure:11972: checking if g++ supports -c -o file.o
configure:12019: result: yes
configure:12049: checking whether the g++ linker (/usr/bin/ld -m elf_x86_64) supports shared libraries
configure:12085: result: yes
configure:12226: checking dynamic linker characteristics
configure:12897: result: GNU/Linux ld.so
configure:12950: checking how to hardcode library paths into programs
configure:12975: result: immediate
configure:11972: checking which extension is used for runtime loadable modules
configure:11984: result: .so
configure:12001: checking which variable specifies run-time module search path
configure:12008: result: LD_LIBRARY_PATH
configure:12018: checking for the default library search path
configure:12025: result: /lib64 /usr/lib64 /lib /usr/lib /usr/lib/x86_64-linux-gnu/libfakeroot /usr/lib/wsl/lib /usr/local/lib /usr/local/lib/x86_64-linux-gnu /lib/x86_64-linux-gnu /usr/lib/x86_64-linux-gnu 
configure:12055: checking for library containing dlopen
configure:12086: gcc -o conftest -g -O2   conftest.c  >&5
/usr/bin/ld: /tmp/ccn59gHj.o: in function `main':
/home/tbonato/SC24/analysis-of-the-adaptive-routing-algorithm-in-the-slingshot-interconnect/sst-elements-library-11.0.0/conftest.c:36: undefined reference to `dlopen'
collect2: error: ld returned 1 exit status
configure:12086: $? = 1
configure: failed program was:
| /* confdefs.h */
| #define PACKAGE_NAME "SST Elements Library"
| #define PACKAGE_TARNAME "sst-elements-library"
| #define PACKAGE_VERSION "11.0.0"
| #define PACKAGE_STRING "SST Elements Library 11.0.0"
| #define PACKAGE_BUGREPORT "sst@sandia.gov"
| #define PACKAGE_URL ""
| #define TIME_WITH_SYS_TIME 1
| #define STDC_HEADERS 1
| #define HAVE_SYS_TYPES_H 1
| #define HAVE_SYS_STAT_H 1
| #define HAVE_STDLIB_H 1
| #define HAVE_STRING_H 1
| #define HAVE_MEMORY_H 1
| #define HAVE_STRINGS_H 1
| #define HAVE_INTTYPES_H 1
| #define HAVE_STDINT_H 1
| #define HAVE_UNISTD_H 1
| #define HAVE_DLFCN_H 1
| #define LT_OBJDIR ".libs/"
| #define LT_MODULE_EXT ".so"
| #define LT_MODULE_PATH_VAR "LD_LIBRARY_PATH"
| #define LT_DLSEARCH_PATH "/lib64:/usr/lib64:/lib:/usr/lib:/usr/lib/x86_64-linux-gnu/libfakeroot:/usr/lib/wsl/lib:/usr/local/lib:/usr/local/lib/x86_64-linux-gnu:/lib/x86_64-linux-gnu:/usr/lib/x86_64-linux-gnu"
| /* end confdefs.h.  */
| 
| /* Override any GCC internal prototype to avoid an error.
|    Use char because int might match the return type of a GCC
|    builtin and then its argument prototype would still apply.  */
| #ifdef __cplusplus
| extern "C"
| #endif
| char dlopen ();
| int
| main ()
| {
| return dlopen ();
|   ;
|   return 0;
| }
configure:12086: gcc -o conftest -g -O2   conftest.c -ldl   >&5
configure:12086: $? = 0
configure:12103: result: -ldl
configure:12193: checking for dlerror
configure:12193: gcc -o conftest -g -O2   conftest.c -ldl  -ldl >&5
configure:12193: $? = 0
configure:12193: result: yes
configure:12207: checking for shl_load
configure:12207: result: no
configure:12214: checking for shl_load in -ldld
configure:12248: result: no
configure:12294: checking for dld_link in -ldld
configure:12319: gcc -o conftest -g -O2   conftest.c -ldld  -ldl  >&5
/usr/bin/ld: cannot find -ldld
collect2: error: ld returned 1 exit status
configure:12319: $? = 1
configure: failed program was:
| /* confdefs.h */
| #define PACKAGE_NAME "SST Elements Library"
| #define PACKAGE_TARNAME "sst-elements-library"
| #define PACKAGE_VERSION "11.0.0"
| #define PACKAGE_STRING "SST Elements Library 11.0.0"
| #define PACKAGE_BUGREPORT "sst@sandia.gov"
| #define PACKAGE_URL ""
| #define TIME_WITH_SYS_TIME 1
| #define STDC_HEADERS 1
| #define HAVE_SYS_TYPES_H 1
| #define HAVE_SYS_STAT_H 1
| #define HAVE_STDLIB_H 1
| #define HAVE_STRING_H 1
| #define HAVE_MEMORY_H 1
| #define HAVE_STRINGS_H 1
| #define HAVE_INTTYPES_H 1
| #define HAVE_STDINT_H 1
| #define HAVE_UNISTD_H 1
| #define HAVE_DLFCN_H 1
| #define LT_OBJDIR ".libs/"
| #define LT_MODULE_EXT ".so"
| #define LT_MODULE_PATH_VAR "LD_LIBRARY_PATH"
| #define LT_DLSEARCH_PATH "/lib64:/usr/lib64:/lib:/usr/lib:/usr/lib/x86_64-linux-gnu/libfakeroot:/usr/lib/wsl/lib:/usr/local/lib:/usr/local/lib/x86_64-linux-gnu:/lib/x86_64-linux-gnu:/usr/lib/x86_64-linux-gnu"
| #define HAVE_LIBDL 1
| #define HAVE_DLERROR 1
| /* end confdefs.h.  */
| 
| /* Override any GCC internal prototype to avoid an error.
|    Use char because int might match the return type of a GCC
|    builtin and then its argument prototype would still apply.  */
| #ifdef __cplusplus
| extern "C"
| #endif
| char dld_link ();
| int
| main ()
| {
| return dld_link ();
|   ;
|   return 0;
| }
configure:12328: result: no
configure:12362: checking for _ prefix in compiled symbols
configure:12372: gcc -c -g -O2  conftest.c >&5
configure:12375: $? = 0
configure:12379: /usr/bin/nm -B conftest.o \| sed -n -e 's/^.*[	 ]\([ABCDGIRSTW][ABCDGIRSTW]*\)[	 ][	 ]*\([_A-Za-z][_A-Za-z0-9]*\)$/\1 \2 \2/p' | sed '/ __gnu_lto/d' \> conftest.nm
configure:12382: $? = 0
configure:12404: result: no
configure:12528: checking whether deplibs are loaded by dlopen
configure:12622: result: yes
configure:12634: checking for argz.h
configure:12634: gcc -c -g -O2  conftest.c >&5
configure:12634: $? = 0
configure:12634: result: yes
configure:12646: checking for error_t
configure:12646: gcc -c -g -O2  conftest.c >&5
configure:12646: $? = 0
configure:12646: gcc -c -g -O2  conftest.c >&5
conftest.c: In function 'main':
conftest.c:36:22: error: expected expression before ')' token
   36 | if (sizeof ((error_t)))
      |                      ^
configure:12646: $? = 1
configure: failed program was:
| /* confdefs.h */
| #define PACKAGE_NAME "SST Elements Library"
| #define PACKAGE_TARNAME "sst-elements-library"
| #define PACKAGE_VERSION "11.0.0"
| #define PACKAGE_STRING "SST Elements Library 11.0.0"
| #define PACKAGE_BUGREPORT "sst@sandia.gov"
| #define PACKAGE_URL ""
| #define TIME_WITH_SYS_TIME 1
| #define STDC_HEADERS 1
| #define HAVE_SYS_TYPES_H 1
| #define HAVE_SYS_STAT_H 1
| #define HAVE_STDLIB_H 1
| #define HAVE_STRING_H 1
| #define HAVE_MEMORY_H 1
| #define HAVE_STRINGS_H 1
| #define HAVE_INTTYPES_H 1
| #define HAVE_STDINT_H 1
| #define HAVE_UNISTD_H 1
| #define HAVE_DLFCN_H 1
| #define LT_OBJDIR ".libs/"
| #define LT_MODULE_EXT ".so"
| #define LT_MODULE_PATH_VAR "LD_LIBRARY_PATH"
| #define LT_DLSEARCH_PATH "/lib64:/usr/lib64:/lib:/usr/lib:/usr/lib/x86_64-linux-gnu/libfakeroot:/usr/lib/wsl/lib:/usr/local/lib:/usr/local/lib/x86_64-linux-gnu:/lib/x86_64-linux-gnu:/usr/lib/x86_64-linux-gnu"
| #define HAVE_LIBDL 1
| #define HAVE_DLERROR 1
| #define HAVE_LIBDLLOADER 1
| #define HAVE_ARGZ_H 1
| /* end confdefs.h.  */
| #if defined(HAVE_ARGZ_H)
| #  include <argz.h>
| #endif
| 
| int
| main ()
| {
| if (sizeof ((error_t)))
| 	    return 0;
|   ;
|   return 0;
| }
configure:12646: result: yes
configure:12672: checking for argz_add
configure:12672: gcc -o conftest -g -O2   conftest.c -ldl  >&5
configure:12672: $? = 0
configure:12672: result: yes
configure:12672: checking for argz_append
configure:12672: gcc -o conftest -g -O2   conftest.c -ldl  >&5
configure:12672: $? = 0
configure:12672: result: yes
configure:12672: checking for argz_count
configure:12672: gcc -o conftest -g -O2   conftest.c -ldl  >&5
configure:12672: $? = 0
configure:12672: result: yes
configure:12672: checking for argz_create_sep
configure:12672: gcc -o conftest -g -O2   conftest.c -ldl  >&5
configure:12672: $? = 0
configure:12672: result: yes
configure:12672: checking for argz_insert
configure:12672: gcc -o conftest -g -O2   conftest.c -ldl  >&5
configure:12672: $? = 0
configure:12672: result: yes
configure:12672: checking for argz_next
configure:12672: gcc -o conftest -g -O2   conftest.c -ldl  >&5
configure:12672: $? = 0
configure:12672: result: yes
configure:12672: checking for argz_stringify
configure:12672: gcc -o conftest -g -O2   conftest.c -ldl  >&5
configure:12672: $? = 0
configure:12672: result: yes
configure:12688: checking if argz actually works
configure:12719: result: yes
configure:12736: checking whether libtool supports -dlopen/-dlpreopen
configure:12748: result: yes
configure:12777: checking for ltdl.h
configure:12777: gcc -c -g -O2  conftest.c >&5
conftest.c:74:10: fatal error: ltdl.h: No such file or directory
   74 | #include <ltdl.h>
      |          ^~~~~~~~
compilation terminated.
configure:12777: $? = 1
configure: failed program was:
| /* confdefs.h */
| #define PACKAGE_NAME "SST Elements Library"
| #define PACKAGE_TARNAME "sst-elements-library"
| #define PACKAGE_VERSION "11.0.0"
| #define PACKAGE_STRING "SST Elements Library 11.0.0"
| #define PACKAGE_BUGREPORT "sst@sandia.gov"
| #define PACKAGE_URL ""
| #define TIME_WITH_SYS_TIME 1
| #define STDC_HEADERS 1
| #define HAVE_SYS_TYPES_H 1
| #define HAVE_SYS_STAT_H 1
| #define HAVE_STDLIB_H 1
| #define HAVE_STRING_H 1
| #define HAVE_MEMORY_H 1
| #define HAVE_STRINGS_H 1
| #define HAVE_INTTYPES_H 1
| #define HAVE_STDINT_H 1
| #define HAVE_UNISTD_H 1
| #define HAVE_DLFCN_H 1
| #define LT_OBJDIR ".libs/"
| #define LT_MODULE_EXT ".so"
| #define LT_MODULE_PATH_VAR "LD_LIBRARY_PATH"
| #define LT_DLSEARCH_PATH "/lib64:/usr/lib64:/lib:/usr/lib:/usr/lib/x86_64-linux-gnu/libfakeroot:/usr/lib/wsl/lib:/usr/local/lib:/usr/local/lib/x86_64-linux-gnu:/lib/x86_64-linux-gnu:/usr/lib/x86_64-linux-gnu"
| #define HAVE_LIBDL 1
| #define HAVE_DLERROR 1
| #define HAVE_LIBDLLOADER 1
| #define HAVE_ARGZ_H 1
| #define HAVE_ERROR_T 1
| #define HAVE_ARGZ_ADD 1
| #define HAVE_ARGZ_APPEND 1
| #define HAVE_ARGZ_COUNT 1
| #define HAVE_ARGZ_CREATE_SEP 1
| #define HAVE_ARGZ_INSERT 1
| #define HAVE_ARGZ_NEXT 1
| #define HAVE_ARGZ_STRINGIFY 1
| #define HAVE_WORKING_ARGZ 1
| #define HAVE_PRELOADED_SYMBOLS 1
| /* end confdefs.h.  */
| #include <stdio.h>
| #ifdef HAVE_SYS_TYPES_H
| # include <sys/types.h>
| #endif
| #ifdef HAVE_SYS_STAT_H
| # include <sys/stat.h>
| #endif
| #ifdef STDC_HEADERS
| # include <stdlib.h>
| # include <stddef.h>
| #else
| # ifdef HAVE_STDLIB_H
| #  include <stdlib.h>
| # endif
| #endif
| #ifdef HAVE_STRING_H
| # if !defined STDC_HEADERS && defined HAVE_MEMORY_H
| #  include <memory.h>
| # endif
| # include <string.h>
| #endif
| #ifdef HAVE_STRINGS_H
| # include <strings.h>
| #endif
| #ifdef HAVE_INTTYPES_H
| # include <inttypes.h>
| #endif
| #ifdef HAVE_STDINT_H
| # include <stdint.h>
| #endif
| #ifdef HAVE_UNISTD_H
| # include <unistd.h>
| #endif
| 
| 
| #include <ltdl.h>
configure:12777: result: no
configure:12914: checking where to find libltdl headers
configure:12916: result: -I${top_srcdir}/src/libltdl
configure:12918: checking where to find libltdl library
configure:12920: result: ${top_build_prefix}src/libltdl/libltdlc.la
configure:12968: checking for unistd.h
configure:12968: result: yes
configure:12968: checking for dl.h
configure:12968: gcc -c -g -O2  conftest.c >&5
conftest.c:74:10: fatal error: dl.h: No such file or directory
   74 | #include <dl.h>
      |          ^~~~~~
compilation terminated.
configure:12968: $? = 1
configure: failed program was:
| /* confdefs.h */
| #define PACKAGE_NAME "SST Elements Library"
| #define PACKAGE_TARNAME "sst-elements-library"
| #define PACKAGE_VERSION "11.0.0"
| #define PACKAGE_STRING "SST Elements Library 11.0.0"
| #define PACKAGE_BUGREPORT "sst@sandia.gov"
| #define PACKAGE_URL ""
| #define TIME_WITH_SYS_TIME 1
| #define STDC_HEADERS 1
| #define HAVE_SYS_TYPES_H 1
| #define HAVE_SYS_STAT_H 1
| #define HAVE_STDLIB_H 1
| #define HAVE_STRING_H 1
| #define HAVE_MEMORY_H 1
| #define HAVE_STRINGS_H 1
| #define HAVE_INTTYPES_H 1
| #define HAVE_STDINT_H 1
| #define HAVE_UNISTD_H 1
| #define HAVE_DLFCN_H 1
| #define LT_OBJDIR ".libs/"
| #define LT_MODULE_EXT ".so"
| #define LT_MODULE_PATH_VAR "LD_LIBRARY_PATH"
| #define LT_DLSEARCH_PATH "/lib64:/usr/lib64:/lib:/usr/lib:/usr/lib/x86_64-linux-gnu/libfakeroot:/usr/lib/wsl/lib:/usr/local/lib:/usr/local/lib/x86_64-linux-gnu:/lib/x86_64-linux-gnu:/usr/lib/x86_64-linux-gnu"
| #define HAVE_LIBDL 1
| #define HAVE_DLERROR 1
| #define HAVE_LIBDLLOADER 1
| #define HAVE_ARGZ_H 1
| #define HAVE_ERROR_T 1
| #define HAVE_ARGZ_ADD 1
| #define HAVE_ARGZ_APPEND 1
| #define HAVE_ARGZ_COUNT 1
| #define HAVE_ARGZ_CREATE_SEP 1
| #define HAVE_ARGZ_INSERT 1
| #define HAVE_ARGZ_NEXT 1
| #define HAVE_ARGZ_STRINGIFY 1
| #define HAVE_WORKING_ARGZ 1
| #define HAVE_PRELOADED_SYMBOLS 1
| #define HAVE_UNISTD_H 1
| /* end confdefs.h.  */
| #include <stdio.h>
| #ifdef HAVE_SYS_TYPES_H
| # include <sys/types.h>
| #endif
| #ifdef HAVE_SYS_STAT_H
| # include <sys/stat.h>
| #endif
| #ifdef STDC_HEADERS
| # include <stdlib.h>
| # include <stddef.h>
| #else
| # ifdef HAVE_STDLIB_H
| #  include <stdlib.h>
| # endif
| #endif
| #ifdef HAVE_STRING_H
| # if !defined STDC_HEADERS && defined HAVE_MEMORY_H
| #  include <memory.h>
| # endif
| # include <string.h>
| #endif
| #ifdef HAVE_STRINGS_H
| # include <strings.h>
| #endif
| #ifdef HAVE_INTTYPES_H
| # include <inttypes.h>
| #endif
| #ifdef HAVE_STDINT_H
| # include <stdint.h>
| #endif
| #ifdef HAVE_UNISTD_H
| # include <unistd.h>
| #endif
| 
| #include <dl.h>
configure:12968: result: no
configure:12968: checking for sys/dl.h
configure:12968: gcc -c -g -O2  conftest.c >&5
conftest.c:74:10: fatal error: sys/dl.h: No such file or directory
   74 | #include <sys/dl.h>
      |          ^~~~~~~~~~
compilation terminated.
configure:12968: $? = 1
configure: failed program was:
| /* confdefs.h */
| #define PACKAGE_NAME "SST Elements Library"
| #define PACKAGE_TARNAME "sst-elements-library"
| #define PACKAGE_VERSION "11.0.0"
| #define PACKAGE_STRING "SST Elements Library 11.0.0"
| #define PACKAGE_BUGREPORT "sst@sandia.gov"
| #define PACKAGE_URL ""
| #define TIME_WITH_SYS_TIME 1
| #define STDC_HEADERS 1
| #define HAVE_SYS_TYPES_H 1
| #define HAVE_SYS_STAT_H 1
| #define HAVE_STDLIB_H 1
| #define HAVE_STRING_H 1
| #define HAVE_MEMORY_H 1
| #define HAVE_STRINGS_H 1
| #define HAVE_INTTYPES_H 1
| #define HAVE_STDINT_H 1
| #define HAVE_UNISTD_H 1
| #define HAVE_DLFCN_H 1
| #define LT_OBJDIR ".libs/"
| #define LT_MODULE_EXT ".so"
| #define LT_MODULE_PATH_VAR "LD_LIBRARY_PATH"
| #define LT_DLSEARCH_PATH "/lib64:/usr/lib64:/lib:/usr/lib:/usr/lib/x86_64-linux-gnu/libfakeroot:/usr/lib/wsl/lib:/usr/local/lib:/usr/local/lib/x86_64-linux-gnu:/lib/x86_64-linux-gnu:/usr/lib/x86_64-linux-gnu"
| #define HAVE_LIBDL 1
| #define HAVE_DLERROR 1
| #define HAVE_LIBDLLOADER 1
| #define HAVE_ARGZ_H 1
| #define HAVE_ERROR_T 1
| #define HAVE_ARGZ_ADD 1
| #define HAVE_ARGZ_APPEND 1
| #define HAVE_ARGZ_COUNT 1
| #define HAVE_ARGZ_CREATE_SEP 1
| #define HAVE_ARGZ_INSERT 1
| #define HAVE_ARGZ_NEXT 1
| #define HAVE_ARGZ_STRINGIFY 1
| #define HAVE_WORKING_ARGZ 1
| #define HAVE_PRELOADED_SYMBOLS 1
| #define HAVE_UNISTD_H 1
| /* end confdefs.h.  */
| #include <stdio.h>
| #ifdef HAVE_SYS_TYPES_H
| # include <sys/types.h>
| #endif
| #ifdef HAVE_SYS_STAT_H
| # include <sys/stat.h>
| #endif
| #ifdef STDC_HEADERS
| # include <stdlib.h>
| # include <stddef.h>
| #else
| # ifdef HAVE_STDLIB_H
| #  include <stdlib.h>
| # endif
| #endif
| #ifdef HAVE_STRING_H
| # if !defined STDC_HEADERS && defined HAVE_MEMORY_H
| #  include <memory.h>
| # endif
| # include <string.h>
| #endif
| #ifdef HAVE_STRINGS_H
| # include <strings.h>
| #endif
| #ifdef HAVE_INTTYPES_H
| # include <inttypes.h>
| #endif
| #ifdef HAVE_STDINT_H
| # include <stdint.h>
| #endif
| #ifdef HAVE_UNISTD_H
| # include <unistd.h>
| #endif
| 
| #include <sys/dl.h>
configure:12968: result: no
configure:12968: checking for dld.h
configure:12968: gcc -c -g -O2  conftest.c >&5
conftest.c:74:10: fatal error: dld.h: No such file or directory
   74 | #include <dld.h>
      |          ^~~~~~~
compilation terminated.
configure:12968: $? = 1
configure: failed program was:
| /* confdefs.h */
| #define PACKAGE_NAME "SST Elements Library"
| #define PACKAGE_TARNAME "sst-elements-library"
| #define PACKAGE_VERSION "11.0.0"
| #define PACKAGE_STRING "SST Elements Library 11.0.0"
| #define PACKAGE_BUGREPORT "sst@sandia.gov"
| #define PACKAGE_URL ""
| #define TIME_WITH_SYS_TIME 1
| #define STDC_HEADERS 1
| #define HAVE_SYS_TYPES_H 1
| #define HAVE_SYS_STAT_H 1
| #define HAVE_STDLIB_H 1
| #define HAVE_STRING_H 1
| #define HAVE_MEMORY_H 1
| #define HAVE_STRINGS_H 1
| #define HAVE_INTTYPES_H 1
| #define HAVE_STDINT_H 1
| #define HAVE_UNISTD_H 1
| #define HAVE_DLFCN_H 1
| #define LT_OBJDIR ".libs/"
| #define LT_MODULE_EXT ".so"
| #define LT_MODULE_PATH_VAR "LD_LIBRARY_PATH"
| #define LT_DLSEARCH_PATH "/lib64:/usr/lib64:/lib:/usr/lib:/usr/lib/x86_64-linux-gnu/libfakeroot:/usr/lib/wsl/lib:/usr/local/lib:/usr/local/lib/x86_64-linux-gnu:/lib/x86_64-linux-gnu:/usr/lib/x86_64-linux-gnu"
| #define HAVE_LIBDL 1
| #define HAVE_DLERROR 1
| #define HAVE_LIBDLLOADER 1
| #define HAVE_ARGZ_H 1
| #define HAVE_ERROR_T 1
| #define HAVE_ARGZ_ADD 1
| #define HAVE_ARGZ_APPEND 1
| #define HAVE_ARGZ_COUNT 1
| #define HAVE_ARGZ_CREATE_SEP 1
| #define HAVE_ARGZ_INSERT 1
| #define HAVE_ARGZ_NEXT 1
| #define HAVE_ARGZ_STRINGIFY 1
| #define HAVE_WORKING_ARGZ 1
| #define HAVE_PRELOADED_SYMBOLS 1
| #define HAVE_UNISTD_H 1
| /* end confdefs.h.  */
| #include <stdio.h>
| #ifdef HAVE_SYS_TYPES_H
| # include <sys/types.h>
| #endif
| #ifdef HAVE_SYS_STAT_H
| # include <sys/stat.h>
| #endif
| #ifdef STDC_HEADERS
| # include <stdlib.h>
| # include <stddef.h>
| #else
| # ifdef HAVE_STDLIB_H
| #  include <stdlib.h>
| # endif
| #endif
| #ifdef HAVE_STRING_H
| # if !defined STDC_HEADERS && defined HAVE_MEMORY_H
| #  include <memory.h>
| # endif
| # include <string.h>
| #endif
| #ifdef HAVE_STRINGS_H
| # include <strings.h>
| #endif
| #ifdef HAVE_INTTYPES_H
| # include <inttypes.h>
| #endif
| #ifdef HAVE_STDINT_H
| # include <stdint.h>
| #endif
| #ifdef HAVE_UNISTD_H
| # include <unistd.h>
| #endif
| 
| #include <dld.h>
configure:12968: result: no
configure:12968: checking for mach-o/dyld.h
configure:12968: gcc -c -g -O2  conftest.c >&5
conftest.c:74:10: fatal error: mach-o/dyld.h: No such file or directory
   74 | #include <mach-o/dyld.h>
      |          ^~~~~~~~~~~~~~~
compilation terminated.
configure:12968: $? = 1
configure: failed program was:
| /* confdefs.h */
| #define PACKAGE_NAME "SST Elements Library"
| #define PACKAGE_TARNAME "sst-elements-library"
| #define PACKAGE_VERSION "11.0.0"
| #define PACKAGE_STRING "SST Elements Library 11.0.0"
| #define PACKAGE_BUGREPORT "sst@sandia.gov"
| #define PACKAGE_URL ""
| #define TIME_WITH_SYS_TIME 1
| #define STDC_HEADERS 1
| #define HAVE_SYS_TYPES_H 1
| #define HAVE_SYS_STAT_H 1
| #define HAVE_STDLIB_H 1
| #define HAVE_STRING_H 1
| #define HAVE_MEMORY_H 1
| #define HAVE_STRINGS_H 1
| #define HAVE_INTTYPES_H 1
| #define HAVE_STDINT_H 1
| #define HAVE_UNISTD_H 1
| #define HAVE_DLFCN_H 1
| #define LT_OBJDIR ".libs/"
| #define LT_MODULE_EXT ".so"
| #define LT_MODULE_PATH_VAR "LD_LIBRARY_PATH"
| #define LT_DLSEARCH_PATH "/lib64:/usr/lib64:/lib:/usr/lib:/usr/lib/x86_64-linux-gnu/libfakeroot:/usr/lib/wsl/lib:/usr/local/lib:/usr/local/lib/x86_64-linux-gnu:/lib/x86_64-linux-gnu:/usr/lib/x86_64-linux-gnu"
| #define HAVE_LIBDL 1
| #define HAVE_DLERROR 1
| #define HAVE_LIBDLLOADER 1
| #define HAVE_ARGZ_H 1
| #define HAVE_ERROR_T 1
| #define HAVE_ARGZ_ADD 1
| #define HAVE_ARGZ_APPEND 1
| #define HAVE_ARGZ_COUNT 1
| #define HAVE_ARGZ_CREATE_SEP 1
| #define HAVE_ARGZ_INSERT 1
| #define HAVE_ARGZ_NEXT 1
| #define HAVE_ARGZ_STRINGIFY 1
| #define HAVE_WORKING_ARGZ 1
| #define HAVE_PRELOADED_SYMBOLS 1
| #define HAVE_UNISTD_H 1
| /* end confdefs.h.  */
| #include <stdio.h>
| #ifdef HAVE_SYS_TYPES_H
| # include <sys/types.h>
| #endif
| #ifdef HAVE_SYS_STAT_H
| # include <sys/stat.h>
| #endif
| #ifdef STDC_HEADERS
| # include <stdlib.h>
| # include <stddef.h>
| #else
| # ifdef HAVE_STDLIB_H
| #  include <stdlib.h>
| # endif
| #endif
| #ifdef HAVE_STRING_H
| # if !defined STDC_HEADERS && defined HAVE_MEMORY_H
| #  include <memory.h>
| # endif
| # include <string.h>
| #endif
| #ifdef HAVE_STRINGS_H
| # include <strings.h>
| #endif
| #ifdef HAVE_INTTYPES_H
| # include <inttypes.h>
| #endif
| #ifdef HAVE_STDINT_H
| # include <stdint.h>
| #endif
| #ifdef HAVE_UNISTD_H
| # include <unistd.h>
| #endif
| 
| #include <mach-o/dyld.h>
configure:12968: result: no
configure:12968: checking for dirent.h
configure:12968: gcc -c -g -O2  conftest.c >&5
configure:12968: $? = 0
configure:12968: result: yes
configure:12983: checking for closedir
configure:12983: gcc -o conftest -g -O2   conftest.c -ldl  >&5
configure:12983: $? = 0
configure:12983: result: yes
configure:12983: checking for opendir
configure:12983: gcc -o conftest -g -O2   conftest.c -ldl  >&5
configure:12983: $? = 0
configure:12983: result: yes
configure:12983: checking for readdir
configure:12983: gcc -o conftest -g -O2   conftest.c -ldl  >&5
configure:12983: $? = 0
configure:12983: result: yes
configure:13000: checking for strlcat
configure:13000: gcc -o conftest -g -O2   conftest.c -ldl  >&5
/usr/bin/ld: /tmp/ccx2CydS.o: in function `main':
/home/tbonato/SC24/analysis-of-the-adaptive-routing-algorithm-in-the-slingshot-interconnect/sst-elements-library-11.0.0/conftest.c:78: undefined reference to `strlcat'
collect2: error: ld returned 1 exit status
configure:13000: $? = 1
configure: failed program was:
| /* confdefs.h */
| #define PACKAGE_NAME "SST Elements Library"
| #define PACKAGE_TARNAME "sst-elements-library"
| #define PACKAGE_VERSION "11.0.0"
| #define PACKAGE_STRING "SST Elements Library 11.0.0"
| #define PACKAGE_BUGREPORT "sst@sandia.gov"
| #define PACKAGE_URL ""
| #define TIME_WITH_SYS_TIME 1
| #define STDC_HEADERS 1
| #define HAVE_SYS_TYPES_H 1
| #define HAVE_SYS_STAT_H 1
| #define HAVE_STDLIB_H 1
| #define HAVE_STRING_H 1
| #define HAVE_MEMORY_H 1
| #define HAVE_STRINGS_H 1
| #define HAVE_INTTYPES_H 1
| #define HAVE_STDINT_H 1
| #define HAVE_UNISTD_H 1
| #define HAVE_DLFCN_H 1
| #define LT_OBJDIR ".libs/"
| #define LT_MODULE_EXT ".so"
| #define LT_MODULE_PATH_VAR "LD_LIBRARY_PATH"
| #define LT_DLSEARCH_PATH "/lib64:/usr/lib64:/lib:/usr/lib:/usr/lib/x86_64-linux-gnu/libfakeroot:/usr/lib/wsl/lib:/usr/local/lib:/usr/local/lib/x86_64-linux-gnu:/lib/x86_64-linux-gnu:/usr/lib/x86_64-linux-gnu"
| #define HAVE_LIBDL 1
| #define HAVE_DLERROR 1
| #define HAVE_LIBDLLOADER 1
| #define HAVE_ARGZ_H 1
| #define HAVE_ERROR_T 1
| #define HAVE_ARGZ_ADD 1
| #define HAVE_ARGZ_APPEND 1
| #define HAVE_ARGZ_COUNT 1
| #define HAVE_ARGZ_CREATE_SEP 1
| #define HAVE_ARGZ_INSERT 1
| #define HAVE_ARGZ_NEXT 1
| #define HAVE_ARGZ_STRINGIFY 1
| #define HAVE_WORKING_ARGZ 1
| #define HAVE_PRELOADED_SYMBOLS 1
| #define HAVE_UNISTD_H 1
| #define HAVE_DIRENT_H 1
| #define HAVE_CLOSEDIR 1
| #define HAVE_OPENDIR 1
| #define HAVE_READDIR 1
| /* end confdefs.h.  */
| /* Define strlcat to an innocuous variant, in case <limits.h> declares strlcat.
|    For example, HP-UX 11i <limits.h> declares gettimeofday.  */
| #define strlcat innocuous_strlcat
| 
| /* System header to define __stub macros and hopefully few prototypes,
|     which can conflict with char strlcat (); below.
|     Prefer <limits.h> to <assert.h> if __STDC__ is defined, since
|     <limits.h> exists even on freestanding compilers.  */
| 
| #ifdef __STDC__
| # include <limits.h>
| #else
| # include <assert.h>
| #endif
| 
| #undef strlcat
| 
| /* Override any GCC internal prototype to avoid an error.
|    Use char because int might match the return type of a GCC
|    builtin and then its argument prototype would still apply.  */
| #ifdef __cplusplus
| extern "C"
| #endif
| char strlcat ();
| /* The GNU C library defines this for functions which it implements
|     to always fail with ENOSYS.  Some functions are actually named
|     something starting with __ and the normal name is an alias.  */
| #if defined __stub_strlcat || defined __stub___strlcat
| choke me
| #endif
| 
| int
| main ()
| {
| return strlcat ();
|   ;
|   return 0;
| }
configure:13000: result: no
configure:13000: checking for strlcpy
configure:13000: gcc -o conftest -g -O2   conftest.c -ldl  >&5
/usr/bin/ld: /tmp/ccOzK1He.o: in function `main':
/home/tbonato/SC24/analysis-of-the-adaptive-routing-algorithm-in-the-slingshot-interconnect/sst-elements-library-11.0.0/conftest.c:78: undefined reference to `strlcpy'
collect2: error: ld returned 1 exit status
configure:13000: $? = 1
configure: failed program was:
| /* confdefs.h */
| #define PACKAGE_NAME "SST Elements Library"
| #define PACKAGE_TARNAME "sst-elements-library"
| #define PACKAGE_VERSION "11.0.0"
| #define PACKAGE_STRING "SST Elements Library 11.0.0"
| #define PACKAGE_BUGREPORT "sst@sandia.gov"
| #define PACKAGE_URL ""
| #define TIME_WITH_SYS_TIME 1
| #define STDC_HEADERS 1
| #define HAVE_SYS_TYPES_H 1
| #define HAVE_SYS_STAT_H 1
| #define HAVE_STDLIB_H 1
| #define HAVE_STRING_H 1
| #define HAVE_MEMORY_H 1
| #define HAVE_STRINGS_H 1
| #define HAVE_INTTYPES_H 1
| #define HAVE_STDINT_H 1
| #define HAVE_UNISTD_H 1
| #define HAVE_DLFCN_H 1
| #define LT_OBJDIR ".libs/"
| #define LT_MODULE_EXT ".so"
| #define LT_MODULE_PATH_VAR "LD_LIBRARY_PATH"
| #define LT_DLSEARCH_PATH "/lib64:/usr/lib64:/lib:/usr/lib:/usr/lib/x86_64-linux-gnu/libfakeroot:/usr/lib/wsl/lib:/usr/local/lib:/usr/local/lib/x86_64-linux-gnu:/lib/x86_64-linux-gnu:/usr/lib/x86_64-linux-gnu"
| #define HAVE_LIBDL 1
| #define HAVE_DLERROR 1
| #define HAVE_LIBDLLOADER 1
| #define HAVE_ARGZ_H 1
| #define HAVE_ERROR_T 1
| #define HAVE_ARGZ_ADD 1
| #define HAVE_ARGZ_APPEND 1
| #define HAVE_ARGZ_COUNT 1
| #define HAVE_ARGZ_CREATE_SEP 1
| #define HAVE_ARGZ_INSERT 1
| #define HAVE_ARGZ_NEXT 1
| #define HAVE_ARGZ_STRINGIFY 1
| #define HAVE_WORKING_ARGZ 1
| #define HAVE_PRELOADED_SYMBOLS 1
| #define HAVE_UNISTD_H 1
| #define HAVE_DIRENT_H 1
| #define HAVE_CLOSEDIR 1
| #define HAVE_OPENDIR 1
| #define HAVE_READDIR 1
| /* end confdefs.h.  */
| /* Define strlcpy to an innocuous variant, in case <limits.h> declares strlcpy.
|    For example, HP-UX 11i <limits.h> declares gettimeofday.  */
| #define strlcpy innocuous_strlcpy
| 
| /* System header to define __stub macros and hopefully few prototypes,
|     which can conflict with char strlcpy (); below.
|     Prefer <limits.h> to <assert.h> if __STDC__ is defined, since
|     <limits.h> exists even on freestanding compilers.  */
| 
| #ifdef __STDC__
| # include <limits.h>
| #else
| # include <assert.h>
| #endif
| 
| #undef strlcpy
| 
| /* Override any GCC internal prototype to avoid an error.
|    Use char because int might match the return type of a GCC
|    builtin and then its argument prototype would still apply.  */
| #ifdef __cplusplus
| extern "C"
| #endif
| char strlcpy ();
| /* The GNU C library defines this for functions which it implements
|     to always fail with ENOSYS.  Some functions are actually named
|     something starting with __ and the normal name is an alias.  */
| #if defined __stub_strlcpy || defined __stub___strlcpy
| choke me
| #endif
| 
| int
| main ()
| {
| return strlcpy ();
|   ;
|   return 0;
| }
configure:13000: result: no
configure:13043: checking whether time.h and sys/time.h may both be included
configure:13070: result: yes
configure:13172: --with-sst-core check = good 1
configure:13179: --with-sst-core check = good 2
configure:13185: checking for sst-config
configure:13203: found /home/tbonato/local/sstcore-11.1.0/bin/sst-config
configure:13215: result: /home/tbonato/local/sstcore-11.1.0/bin/sst-config
configure:13224: checking for sst-config tool available
configure:13227: result: found /home/tbonato/local/sstcore-11.1.0/bin/sst-config
configure:13235: checking for sst-register
configure:13253: found /home/tbonato/local/sstcore-11.1.0/bin/sst-register
configure:13265: result: /home/tbonato/local/sstcore-11.1.0/bin/sst-register
configure:13274: checking for sst-register tool available
configure:13277: result: found /home/tbonato/local/sstcore-11.1.0/bin/sst-register
configure:13328: checking for Mac OSX
configure:13354: result: no
configure:13405: checking NVDIMM.h usability
configure:13405: g++ -c -g -O2  -std=c++1y -D__STDC_FORMAT_MACROS   -I/usr/include/python3.8 -I/usr/include/python3.8  -I/home/tbonato/local/sstcore-11.1.0/include/sst/core -I/home/tbonato/local/sstcore-11.1.0/include conftest.cpp >&5
conftest.cpp:80:10: fatal error: NVDIMM.h: No such file or directory
   80 | #include <NVDIMM.h>
      |          ^~~~~~~~~~
compilation terminated.
configure:13405: $? = 1
configure: failed program was:
| /* confdefs.h */
| #define PACKAGE_NAME "SST Elements Library"
| #define PACKAGE_TARNAME "sst-elements-library"
| #define PACKAGE_VERSION "11.0.0"
| #define PACKAGE_STRING "SST Elements Library 11.0.0"
| #define PACKAGE_BUGREPORT "sst@sandia.gov"
| #define PACKAGE_URL ""
| #define TIME_WITH_SYS_TIME 1
| #define STDC_HEADERS 1
| #define HAVE_SYS_TYPES_H 1
| #define HAVE_SYS_STAT_H 1
| #define HAVE_STDLIB_H 1
| #define HAVE_STRING_H 1
| #define HAVE_MEMORY_H 1
| #define HAVE_STRINGS_H 1
| #define HAVE_INTTYPES_H 1
| #define HAVE_STDINT_H 1
| #define HAVE_UNISTD_H 1
| #define HAVE_DLFCN_H 1
| #define LT_OBJDIR ".libs/"
| #define LT_MODULE_EXT ".so"
| #define LT_MODULE_PATH_VAR "LD_LIBRARY_PATH"
| #define LT_DLSEARCH_PATH "/lib64:/usr/lib64:/lib:/usr/lib:/usr/lib/x86_64-linux-gnu/libfakeroot:/usr/lib/wsl/lib:/usr/local/lib:/usr/local/lib/x86_64-linux-gnu:/lib/x86_64-linux-gnu:/usr/lib/x86_64-linux-gnu"
| #define HAVE_LIBDL 1
| #define HAVE_DLERROR 1
| #define HAVE_LIBDLLOADER 1
| #define HAVE_ARGZ_H 1
| #define HAVE_ERROR_T 1
| #define HAVE_ARGZ_ADD 1
| #define HAVE_ARGZ_APPEND 1
| #define HAVE_ARGZ_COUNT 1
| #define HAVE_ARGZ_CREATE_SEP 1
| #define HAVE_ARGZ_INSERT 1
| #define HAVE_ARGZ_NEXT 1
| #define HAVE_ARGZ_STRINGIFY 1
| #define HAVE_WORKING_ARGZ 1
| #define HAVE_PRELOADED_SYMBOLS 1
| #define HAVE_UNISTD_H 1
| #define HAVE_DIRENT_H 1
| #define HAVE_CLOSEDIR 1
| #define HAVE_OPENDIR 1
| #define HAVE_READDIR 1
| #define LT_LIBEXT "a"
| #define LT_LIBPREFIX "lib"
| #define TIME_WITH_SYS_TIME 1
| /* end confdefs.h.  */
| #include <stdio.h>
| #ifdef HAVE_SYS_TYPES_H
| # include <sys/types.h>
| #endif
| #ifdef HAVE_SYS_STAT_H
| # include <sys/stat.h>
| #endif
| #ifdef STDC_HEADERS
| # include <stdlib.h>
| # include <stddef.h>
| #else
| # ifdef HAVE_STDLIB_H
| #  include <stdlib.h>
| # endif
| #endif
| #ifdef HAVE_STRING_H
| # if !defined STDC_HEADERS && defined HAVE_MEMORY_H
| #  include <memory.h>
| # endif
| # include <string.h>
| #endif
| #ifdef HAVE_STRINGS_H
| # include <strings.h>
| #endif
| #ifdef HAVE_INTTYPES_H
| # include <inttypes.h>
| #endif
| #ifdef HAVE_STDINT_H
| # include <stdint.h>
| #endif
| #ifdef HAVE_UNISTD_H
| # include <unistd.h>
| #endif
| #include <NVDIMM.h>
configure:13405: result: no
configure:13405: checking NVDIMM.h presence
configure:13405: g++ -E   -I/usr/include/python3.8 -I/usr/include/python3.8  -I/home/tbonato/local/sstcore-11.1.0/include/sst/core -I/home/tbonato/local/sstcore-11.1.0/include conftest.cpp
conftest.cpp:47:10: fatal error: NVDIMM.h: No such file or directory
   47 | #include <NVDIMM.h>
      |          ^~~~~~~~~~
compilation terminated.
configure:13405: $? = 1
configure: failed program was:
| /* confdefs.h */
| #define PACKAGE_NAME "SST Elements Library"
| #define PACKAGE_TARNAME "sst-elements-library"
| #define PACKAGE_VERSION "11.0.0"
| #define PACKAGE_STRING "SST Elements Library 11.0.0"
| #define PACKAGE_BUGREPORT "sst@sandia.gov"
| #define PACKAGE_URL ""
| #define TIME_WITH_SYS_TIME 1
| #define STDC_HEADERS 1
| #define HAVE_SYS_TYPES_H 1
| #define HAVE_SYS_STAT_H 1
| #define HAVE_STDLIB_H 1
| #define HAVE_STRING_H 1
| #define HAVE_MEMORY_H 1
| #define HAVE_STRINGS_H 1
| #define HAVE_INTTYPES_H 1
| #define HAVE_STDINT_H 1
| #define HAVE_UNISTD_H 1
| #define HAVE_DLFCN_H 1
| #define LT_OBJDIR ".libs/"
| #define LT_MODULE_EXT ".so"
| #define LT_MODULE_PATH_VAR "LD_LIBRARY_PATH"
| #define LT_DLSEARCH_PATH "/lib64:/usr/lib64:/lib:/usr/lib:/usr/lib/x86_64-linux-gnu/libfakeroot:/usr/lib/wsl/lib:/usr/local/lib:/usr/local/lib/x86_64-linux-gnu:/lib/x86_64-linux-gnu:/usr/lib/x86_64-linux-gnu"
| #define HAVE_LIBDL 1
| #define HAVE_DLERROR 1
| #define HAVE_LIBDLLOADER 1
| #define HAVE_ARGZ_H 1
| #define HAVE_ERROR_T 1
| #define HAVE_ARGZ_ADD 1
| #define HAVE_ARGZ_APPEND 1
| #define HAVE_ARGZ_COUNT 1
| #define HAVE_ARGZ_CREATE_SEP 1
| #define HAVE_ARGZ_INSERT 1
| #define HAVE_ARGZ_NEXT 1
| #define HAVE_ARGZ_STRINGIFY 1
| #define HAVE_WORKING_ARGZ 1
| #define HAVE_PRELOADED_SYMBOLS 1
| #define HAVE_UNISTD_H 1
| #define HAVE_DIRENT_H 1
| #define HAVE_CLOSEDIR 1
| #define HAVE_OPENDIR 1
| #define HAVE_READDIR 1
| #define LT_LIBEXT "a"
| #define LT_LIBPREFIX "lib"
| #define TIME_WITH_SYS_TIME 1
| /* end confdefs.h.  */
| #include <NVDIMM.h>
configure:13405: result: no
configure:13405: checking for NVDIMM.h
configure:13405: result: no
configure:13417: checking for main in -lnvdsim
configure:13436: g++ -o conftest -g -O2  -std=c++1y -D__STDC_FORMAT_MACROS   -I/usr/include/python3.8 -I/usr/include/python3.8  -I/home/tbonato/local/sstcore-11.1.0/include/sst/core -I/home/tbonato/local/sstcore-11.1.0/include    -L/usr/lib/python3.8/config-3.8-x86_64-linux-gnu -L/usr/lib -lpython3.8 -lcrypt -lpthread -ldl  -lutil -lm -lm  conftest.cpp -lnvdsim  -ldl   -ldl  >&5
/usr/bin/ld: cannot find -lnvdsim
collect2: error: ld returned 1 exit status
configure:13436: $? = 1
configure: failed program was:
| /* confdefs.h */
| #define PACKAGE_NAME "SST Elements Library"
| #define PACKAGE_TARNAME "sst-elements-library"
| #define PACKAGE_VERSION "11.0.0"
| #define PACKAGE_STRING "SST Elements Library 11.0.0"
| #define PACKAGE_BUGREPORT "sst@sandia.gov"
| #define PACKAGE_URL ""
| #define TIME_WITH_SYS_TIME 1
| #define STDC_HEADERS 1
| #define HAVE_SYS_TYPES_H 1
| #define HAVE_SYS_STAT_H 1
| #define HAVE_STDLIB_H 1
| #define HAVE_STRING_H 1
| #define HAVE_MEMORY_H 1
| #define HAVE_STRINGS_H 1
| #define HAVE_INTTYPES_H 1
| #define HAVE_STDINT_H 1
| #define HAVE_UNISTD_H 1
| #define HAVE_DLFCN_H 1
| #define LT_OBJDIR ".libs/"
| #define LT_MODULE_EXT ".so"
| #define LT_MODULE_PATH_VAR "LD_LIBRARY_PATH"
| #define LT_DLSEARCH_PATH "/lib64:/usr/lib64:/lib:/usr/lib:/usr/lib/x86_64-linux-gnu/libfakeroot:/usr/lib/wsl/lib:/usr/local/lib:/usr/local/lib/x86_64-linux-gnu:/lib/x86_64-linux-gnu:/usr/lib/x86_64-linux-gnu"
| #define HAVE_LIBDL 1
| #define HAVE_DLERROR 1
| #define HAVE_LIBDLLOADER 1
| #define HAVE_ARGZ_H 1
| #define HAVE_ERROR_T 1
| #define HAVE_ARGZ_ADD 1
| #define HAVE_ARGZ_APPEND 1
| #define HAVE_ARGZ_COUNT 1
| #define HAVE_ARGZ_CREATE_SEP 1
| #define HAVE_ARGZ_INSERT 1
| #define HAVE_ARGZ_NEXT 1
| #define HAVE_ARGZ_STRINGIFY 1
| #define HAVE_WORKING_ARGZ 1
| #define HAVE_PRELOADED_SYMBOLS 1
| #define HAVE_UNISTD_H 1
| #define HAVE_DIRENT_H 1
| #define HAVE_CLOSEDIR 1
| #define HAVE_OPENDIR 1
| #define HAVE_READDIR 1
| #define LT_LIBEXT "a"
| #define LT_LIBPREFIX "lib"
| #define TIME_WITH_SYS_TIME 1
| /* end confdefs.h.  */
| 
| 
| int
| main ()
| {
| return main ();
|   ;
|   return 0;
| }
configure:13445: result: no
configure:13534: checking for pin.sh
configure:13568: result: no
configure:13575: checking for pin
configure:13609: result: no
configure:13668: checking PIN Tool
configure:13670: result: no
configure:13709: g++ -c -g -O2  -std=c++1y -D__STDC_FORMAT_MACROS   -I/usr/include/python3.8 -I/usr/include/python3.8  -I/home/tbonato/local/sstcore-11.1.0/include/sst/core -I/home/tbonato/local/sstcore-11.1.0/include conftest.cpp >&5
configure:13709: $? = 0
configure:13742: checking for for PR_SET_PTRACER
configure:13744: result: yes
configure:13761: checking for library containing shm_open
configure:13792: gcc -o conftest -g -O2    -I/usr/include/python3.8 -I/usr/include/python3.8  -I/home/tbonato/local/sstcore-11.1.0/include/sst/core -I/home/tbonato/local/sstcore-11.1.0/include    -L/usr/lib/python3.8/config-3.8-x86_64-linux-gnu -L/usr/lib -lpython3.8 -lcrypt -lpthread -ldl  -lutil -lm -lm  conftest.c -ldl   -ldl  >&5
/usr/bin/ld: /tmp/ccSWV8BF.o: in function `main':
/home/tbonato/SC24/analysis-of-the-adaptive-routing-algorithm-in-the-slingshot-interconnect/sst-elements-library-11.0.0/conftest.c:60: undefined reference to `shm_open'
collect2: error: ld returned 1 exit status
configure:13792: $? = 1
configure: failed program was:
| /* confdefs.h */
| #define PACKAGE_NAME "SST Elements Library"
| #define PACKAGE_TARNAME "sst-elements-library"
| #define PACKAGE_VERSION "11.0.0"
| #define PACKAGE_STRING "SST Elements Library 11.0.0"
| #define PACKAGE_BUGREPORT "sst@sandia.gov"
| #define PACKAGE_URL ""
| #define TIME_WITH_SYS_TIME 1
| #define STDC_HEADERS 1
| #define HAVE_SYS_TYPES_H 1
| #define HAVE_SYS_STAT_H 1
| #define HAVE_STDLIB_H 1
| #define HAVE_STRING_H 1
| #define HAVE_MEMORY_H 1
| #define HAVE_STRINGS_H 1
| #define HAVE_INTTYPES_H 1
| #define HAVE_STDINT_H 1
| #define HAVE_UNISTD_H 1
| #define HAVE_DLFCN_H 1
| #define LT_OBJDIR ".libs/"
| #define LT_MODULE_EXT ".so"
| #define LT_MODULE_PATH_VAR "LD_LIBRARY_PATH"
| #define LT_DLSEARCH_PATH "/lib64:/usr/lib64:/lib:/usr/lib:/usr/lib/x86_64-linux-gnu/libfakeroot:/usr/lib/wsl/lib:/usr/local/lib:/usr/local/lib/x86_64-linux-gnu:/lib/x86_64-linux-gnu:/usr/lib/x86_64-linux-gnu"
| #define HAVE_LIBDL 1
| #define HAVE_DLERROR 1
| #define HAVE_LIBDLLOADER 1
| #define HAVE_ARGZ_H 1
| #define HAVE_ERROR_T 1
| #define HAVE_ARGZ_ADD 1
| #define HAVE_ARGZ_APPEND 1
| #define HAVE_ARGZ_COUNT 1
| #define HAVE_ARGZ_CREATE_SEP 1
| #define HAVE_ARGZ_INSERT 1
| #define HAVE_ARGZ_NEXT 1
| #define HAVE_ARGZ_STRINGIFY 1
| #define HAVE_WORKING_ARGZ 1
| #define HAVE_PRELOADED_SYMBOLS 1
| #define HAVE_UNISTD_H 1
| #define HAVE_DIRENT_H 1
| #define HAVE_CLOSEDIR 1
| #define HAVE_OPENDIR 1
| #define HAVE_READDIR 1
| #define LT_LIBEXT "a"
| #define LT_LIBPREFIX "lib"
| #define TIME_WITH_SYS_TIME 1
| #define NVDIMMSIM_LIBDIR ""
| #define PINTOOL_EXECUTABLE ""
| /* end confdefs.h.  */
| 
| /* Override any GCC internal prototype to avoid an error.
|    Use char because int might match the return type of a GCC
|    builtin and then its argument prototype would still apply.  */
| #ifdef __cplusplus
| extern "C"
| #endif
| char shm_open ();
| int
| main ()
| {
| return shm_open ();
|   ;
|   return 0;
| }
configure:13792: gcc -o conftest -g -O2    -I/usr/include/python3.8 -I/usr/include/python3.8  -I/home/tbonato/local/sstcore-11.1.0/include/sst/core -I/home/tbonato/local/sstcore-11.1.0/include    -L/usr/lib/python3.8/config-3.8-x86_64-linux-gnu -L/usr/lib -lpython3.8 -lcrypt -lpthread -ldl  -lutil -lm -lm  conftest.c -lrt  -ldl   -ldl  >&5
configure:13792: $? = 0
configure:13809: result: -lrt
configure:13882: checking CUDA version is acceptable for SST
configure:13908: g++ -c -g -O2  -std=c++1y -D__STDC_FORMAT_MACROS   -I/usr/include/python3.8 -I/usr/include/python3.8  -I/home/tbonato/local/sstcore-11.1.0/include/sst/core -I/home/tbonato/local/sstcore-11.1.0/include conftest.cpp >&5
conftest.cpp:50:10: fatal error: cuda.h: No such file or directory
   50 | #include "cuda.h"
      |          ^~~~~~~~
compilation terminated.
configure:13908: $? = 1
configure: failed program was:
| /* confdefs.h */
| #define PACKAGE_NAME "SST Elements Library"
| #define PACKAGE_TARNAME "sst-elements-library"
| #define PACKAGE_VERSION "11.0.0"
| #define PACKAGE_STRING "SST Elements Library 11.0.0"
| #define PACKAGE_BUGREPORT "sst@sandia.gov"
| #define PACKAGE_URL ""
| #define TIME_WITH_SYS_TIME 1
| #define STDC_HEADERS 1
| #define HAVE_SYS_TYPES_H 1
| #define HAVE_SYS_STAT_H 1
| #define HAVE_STDLIB_H 1
| #define HAVE_STRING_H 1
| #define HAVE_MEMORY_H 1
| #define HAVE_STRINGS_H 1
| #define HAVE_INTTYPES_H 1
| #define HAVE_STDINT_H 1
| #define HAVE_UNISTD_H 1
| #define HAVE_DLFCN_H 1
| #define LT_OBJDIR ".libs/"
| #define LT_MODULE_EXT ".so"
| #define LT_MODULE_PATH_VAR "LD_LIBRARY_PATH"
| #define LT_DLSEARCH_PATH "/lib64:/usr/lib64:/lib:/usr/lib:/usr/lib/x86_64-linux-gnu/libfakeroot:/usr/lib/wsl/lib:/usr/local/lib:/usr/local/lib/x86_64-linux-gnu:/lib/x86_64-linux-gnu:/usr/lib/x86_64-linux-gnu"
| #define HAVE_LIBDL 1
| #define HAVE_DLERROR 1
| #define HAVE_LIBDLLOADER 1
| #define HAVE_ARGZ_H 1
| #define HAVE_ERROR_T 1
| #define HAVE_ARGZ_ADD 1
| #define HAVE_ARGZ_APPEND 1
| #define HAVE_ARGZ_COUNT 1
| #define HAVE_ARGZ_CREATE_SEP 1
| #define HAVE_ARGZ_INSERT 1
| #define HAVE_ARGZ_NEXT 1
| #define HAVE_ARGZ_STRINGIFY 1
| #define HAVE_WORKING_ARGZ 1
| #define HAVE_PRELOADED_SYMBOLS 1
| #define HAVE_UNISTD_H 1
| #define HAVE_DIRENT_H 1
| #define HAVE_CLOSEDIR 1
| #define HAVE_OPENDIR 1
| #define HAVE_READDIR 1
| #define LT_LIBEXT "a"
| #define LT_LIBPREFIX "lib"
| #define TIME_WITH_SYS_TIME 1
| #define NVDIMMSIM_LIBDIR ""
| #define PINTOOL_EXECUTABLE ""
| #define HAVE_SHM 1
| /* end confdefs.h.  */
| #include "cuda.h"
| int
| main ()
| {
| 
|                      #if CUDA_VERSION >= 8000
|                      // Version is fine
|                      #else
|                      #  error CUDA version is too old
|                      #endif
| 
|   ;
|   return 0;
| }
| 
configure:13913: result: no
configure:14006: checking zlib.h usability
configure:14006: g++ -c -g -O2  -std=c++1y -D__STDC_FORMAT_MACROS   -I/usr/include/python3.8 -I/usr/include/python3.8  -I/home/tbonato/local/sstcore-11.1.0/include/sst/core -I/home/tbonato/local/sstcore-11.1.0/include conftest.cpp >&5
configure:14006: $? = 0
configure:14006: result: yes
configure:14006: checking zlib.h presence
configure:14006: g++ -E   -I/usr/include/python3.8 -I/usr/include/python3.8  -I/home/tbonato/local/sstcore-11.1.0/include/sst/core -I/home/tbonato/local/sstcore-11.1.0/include conftest.cpp
configure:14006: $? = 0
configure:14006: result: yes
configure:14006: checking for zlib.h
configure:14006: result: yes
configure:14021: checking for gzopen in -lz
configure:14046: gcc -o conftest -g -O2    -I/usr/include/python3.8 -I/usr/include/python3.8  -I/home/tbonato/local/sstcore-11.1.0/include/sst/core -I/home/tbonato/local/sstcore-11.1.0/include    -L/usr/lib/python3.8/config-3.8-x86_64-linux-gnu -L/usr/lib -lpython3.8 -lcrypt -lpthread -ldl  -lutil -lm -lm  conftest.c -lz  -ldl   -ldl  >&5
configure:14046: $? = 0
configure:14055: result: yes
configure:14084: checking for libz compression library
configure:14086: result: yes
configure:14140: checking for /bin/nvcc
configure:14154: result: no
configure:14179: checking for cudart_mod in 
configure:14187: result: libcudart_mod.so not found
configure:14298: checking for otf2-config
configure:14331: result: no
configure:14363: checking for OTF-2 library
configure:14365: result: no
configure:14468: checking Gem5Wrapper.h usability
configure:14468: g++ -c -g -O2  -std=c++1y -D__STDC_FORMAT_MACROS   -I/usr/include/python3.8 -I/usr/include/python3.8  -I/home/tbonato/local/sstcore-11.1.0/include/sst/core -I/home/tbonato/local/sstcore-11.1.0/include conftest.cpp >&5
conftest.cpp:84:10: fatal error: Gem5Wrapper.h: No such file or directory
   84 | #include <Gem5Wrapper.h>
      |          ^~~~~~~~~~~~~~~
compilation terminated.
configure:14468: $? = 1
configure: failed program was:
| /* confdefs.h */
| #define PACKAGE_NAME "SST Elements Library"
| #define PACKAGE_TARNAME "sst-elements-library"
| #define PACKAGE_VERSION "11.0.0"
| #define PACKAGE_STRING "SST Elements Library 11.0.0"
| #define PACKAGE_BUGREPORT "sst@sandia.gov"
| #define PACKAGE_URL ""
| #define TIME_WITH_SYS_TIME 1
| #define STDC_HEADERS 1
| #define HAVE_SYS_TYPES_H 1
| #define HAVE_SYS_STAT_H 1
| #define HAVE_STDLIB_H 1
| #define HAVE_STRING_H 1
| #define HAVE_MEMORY_H 1
| #define HAVE_STRINGS_H 1
| #define HAVE_INTTYPES_H 1
| #define HAVE_STDINT_H 1
| #define HAVE_UNISTD_H 1
| #define HAVE_DLFCN_H 1
| #define LT_OBJDIR ".libs/"
| #define LT_MODULE_EXT ".so"
| #define LT_MODULE_PATH_VAR "LD_LIBRARY_PATH"
| #define LT_DLSEARCH_PATH "/lib64:/usr/lib64:/lib:/usr/lib:/usr/lib/x86_64-linux-gnu/libfakeroot:/usr/lib/wsl/lib:/usr/local/lib:/usr/local/lib/x86_64-linux-gnu:/lib/x86_64-linux-gnu:/usr/lib/x86_64-linux-gnu"
| #define HAVE_LIBDL 1
| #define HAVE_DLERROR 1
| #define HAVE_LIBDLLOADER 1
| #define HAVE_ARGZ_H 1
| #define HAVE_ERROR_T 1
| #define HAVE_ARGZ_ADD 1
| #define HAVE_ARGZ_APPEND 1
| #define HAVE_ARGZ_COUNT 1
| #define HAVE_ARGZ_CREATE_SEP 1
| #define HAVE_ARGZ_INSERT 1
| #define HAVE_ARGZ_NEXT 1
| #define HAVE_ARGZ_STRINGIFY 1
| #define HAVE_WORKING_ARGZ 1
| #define HAVE_PRELOADED_SYMBOLS 1
| #define HAVE_UNISTD_H 1
| #define HAVE_DIRENT_H 1
| #define HAVE_CLOSEDIR 1
| #define HAVE_OPENDIR 1
| #define HAVE_READDIR 1
| #define LT_LIBEXT "a"
| #define LT_LIBPREFIX "lib"
| #define TIME_WITH_SYS_TIME 1
| #define NVDIMMSIM_LIBDIR ""
| #define PINTOOL_EXECUTABLE ""
| #define HAVE_SHM 1
| #define HAVE_LIBZ 1
| /* end confdefs.h.  */
| #include <stdio.h>
| #ifdef HAVE_SYS_TYPES_H
| # include <sys/types.h>
| #endif
| #ifdef HAVE_SYS_STAT_H
| # include <sys/stat.h>
| #endif
| #ifdef STDC_HEADERS
| # include <stdlib.h>
| # include <stddef.h>
| #else
| # ifdef HAVE_STDLIB_H
| #  include <stdlib.h>
| # endif
| #endif
| #ifdef HAVE_STRING_H
| # if !defined STDC_HEADERS && defined HAVE_MEMORY_H
| #  include <memory.h>
| # endif
| # include <string.h>
| #endif
| #ifdef HAVE_STRINGS_H
| # include <strings.h>
| #endif
| #ifdef HAVE_INTTYPES_H
| # include <inttypes.h>
| #endif
| #ifdef HAVE_STDINT_H
| # include <stdint.h>
| #endif
| #ifdef HAVE_UNISTD_H
| # include <unistd.h>
| #endif
| #include <Gem5Wrapper.h>
configure:14468: result: no
configure:14468: checking Gem5Wrapper.h presence
configure:14468: g++ -E   -I/usr/include/python3.8 -I/usr/include/python3.8  -I/home/tbonato/local/sstcore-11.1.0/include/sst/core -I/home/tbonato/local/sstcore-11.1.0/include conftest.cpp
conftest.cpp:51:10: fatal error: Gem5Wrapper.h: No such file or directory
   51 | #include <Gem5Wrapper.h>
      |          ^~~~~~~~~~~~~~~
compilation terminated.
configure:14468: $? = 1
configure: failed program was:
| /* confdefs.h */
| #define PACKAGE_NAME "SST Elements Library"
| #define PACKAGE_TARNAME "sst-elements-library"
| #define PACKAGE_VERSION "11.0.0"
| #define PACKAGE_STRING "SST Elements Library 11.0.0"
| #define PACKAGE_BUGREPORT "sst@sandia.gov"
| #define PACKAGE_URL ""
| #define TIME_WITH_SYS_TIME 1
| #define STDC_HEADERS 1
| #define HAVE_SYS_TYPES_H 1
| #define HAVE_SYS_STAT_H 1
| #define HAVE_STDLIB_H 1
| #define HAVE_STRING_H 1
| #define HAVE_MEMORY_H 1
| #define HAVE_STRINGS_H 1
| #define HAVE_INTTYPES_H 1
| #define HAVE_STDINT_H 1
| #define HAVE_UNISTD_H 1
| #define HAVE_DLFCN_H 1
| #define LT_OBJDIR ".libs/"
| #define LT_MODULE_EXT ".so"
| #define LT_MODULE_PATH_VAR "LD_LIBRARY_PATH"
| #define LT_DLSEARCH_PATH "/lib64:/usr/lib64:/lib:/usr/lib:/usr/lib/x86_64-linux-gnu/libfakeroot:/usr/lib/wsl/lib:/usr/local/lib:/usr/local/lib/x86_64-linux-gnu:/lib/x86_64-linux-gnu:/usr/lib/x86_64-linux-gnu"
| #define HAVE_LIBDL 1
| #define HAVE_DLERROR 1
| #define HAVE_LIBDLLOADER 1
| #define HAVE_ARGZ_H 1
| #define HAVE_ERROR_T 1
| #define HAVE_ARGZ_ADD 1
| #define HAVE_ARGZ_APPEND 1
| #define HAVE_ARGZ_COUNT 1
| #define HAVE_ARGZ_CREATE_SEP 1
| #define HAVE_ARGZ_INSERT 1
| #define HAVE_ARGZ_NEXT 1
| #define HAVE_ARGZ_STRINGIFY 1
| #define HAVE_WORKING_ARGZ 1
| #define HAVE_PRELOADED_SYMBOLS 1
| #define HAVE_UNISTD_H 1
| #define HAVE_DIRENT_H 1
| #define HAVE_CLOSEDIR 1
| #define HAVE_OPENDIR 1
| #define HAVE_READDIR 1
| #define LT_LIBEXT "a"
| #define LT_LIBPREFIX "lib"
| #define TIME_WITH_SYS_TIME 1
| #define NVDIMMSIM_LIBDIR ""
| #define PINTOOL_EXECUTABLE ""
| #define HAVE_SHM 1
| #define HAVE_LIBZ 1
| /* end confdefs.h.  */
| #include <Gem5Wrapper.h>
configure:14468: result: no
configure:14468: checking for Gem5Wrapper.h
configure:14468: result: no
configure:14480: checking for libramulator_is_present in -lramulator
configure:14505: g++ -o conftest -g -O2  -std=c++1y -D__STDC_FORMAT_MACROS   -I/usr/include/python3.8 -I/usr/include/python3.8  -I/home/tbonato/local/sstcore-11.1.0/include/sst/core -I/home/tbonato/local/sstcore-11.1.0/include    -L/usr/lib/python3.8/config-3.8-x86_64-linux-gnu -L/usr/lib -lpython3.8 -lcrypt -lpthread -ldl  -lutil -lm -lm  conftest.cpp -lramulator  -ldl   -ldl  >&5
/usr/bin/ld: cannot find -lramulator
collect2: error: ld returned 1 exit status
configure:14505: $? = 1
configure: failed program was:
| /* confdefs.h */
| #define PACKAGE_NAME "SST Elements Library"
| #define PACKAGE_TARNAME "sst-elements-library"
| #define PACKAGE_VERSION "11.0.0"
| #define PACKAGE_STRING "SST Elements Library 11.0.0"
| #define PACKAGE_BUGREPORT "sst@sandia.gov"
| #define PACKAGE_URL ""
| #define TIME_WITH_SYS_TIME 1
| #define STDC_HEADERS 1
| #define HAVE_SYS_TYPES_H 1
| #define HAVE_SYS_STAT_H 1
| #define HAVE_STDLIB_H 1
| #define HAVE_STRING_H 1
| #define HAVE_MEMORY_H 1
| #define HAVE_STRINGS_H 1
| #define HAVE_INTTYPES_H 1
| #define HAVE_STDINT_H 1
| #define HAVE_UNISTD_H 1
| #define HAVE_DLFCN_H 1
| #define LT_OBJDIR ".libs/"
| #define LT_MODULE_EXT ".so"
| #define LT_MODULE_PATH_VAR "LD_LIBRARY_PATH"
| #define LT_DLSEARCH_PATH "/lib64:/usr/lib64:/lib:/usr/lib:/usr/lib/x86_64-linux-gnu/libfakeroot:/usr/lib/wsl/lib:/usr/local/lib:/usr/local/lib/x86_64-linux-gnu:/lib/x86_64-linux-gnu:/usr/lib/x86_64-linux-gnu"
| #define HAVE_LIBDL 1
| #define HAVE_DLERROR 1
| #define HAVE_LIBDLLOADER 1
| #define HAVE_ARGZ_H 1
| #define HAVE_ERROR_T 1
| #define HAVE_ARGZ_ADD 1
| #define HAVE_ARGZ_APPEND 1
| #define HAVE_ARGZ_COUNT 1
| #define HAVE_ARGZ_CREATE_SEP 1
| #define HAVE_ARGZ_INSERT 1
| #define HAVE_ARGZ_NEXT 1
| #define HAVE_ARGZ_STRINGIFY 1
| #define HAVE_WORKING_ARGZ 1
| #define HAVE_PRELOADED_SYMBOLS 1
| #define HAVE_UNISTD_H 1
| #define HAVE_DIRENT_H 1
| #define HAVE_CLOSEDIR 1
| #define HAVE_OPENDIR 1
| #define HAVE_READDIR 1
| #define LT_LIBEXT "a"
| #define LT_LIBPREFIX "lib"
| #define TIME_WITH_SYS_TIME 1
| #define NVDIMMSIM_LIBDIR ""
| #define PINTOOL_EXECUTABLE ""
| #define HAVE_SHM 1
| #define HAVE_LIBZ 1
| /* end confdefs.h.  */
| 
| /* Override any GCC internal prototype to avoid an error.
|    Use char because int might match the return type of a GCC
|    builtin and then its argument prototype would still apply.  */
| #ifdef __cplusplus
| extern "C"
| #endif
| char libramulator_is_present ();
| int
| main ()
| {
| return libramulator_is_present ();
|   ;
|   return 0;
| }
configure:14514: result: no
configure:14599: checking DRAMSim.h usability
configure:14599: g++ -c -g -O2  -std=c++1y -D__STDC_FORMAT_MACROS   -I/usr/include/python3.8 -I/usr/include/python3.8  -I/home/tbonato/local/sstcore-11.1.0/include/sst/core -I/home/tbonato/local/sstcore-11.1.0/include conftest.cpp >&5
conftest.cpp:85:10: fatal error: DRAMSim.h: No such file or directory
   85 | #include <DRAMSim.h>
      |          ^~~~~~~~~~~
compilation terminated.
configure:14599: $? = 1
configure: failed program was:
| /* confdefs.h */
| #define PACKAGE_NAME "SST Elements Library"
| #define PACKAGE_TARNAME "sst-elements-library"
| #define PACKAGE_VERSION "11.0.0"
| #define PACKAGE_STRING "SST Elements Library 11.0.0"
| #define PACKAGE_BUGREPORT "sst@sandia.gov"
| #define PACKAGE_URL ""
| #define TIME_WITH_SYS_TIME 1
| #define STDC_HEADERS 1
| #define HAVE_SYS_TYPES_H 1
| #define HAVE_SYS_STAT_H 1
| #define HAVE_STDLIB_H 1
| #define HAVE_STRING_H 1
| #define HAVE_MEMORY_H 1
| #define HAVE_STRINGS_H 1
| #define HAVE_INTTYPES_H 1
| #define HAVE_STDINT_H 1
| #define HAVE_UNISTD_H 1
| #define HAVE_DLFCN_H 1
| #define LT_OBJDIR ".libs/"
| #define LT_MODULE_EXT ".so"
| #define LT_MODULE_PATH_VAR "LD_LIBRARY_PATH"
| #define LT_DLSEARCH_PATH "/lib64:/usr/lib64:/lib:/usr/lib:/usr/lib/x86_64-linux-gnu/libfakeroot:/usr/lib/wsl/lib:/usr/local/lib:/usr/local/lib/x86_64-linux-gnu:/lib/x86_64-linux-gnu:/usr/lib/x86_64-linux-gnu"
| #define HAVE_LIBDL 1
| #define HAVE_DLERROR 1
| #define HAVE_LIBDLLOADER 1
| #define HAVE_ARGZ_H 1
| #define HAVE_ERROR_T 1
| #define HAVE_ARGZ_ADD 1
| #define HAVE_ARGZ_APPEND 1
| #define HAVE_ARGZ_COUNT 1
| #define HAVE_ARGZ_CREATE_SEP 1
| #define HAVE_ARGZ_INSERT 1
| #define HAVE_ARGZ_NEXT 1
| #define HAVE_ARGZ_STRINGIFY 1
| #define HAVE_WORKING_ARGZ 1
| #define HAVE_PRELOADED_SYMBOLS 1
| #define HAVE_UNISTD_H 1
| #define HAVE_DIRENT_H 1
| #define HAVE_CLOSEDIR 1
| #define HAVE_OPENDIR 1
| #define HAVE_READDIR 1
| #define LT_LIBEXT "a"
| #define LT_LIBPREFIX "lib"
| #define TIME_WITH_SYS_TIME 1
| #define NVDIMMSIM_LIBDIR ""
| #define PINTOOL_EXECUTABLE ""
| #define HAVE_SHM 1
| #define HAVE_LIBZ 1
| #define RAMULATOR_LIBDIR ""
| /* end confdefs.h.  */
| #include <stdio.h>
| #ifdef HAVE_SYS_TYPES_H
| # include <sys/types.h>
| #endif
| #ifdef HAVE_SYS_STAT_H
| # include <sys/stat.h>
| #endif
| #ifdef STDC_HEADERS
| # include <stdlib.h>
| # include <stddef.h>
| #else
| # ifdef HAVE_STDLIB_H
| #  include <stdlib.h>
| # endif
| #endif
| #ifdef HAVE_STRING_H
| # if !defined STDC_HEADERS && defined HAVE_MEMORY_H
| #  include <memory.h>
| # endif
| # include <string.h>
| #endif
| #ifdef HAVE_STRINGS_H
| # include <strings.h>
| #endif
| #ifdef HAVE_INTTYPES_H
| # include <inttypes.h>
| #endif
| #ifdef HAVE_STDINT_H
| # include <stdint.h>
| #endif
| #ifdef HAVE_UNISTD_H
| # include <unistd.h>
| #endif
| #include <DRAMSim.h>
configure:14599: result: no
configure:14599: checking DRAMSim.h presence
configure:14599: g++ -E   -I/usr/include/python3.8 -I/usr/include/python3.8  -I/home/tbonato/local/sstcore-11.1.0/include/sst/core -I/home/tbonato/local/sstcore-11.1.0/include conftest.cpp
conftest.cpp:52:10: fatal error: DRAMSim.h: No such file or directory
   52 | #include <DRAMSim.h>
      |          ^~~~~~~~~~~
compilation terminated.
configure:14599: $? = 1
configure: failed program was:
| /* confdefs.h */
| #define PACKAGE_NAME "SST Elements Library"
| #define PACKAGE_TARNAME "sst-elements-library"
| #define PACKAGE_VERSION "11.0.0"
| #define PACKAGE_STRING "SST Elements Library 11.0.0"
| #define PACKAGE_BUGREPORT "sst@sandia.gov"
| #define PACKAGE_URL ""
| #define TIME_WITH_SYS_TIME 1
| #define STDC_HEADERS 1
| #define HAVE_SYS_TYPES_H 1
| #define HAVE_SYS_STAT_H 1
| #define HAVE_STDLIB_H 1
| #define HAVE_STRING_H 1
| #define HAVE_MEMORY_H 1
| #define HAVE_STRINGS_H 1
| #define HAVE_INTTYPES_H 1
| #define HAVE_STDINT_H 1
| #define HAVE_UNISTD_H 1
| #define HAVE_DLFCN_H 1
| #define LT_OBJDIR ".libs/"
| #define LT_MODULE_EXT ".so"
| #define LT_MODULE_PATH_VAR "LD_LIBRARY_PATH"
| #define LT_DLSEARCH_PATH "/lib64:/usr/lib64:/lib:/usr/lib:/usr/lib/x86_64-linux-gnu/libfakeroot:/usr/lib/wsl/lib:/usr/local/lib:/usr/local/lib/x86_64-linux-gnu:/lib/x86_64-linux-gnu:/usr/lib/x86_64-linux-gnu"
| #define HAVE_LIBDL 1
| #define HAVE_DLERROR 1
| #define HAVE_LIBDLLOADER 1
| #define HAVE_ARGZ_H 1
| #define HAVE_ERROR_T 1
| #define HAVE_ARGZ_ADD 1
| #define HAVE_ARGZ_APPEND 1
| #define HAVE_ARGZ_COUNT 1
| #define HAVE_ARGZ_CREATE_SEP 1
| #define HAVE_ARGZ_INSERT 1
| #define HAVE_ARGZ_NEXT 1
| #define HAVE_ARGZ_STRINGIFY 1
| #define HAVE_WORKING_ARGZ 1
| #define HAVE_PRELOADED_SYMBOLS 1
| #define HAVE_UNISTD_H 1
| #define HAVE_DIRENT_H 1
| #define HAVE_CLOSEDIR 1
| #define HAVE_OPENDIR 1
| #define HAVE_READDIR 1
| #define LT_LIBEXT "a"
| #define LT_LIBPREFIX "lib"
| #define TIME_WITH_SYS_TIME 1
| #define NVDIMMSIM_LIBDIR ""
| #define PINTOOL_EXECUTABLE ""
| #define HAVE_SHM 1
| #define HAVE_LIBZ 1
| #define RAMULATOR_LIBDIR ""
| /* end confdefs.h.  */
| #include <DRAMSim.h>
configure:14599: result: no
configure:14599: checking for DRAMSim.h
configure:14599: result: no
configure:14611: checking for libdramsim_is_present in -ldramsim
configure:14636: g++ -o conftest -g -O2  -std=c++1y -D__STDC_FORMAT_MACROS   -I/usr/include/python3.8 -I/usr/include/python3.8  -I/home/tbonato/local/sstcore-11.1.0/include/sst/core -I/home/tbonato/local/sstcore-11.1.0/include    -L/usr/lib/python3.8/config-3.8-x86_64-linux-gnu -L/usr/lib -lpython3.8 -lcrypt -lpthread -ldl  -lutil -lm -lm  conftest.cpp -ldramsim  -ldl   -ldl  >&5
/usr/bin/ld: cannot find -ldramsim
collect2: error: ld returned 1 exit status
configure:14636: $? = 1
configure: failed program was:
| /* confdefs.h */
| #define PACKAGE_NAME "SST Elements Library"
| #define PACKAGE_TARNAME "sst-elements-library"
| #define PACKAGE_VERSION "11.0.0"
| #define PACKAGE_STRING "SST Elements Library 11.0.0"
| #define PACKAGE_BUGREPORT "sst@sandia.gov"
| #define PACKAGE_URL ""
| #define TIME_WITH_SYS_TIME 1
| #define STDC_HEADERS 1
| #define HAVE_SYS_TYPES_H 1
| #define HAVE_SYS_STAT_H 1
| #define HAVE_STDLIB_H 1
| #define HAVE_STRING_H 1
| #define HAVE_MEMORY_H 1
| #define HAVE_STRINGS_H 1
| #define HAVE_INTTYPES_H 1
| #define HAVE_STDINT_H 1
| #define HAVE_UNISTD_H 1
| #define HAVE_DLFCN_H 1
| #define LT_OBJDIR ".libs/"
| #define LT_MODULE_EXT ".so"
| #define LT_MODULE_PATH_VAR "LD_LIBRARY_PATH"
| #define LT_DLSEARCH_PATH "/lib64:/usr/lib64:/lib:/usr/lib:/usr/lib/x86_64-linux-gnu/libfakeroot:/usr/lib/wsl/lib:/usr/local/lib:/usr/local/lib/x86_64-linux-gnu:/lib/x86_64-linux-gnu:/usr/lib/x86_64-linux-gnu"
| #define HAVE_LIBDL 1
| #define HAVE_DLERROR 1
| #define HAVE_LIBDLLOADER 1
| #define HAVE_ARGZ_H 1
| #define HAVE_ERROR_T 1
| #define HAVE_ARGZ_ADD 1
| #define HAVE_ARGZ_APPEND 1
| #define HAVE_ARGZ_COUNT 1
| #define HAVE_ARGZ_CREATE_SEP 1
| #define HAVE_ARGZ_INSERT 1
| #define HAVE_ARGZ_NEXT 1
| #define HAVE_ARGZ_STRINGIFY 1
| #define HAVE_WORKING_ARGZ 1
| #define HAVE_PRELOADED_SYMBOLS 1
| #define HAVE_UNISTD_H 1
| #define HAVE_DIRENT_H 1
| #define HAVE_CLOSEDIR 1
| #define HAVE_OPENDIR 1
| #define HAVE_READDIR 1
| #define LT_LIBEXT "a"
| #define LT_LIBPREFIX "lib"
| #define TIME_WITH_SYS_TIME 1
| #define NVDIMMSIM_LIBDIR ""
| #define PINTOOL_EXECUTABLE ""
| #define HAVE_SHM 1
| #define HAVE_LIBZ 1
| #define RAMULATOR_LIBDIR ""
| /* end confdefs.h.  */
| 
| /* Override any GCC internal prototype to avoid an error.
|    Use char because int might match the return type of a GCC
|    builtin and then its argument prototype would still apply.  */
| #ifdef __cplusplus
| extern "C"
| #endif
| char libdramsim_is_present ();
| int
| main ()
| {
| return libdramsim_is_present ();
|   ;
|   return 0;
| }
configure:14645: result: no
configure:14730: checking dramsim3.h usability
configure:14730: g++ -c -g -O2  -std=c++1y -D__STDC_FORMAT_MACROS   -I/usr/include/python3.8 -I/usr/include/python3.8  -I/home/tbonato/local/sstcore-11.1.0/include/sst/core -I/home/tbonato/local/sstcore-11.1.0/include conftest.cpp >&5
conftest.cpp:86:10: fatal error: dramsim3.h: No such file or directory
   86 | #include <dramsim3.h>
      |          ^~~~~~~~~~~~
compilation terminated.
configure:14730: $? = 1
configure: failed program was:
| /* confdefs.h */
| #define PACKAGE_NAME "SST Elements Library"
| #define PACKAGE_TARNAME "sst-elements-library"
| #define PACKAGE_VERSION "11.0.0"
| #define PACKAGE_STRING "SST Elements Library 11.0.0"
| #define PACKAGE_BUGREPORT "sst@sandia.gov"
| #define PACKAGE_URL ""
| #define TIME_WITH_SYS_TIME 1
| #define STDC_HEADERS 1
| #define HAVE_SYS_TYPES_H 1
| #define HAVE_SYS_STAT_H 1
| #define HAVE_STDLIB_H 1
| #define HAVE_STRING_H 1
| #define HAVE_MEMORY_H 1
| #define HAVE_STRINGS_H 1
| #define HAVE_INTTYPES_H 1
| #define HAVE_STDINT_H 1
| #define HAVE_UNISTD_H 1
| #define HAVE_DLFCN_H 1
| #define LT_OBJDIR ".libs/"
| #define LT_MODULE_EXT ".so"
| #define LT_MODULE_PATH_VAR "LD_LIBRARY_PATH"
| #define LT_DLSEARCH_PATH "/lib64:/usr/lib64:/lib:/usr/lib:/usr/lib/x86_64-linux-gnu/libfakeroot:/usr/lib/wsl/lib:/usr/local/lib:/usr/local/lib/x86_64-linux-gnu:/lib/x86_64-linux-gnu:/usr/lib/x86_64-linux-gnu"
| #define HAVE_LIBDL 1
| #define HAVE_DLERROR 1
| #define HAVE_LIBDLLOADER 1
| #define HAVE_ARGZ_H 1
| #define HAVE_ERROR_T 1
| #define HAVE_ARGZ_ADD 1
| #define HAVE_ARGZ_APPEND 1
| #define HAVE_ARGZ_COUNT 1
| #define HAVE_ARGZ_CREATE_SEP 1
| #define HAVE_ARGZ_INSERT 1
| #define HAVE_ARGZ_NEXT 1
| #define HAVE_ARGZ_STRINGIFY 1
| #define HAVE_WORKING_ARGZ 1
| #define HAVE_PRELOADED_SYMBOLS 1
| #define HAVE_UNISTD_H 1
| #define HAVE_DIRENT_H 1
| #define HAVE_CLOSEDIR 1
| #define HAVE_OPENDIR 1
| #define HAVE_READDIR 1
| #define LT_LIBEXT "a"
| #define LT_LIBPREFIX "lib"
| #define TIME_WITH_SYS_TIME 1
| #define NVDIMMSIM_LIBDIR ""
| #define PINTOOL_EXECUTABLE ""
| #define HAVE_SHM 1
| #define HAVE_LIBZ 1
| #define RAMULATOR_LIBDIR ""
| #define DRAMSIM_LIBDIR ""
| /* end confdefs.h.  */
| #include <stdio.h>
| #ifdef HAVE_SYS_TYPES_H
| # include <sys/types.h>
| #endif
| #ifdef HAVE_SYS_STAT_H
| # include <sys/stat.h>
| #endif
| #ifdef STDC_HEADERS
| # include <stdlib.h>
| # include <stddef.h>
| #else
| # ifdef HAVE_STDLIB_H
| #  include <stdlib.h>
| # endif
| #endif
| #ifdef HAVE_STRING_H
| # if !defined STDC_HEADERS && defined HAVE_MEMORY_H
| #  include <memory.h>
| # endif
| # include <string.h>
| #endif
| #ifdef HAVE_STRINGS_H
| # include <strings.h>
| #endif
| #ifdef HAVE_INTTYPES_H
| # include <inttypes.h>
| #endif
| #ifdef HAVE_STDINT_H
| # include <stdint.h>
| #endif
| #ifdef HAVE_UNISTD_H
| # include <unistd.h>
| #endif
| #include <dramsim3.h>
configure:14730: result: no
configure:14730: checking dramsim3.h presence
configure:14730: g++ -E   -I/usr/include/python3.8 -I/usr/include/python3.8  -I/home/tbonato/local/sstcore-11.1.0/include/sst/core -I/home/tbonato/local/sstcore-11.1.0/include conftest.cpp
conftest.cpp:53:10: fatal error: dramsim3.h: No such file or directory
   53 | #include <dramsim3.h>
      |          ^~~~~~~~~~~~
compilation terminated.
configure:14730: $? = 1
configure: failed program was:
| /* confdefs.h */
| #define PACKAGE_NAME "SST Elements Library"
| #define PACKAGE_TARNAME "sst-elements-library"
| #define PACKAGE_VERSION "11.0.0"
| #define PACKAGE_STRING "SST Elements Library 11.0.0"
| #define PACKAGE_BUGREPORT "sst@sandia.gov"
| #define PACKAGE_URL ""
| #define TIME_WITH_SYS_TIME 1
| #define STDC_HEADERS 1
| #define HAVE_SYS_TYPES_H 1
| #define HAVE_SYS_STAT_H 1
| #define HAVE_STDLIB_H 1
| #define HAVE_STRING_H 1
| #define HAVE_MEMORY_H 1
| #define HAVE_STRINGS_H 1
| #define HAVE_INTTYPES_H 1
| #define HAVE_STDINT_H 1
| #define HAVE_UNISTD_H 1
| #define HAVE_DLFCN_H 1
| #define LT_OBJDIR ".libs/"
| #define LT_MODULE_EXT ".so"
| #define LT_MODULE_PATH_VAR "LD_LIBRARY_PATH"
| #define LT_DLSEARCH_PATH "/lib64:/usr/lib64:/lib:/usr/lib:/usr/lib/x86_64-linux-gnu/libfakeroot:/usr/lib/wsl/lib:/usr/local/lib:/usr/local/lib/x86_64-linux-gnu:/lib/x86_64-linux-gnu:/usr/lib/x86_64-linux-gnu"
| #define HAVE_LIBDL 1
| #define HAVE_DLERROR 1
| #define HAVE_LIBDLLOADER 1
| #define HAVE_ARGZ_H 1
| #define HAVE_ERROR_T 1
| #define HAVE_ARGZ_ADD 1
| #define HAVE_ARGZ_APPEND 1
| #define HAVE_ARGZ_COUNT 1
| #define HAVE_ARGZ_CREATE_SEP 1
| #define HAVE_ARGZ_INSERT 1
| #define HAVE_ARGZ_NEXT 1
| #define HAVE_ARGZ_STRINGIFY 1
| #define HAVE_WORKING_ARGZ 1
| #define HAVE_PRELOADED_SYMBOLS 1
| #define HAVE_UNISTD_H 1
| #define HAVE_DIRENT_H 1
| #define HAVE_CLOSEDIR 1
| #define HAVE_OPENDIR 1
| #define HAVE_READDIR 1
| #define LT_LIBEXT "a"
| #define LT_LIBPREFIX "lib"
| #define TIME_WITH_SYS_TIME 1
| #define NVDIMMSIM_LIBDIR ""
| #define PINTOOL_EXECUTABLE ""
| #define HAVE_SHM 1
| #define HAVE_LIBZ 1
| #define RAMULATOR_LIBDIR ""
| #define DRAMSIM_LIBDIR ""
| /* end confdefs.h.  */
| #include <dramsim3.h>
configure:14730: result: no
configure:14730: checking for dramsim3.h
configure:14730: result: no
configure:14742: checking for libdramsim3_is_present in -ldramsim3
configure:14767: g++ -o conftest -g -O2  -std=c++1y -D__STDC_FORMAT_MACROS   -I/usr/include/python3.8 -I/usr/include/python3.8  -I/home/tbonato/local/sstcore-11.1.0/include/sst/core -I/home/tbonato/local/sstcore-11.1.0/include    -L/usr/lib/python3.8/config-3.8-x86_64-linux-gnu -L/usr/lib -lpython3.8 -lcrypt -lpthread -ldl  -lutil -lm -lm  conftest.cpp -ldramsim3  -ldl   -ldl  >&5
/usr/bin/ld: cannot find -ldramsim3
collect2: error: ld returned 1 exit status
configure:14767: $? = 1
configure: failed program was:
| /* confdefs.h */
| #define PACKAGE_NAME "SST Elements Library"
| #define PACKAGE_TARNAME "sst-elements-library"
| #define PACKAGE_VERSION "11.0.0"
| #define PACKAGE_STRING "SST Elements Library 11.0.0"
| #define PACKAGE_BUGREPORT "sst@sandia.gov"
| #define PACKAGE_URL ""
| #define TIME_WITH_SYS_TIME 1
| #define STDC_HEADERS 1
| #define HAVE_SYS_TYPES_H 1
| #define HAVE_SYS_STAT_H 1
| #define HAVE_STDLIB_H 1
| #define HAVE_STRING_H 1
| #define HAVE_MEMORY_H 1
| #define HAVE_STRINGS_H 1
| #define HAVE_INTTYPES_H 1
| #define HAVE_STDINT_H 1
| #define HAVE_UNISTD_H 1
| #define HAVE_DLFCN_H 1
| #define LT_OBJDIR ".libs/"
| #define LT_MODULE_EXT ".so"
| #define LT_MODULE_PATH_VAR "LD_LIBRARY_PATH"
| #define LT_DLSEARCH_PATH "/lib64:/usr/lib64:/lib:/usr/lib:/usr/lib/x86_64-linux-gnu/libfakeroot:/usr/lib/wsl/lib:/usr/local/lib:/usr/local/lib/x86_64-linux-gnu:/lib/x86_64-linux-gnu:/usr/lib/x86_64-linux-gnu"
| #define HAVE_LIBDL 1
| #define HAVE_DLERROR 1
| #define HAVE_LIBDLLOADER 1
| #define HAVE_ARGZ_H 1
| #define HAVE_ERROR_T 1
| #define HAVE_ARGZ_ADD 1
| #define HAVE_ARGZ_APPEND 1
| #define HAVE_ARGZ_COUNT 1
| #define HAVE_ARGZ_CREATE_SEP 1
| #define HAVE_ARGZ_INSERT 1
| #define HAVE_ARGZ_NEXT 1
| #define HAVE_ARGZ_STRINGIFY 1
| #define HAVE_WORKING_ARGZ 1
| #define HAVE_PRELOADED_SYMBOLS 1
| #define HAVE_UNISTD_H 1
| #define HAVE_DIRENT_H 1
| #define HAVE_CLOSEDIR 1
| #define HAVE_OPENDIR 1
| #define HAVE_READDIR 1
| #define LT_LIBEXT "a"
| #define LT_LIBPREFIX "lib"
| #define TIME_WITH_SYS_TIME 1
| #define NVDIMMSIM_LIBDIR ""
| #define PINTOOL_EXECUTABLE ""
| #define HAVE_SHM 1
| #define HAVE_LIBZ 1
| #define RAMULATOR_LIBDIR ""
| #define DRAMSIM_LIBDIR ""
| /* end confdefs.h.  */
| 
| /* Override any GCC internal prototype to avoid an error.
|    Use char because int might match the return type of a GCC
|    builtin and then its argument prototype would still apply.  */
| #ifdef __cplusplus
| extern "C"
| #endif
| char libdramsim3_is_present ();
| int
| main ()
| {
| return libdramsim3_is_present ();
|   ;
|   return 0;
| }
configure:14776: result: no
configure:14861: checking HBMDRAMSim.h usability
configure:14861: g++ -c -g -O2  -std=c++1y -D__STDC_FORMAT_MACROS   -I/usr/include/python3.8 -I/usr/include/python3.8  -I/home/tbonato/local/sstcore-11.1.0/include/sst/core -I/home/tbonato/local/sstcore-11.1.0/include conftest.cpp >&5
conftest.cpp:87:10: fatal error: HBMDRAMSim.h: No such file or directory
   87 | #include <HBMDRAMSim.h>
      |          ^~~~~~~~~~~~~~
compilation terminated.
configure:14861: $? = 1
configure: failed program was:
| /* confdefs.h */
| #define PACKAGE_NAME "SST Elements Library"
| #define PACKAGE_TARNAME "sst-elements-library"
| #define PACKAGE_VERSION "11.0.0"
| #define PACKAGE_STRING "SST Elements Library 11.0.0"
| #define PACKAGE_BUGREPORT "sst@sandia.gov"
| #define PACKAGE_URL ""
| #define TIME_WITH_SYS_TIME 1
| #define STDC_HEADERS 1
| #define HAVE_SYS_TYPES_H 1
| #define HAVE_SYS_STAT_H 1
| #define HAVE_STDLIB_H 1
| #define HAVE_STRING_H 1
| #define HAVE_MEMORY_H 1
| #define HAVE_STRINGS_H 1
| #define HAVE_INTTYPES_H 1
| #define HAVE_STDINT_H 1
| #define HAVE_UNISTD_H 1
| #define HAVE_DLFCN_H 1
| #define LT_OBJDIR ".libs/"
| #define LT_MODULE_EXT ".so"
| #define LT_MODULE_PATH_VAR "LD_LIBRARY_PATH"
| #define LT_DLSEARCH_PATH "/lib64:/usr/lib64:/lib:/usr/lib:/usr/lib/x86_64-linux-gnu/libfakeroot:/usr/lib/wsl/lib:/usr/local/lib:/usr/local/lib/x86_64-linux-gnu:/lib/x86_64-linux-gnu:/usr/lib/x86_64-linux-gnu"
| #define HAVE_LIBDL 1
| #define HAVE_DLERROR 1
| #define HAVE_LIBDLLOADER 1
| #define HAVE_ARGZ_H 1
| #define HAVE_ERROR_T 1
| #define HAVE_ARGZ_ADD 1
| #define HAVE_ARGZ_APPEND 1
| #define HAVE_ARGZ_COUNT 1
| #define HAVE_ARGZ_CREATE_SEP 1
| #define HAVE_ARGZ_INSERT 1
| #define HAVE_ARGZ_NEXT 1
| #define HAVE_ARGZ_STRINGIFY 1
| #define HAVE_WORKING_ARGZ 1
| #define HAVE_PRELOADED_SYMBOLS 1
| #define HAVE_UNISTD_H 1
| #define HAVE_DIRENT_H 1
| #define HAVE_CLOSEDIR 1
| #define HAVE_OPENDIR 1
| #define HAVE_READDIR 1
| #define LT_LIBEXT "a"
| #define LT_LIBPREFIX "lib"
| #define TIME_WITH_SYS_TIME 1
| #define NVDIMMSIM_LIBDIR ""
| #define PINTOOL_EXECUTABLE ""
| #define HAVE_SHM 1
| #define HAVE_LIBZ 1
| #define RAMULATOR_LIBDIR ""
| #define DRAMSIM_LIBDIR ""
| #define DRAMSIM3_LIBDIR ""
| /* end confdefs.h.  */
| #include <stdio.h>
| #ifdef HAVE_SYS_TYPES_H
| # include <sys/types.h>
| #endif
| #ifdef HAVE_SYS_STAT_H
| # include <sys/stat.h>
| #endif
| #ifdef STDC_HEADERS
| # include <stdlib.h>
| # include <stddef.h>
| #else
| # ifdef HAVE_STDLIB_H
| #  include <stdlib.h>
| # endif
| #endif
| #ifdef HAVE_STRING_H
| # if !defined STDC_HEADERS && defined HAVE_MEMORY_H
| #  include <memory.h>
| # endif
| # include <string.h>
| #endif
| #ifdef HAVE_STRINGS_H
| # include <strings.h>
| #endif
| #ifdef HAVE_INTTYPES_H
| # include <inttypes.h>
| #endif
| #ifdef HAVE_STDINT_H
| # include <stdint.h>
| #endif
| #ifdef HAVE_UNISTD_H
| # include <unistd.h>
| #endif
| #include <HBMDRAMSim.h>
configure:14861: result: no
configure:14861: checking HBMDRAMSim.h presence
configure:14861: g++ -E   -I/usr/include/python3.8 -I/usr/include/python3.8  -I/home/tbonato/local/sstcore-11.1.0/include/sst/core -I/home/tbonato/local/sstcore-11.1.0/include conftest.cpp
conftest.cpp:54:10: fatal error: HBMDRAMSim.h: No such file or directory
   54 | #include <HBMDRAMSim.h>
      |          ^~~~~~~~~~~~~~
compilation terminated.
configure:14861: $? = 1
configure: failed program was:
| /* confdefs.h */
| #define PACKAGE_NAME "SST Elements Library"
| #define PACKAGE_TARNAME "sst-elements-library"
| #define PACKAGE_VERSION "11.0.0"
| #define PACKAGE_STRING "SST Elements Library 11.0.0"
| #define PACKAGE_BUGREPORT "sst@sandia.gov"
| #define PACKAGE_URL ""
| #define TIME_WITH_SYS_TIME 1
| #define STDC_HEADERS 1
| #define HAVE_SYS_TYPES_H 1
| #define HAVE_SYS_STAT_H 1
| #define HAVE_STDLIB_H 1
| #define HAVE_STRING_H 1
| #define HAVE_MEMORY_H 1
| #define HAVE_STRINGS_H 1
| #define HAVE_INTTYPES_H 1
| #define HAVE_STDINT_H 1
| #define HAVE_UNISTD_H 1
| #define HAVE_DLFCN_H 1
| #define LT_OBJDIR ".libs/"
| #define LT_MODULE_EXT ".so"
| #define LT_MODULE_PATH_VAR "LD_LIBRARY_PATH"
| #define LT_DLSEARCH_PATH "/lib64:/usr/lib64:/lib:/usr/lib:/usr/lib/x86_64-linux-gnu/libfakeroot:/usr/lib/wsl/lib:/usr/local/lib:/usr/local/lib/x86_64-linux-gnu:/lib/x86_64-linux-gnu:/usr/lib/x86_64-linux-gnu"
| #define HAVE_LIBDL 1
| #define HAVE_DLERROR 1
| #define HAVE_LIBDLLOADER 1
| #define HAVE_ARGZ_H 1
| #define HAVE_ERROR_T 1
| #define HAVE_ARGZ_ADD 1
| #define HAVE_ARGZ_APPEND 1
| #define HAVE_ARGZ_COUNT 1
| #define HAVE_ARGZ_CREATE_SEP 1
| #define HAVE_ARGZ_INSERT 1
| #define HAVE_ARGZ_NEXT 1
| #define HAVE_ARGZ_STRINGIFY 1
| #define HAVE_WORKING_ARGZ 1
| #define HAVE_PRELOADED_SYMBOLS 1
| #define HAVE_UNISTD_H 1
| #define HAVE_DIRENT_H 1
| #define HAVE_CLOSEDIR 1
| #define HAVE_OPENDIR 1
| #define HAVE_READDIR 1
| #define LT_LIBEXT "a"
| #define LT_LIBPREFIX "lib"
| #define TIME_WITH_SYS_TIME 1
| #define NVDIMMSIM_LIBDIR ""
| #define PINTOOL_EXECUTABLE ""
| #define HAVE_SHM 1
| #define HAVE_LIBZ 1
| #define RAMULATOR_LIBDIR ""
| #define DRAMSIM_LIBDIR ""
| #define DRAMSIM3_LIBDIR ""
| /* end confdefs.h.  */
| #include <HBMDRAMSim.h>
configure:14861: result: no
configure:14861: checking for HBMDRAMSim.h
configure:14861: result: no
configure:14873: checking for libhbmdramsim_is_present in -lhbmdramsim
configure:14898: g++ -o conftest -g -O2  -std=c++1y -D__STDC_FORMAT_MACROS   -I/usr/include/python3.8 -I/usr/include/python3.8  -I/home/tbonato/local/sstcore-11.1.0/include/sst/core -I/home/tbonato/local/sstcore-11.1.0/include    -L/usr/lib/python3.8/config-3.8-x86_64-linux-gnu -L/usr/lib -lpython3.8 -lcrypt -lpthread -ldl  -lutil -lm -lm  conftest.cpp -lhbmdramsim  -ldl   -ldl  >&5
/usr/bin/ld: cannot find -lhbmdramsim
collect2: error: ld returned 1 exit status
configure:14898: $? = 1
configure: failed program was:
| /* confdefs.h */
| #define PACKAGE_NAME "SST Elements Library"
| #define PACKAGE_TARNAME "sst-elements-library"
| #define PACKAGE_VERSION "11.0.0"
| #define PACKAGE_STRING "SST Elements Library 11.0.0"
| #define PACKAGE_BUGREPORT "sst@sandia.gov"
| #define PACKAGE_URL ""
| #define TIME_WITH_SYS_TIME 1
| #define STDC_HEADERS 1
| #define HAVE_SYS_TYPES_H 1
| #define HAVE_SYS_STAT_H 1
| #define HAVE_STDLIB_H 1
| #define HAVE_STRING_H 1
| #define HAVE_MEMORY_H 1
| #define HAVE_STRINGS_H 1
| #define HAVE_INTTYPES_H 1
| #define HAVE_STDINT_H 1
| #define HAVE_UNISTD_H 1
| #define HAVE_DLFCN_H 1
| #define LT_OBJDIR ".libs/"
| #define LT_MODULE_EXT ".so"
| #define LT_MODULE_PATH_VAR "LD_LIBRARY_PATH"
| #define LT_DLSEARCH_PATH "/lib64:/usr/lib64:/lib:/usr/lib:/usr/lib/x86_64-linux-gnu/libfakeroot:/usr/lib/wsl/lib:/usr/local/lib:/usr/local/lib/x86_64-linux-gnu:/lib/x86_64-linux-gnu:/usr/lib/x86_64-linux-gnu"
| #define HAVE_LIBDL 1
| #define HAVE_DLERROR 1
| #define HAVE_LIBDLLOADER 1
| #define HAVE_ARGZ_H 1
| #define HAVE_ERROR_T 1
| #define HAVE_ARGZ_ADD 1
| #define HAVE_ARGZ_APPEND 1
| #define HAVE_ARGZ_COUNT 1
| #define HAVE_ARGZ_CREATE_SEP 1
| #define HAVE_ARGZ_INSERT 1
| #define HAVE_ARGZ_NEXT 1
| #define HAVE_ARGZ_STRINGIFY 1
| #define HAVE_WORKING_ARGZ 1
| #define HAVE_PRELOADED_SYMBOLS 1
| #define HAVE_UNISTD_H 1
| #define HAVE_DIRENT_H 1
| #define HAVE_CLOSEDIR 1
| #define HAVE_OPENDIR 1
| #define HAVE_READDIR 1
| #define LT_LIBEXT "a"
| #define LT_LIBPREFIX "lib"
| #define TIME_WITH_SYS_TIME 1
| #define NVDIMMSIM_LIBDIR ""
| #define PINTOOL_EXECUTABLE ""
| #define HAVE_SHM 1
| #define HAVE_LIBZ 1
| #define RAMULATOR_LIBDIR ""
| #define DRAMSIM_LIBDIR ""
| #define DRAMSIM3_LIBDIR ""
| /* end confdefs.h.  */
| 
| /* Override any GCC internal prototype to avoid an error.
|    Use char because int might match the return type of a GCC
|    builtin and then its argument prototype would still apply.  */
| #ifdef __cplusplus
| extern "C"
| #endif
| char libhbmdramsim_is_present ();
| int
| main ()
| {
| return libhbmdramsim_is_present ();
|   ;
|   return 0;
| }
configure:14907: result: no
configure:14992: checking HybridSim.h usability
configure:14992: g++ -c -g -O2  -std=c++1y -D__STDC_FORMAT_MACROS   -I/usr/include/python3.8 -I/usr/include/python3.8  -I/home/tbonato/local/sstcore-11.1.0/include/sst/core -I/home/tbonato/local/sstcore-11.1.0/include conftest.cpp >&5
conftest.cpp:88:10: fatal error: HybridSim.h: No such file or directory
   88 | #include <HybridSim.h>
      |          ^~~~~~~~~~~~~
compilation terminated.
configure:14992: $? = 1
configure: failed program was:
| /* confdefs.h */
| #define PACKAGE_NAME "SST Elements Library"
| #define PACKAGE_TARNAME "sst-elements-library"
| #define PACKAGE_VERSION "11.0.0"
| #define PACKAGE_STRING "SST Elements Library 11.0.0"
| #define PACKAGE_BUGREPORT "sst@sandia.gov"
| #define PACKAGE_URL ""
| #define TIME_WITH_SYS_TIME 1
| #define STDC_HEADERS 1
| #define HAVE_SYS_TYPES_H 1
| #define HAVE_SYS_STAT_H 1
| #define HAVE_STDLIB_H 1
| #define HAVE_STRING_H 1
| #define HAVE_MEMORY_H 1
| #define HAVE_STRINGS_H 1
| #define HAVE_INTTYPES_H 1
| #define HAVE_STDINT_H 1
| #define HAVE_UNISTD_H 1
| #define HAVE_DLFCN_H 1
| #define LT_OBJDIR ".libs/"
| #define LT_MODULE_EXT ".so"
| #define LT_MODULE_PATH_VAR "LD_LIBRARY_PATH"
| #define LT_DLSEARCH_PATH "/lib64:/usr/lib64:/lib:/usr/lib:/usr/lib/x86_64-linux-gnu/libfakeroot:/usr/lib/wsl/lib:/usr/local/lib:/usr/local/lib/x86_64-linux-gnu:/lib/x86_64-linux-gnu:/usr/lib/x86_64-linux-gnu"
| #define HAVE_LIBDL 1
| #define HAVE_DLERROR 1
| #define HAVE_LIBDLLOADER 1
| #define HAVE_ARGZ_H 1
| #define HAVE_ERROR_T 1
| #define HAVE_ARGZ_ADD 1
| #define HAVE_ARGZ_APPEND 1
| #define HAVE_ARGZ_COUNT 1
| #define HAVE_ARGZ_CREATE_SEP 1
| #define HAVE_ARGZ_INSERT 1
| #define HAVE_ARGZ_NEXT 1
| #define HAVE_ARGZ_STRINGIFY 1
| #define HAVE_WORKING_ARGZ 1
| #define HAVE_PRELOADED_SYMBOLS 1
| #define HAVE_UNISTD_H 1
| #define HAVE_DIRENT_H 1
| #define HAVE_CLOSEDIR 1
| #define HAVE_OPENDIR 1
| #define HAVE_READDIR 1
| #define LT_LIBEXT "a"
| #define LT_LIBPREFIX "lib"
| #define TIME_WITH_SYS_TIME 1
| #define NVDIMMSIM_LIBDIR ""
| #define PINTOOL_EXECUTABLE ""
| #define HAVE_SHM 1
| #define HAVE_LIBZ 1
| #define RAMULATOR_LIBDIR ""
| #define DRAMSIM_LIBDIR ""
| #define DRAMSIM3_LIBDIR ""
| #define HBMDRAMSIM_LIBDIR ""
| /* end confdefs.h.  */
| #include <stdio.h>
| #ifdef HAVE_SYS_TYPES_H
| # include <sys/types.h>
| #endif
| #ifdef HAVE_SYS_STAT_H
| # include <sys/stat.h>
| #endif
| #ifdef STDC_HEADERS
| # include <stdlib.h>
| # include <stddef.h>
| #else
| # ifdef HAVE_STDLIB_H
| #  include <stdlib.h>
| # endif
| #endif
| #ifdef HAVE_STRING_H
| # if !defined STDC_HEADERS && defined HAVE_MEMORY_H
| #  include <memory.h>
| # endif
| # include <string.h>
| #endif
| #ifdef HAVE_STRINGS_H
| # include <strings.h>
| #endif
| #ifdef HAVE_INTTYPES_H
| # include <inttypes.h>
| #endif
| #ifdef HAVE_STDINT_H
| # include <stdint.h>
| #endif
| #ifdef HAVE_UNISTD_H
| # include <unistd.h>
| #endif
| #include <HybridSim.h>
configure:14992: result: no
configure:14992: checking HybridSim.h presence
configure:14992: g++ -E   -I/usr/include/python3.8 -I/usr/include/python3.8  -I/home/tbonato/local/sstcore-11.1.0/include/sst/core -I/home/tbonato/local/sstcore-11.1.0/include conftest.cpp
conftest.cpp:55:10: fatal error: HybridSim.h: No such file or directory
   55 | #include <HybridSim.h>
      |          ^~~~~~~~~~~~~
compilation terminated.
configure:14992: $? = 1
configure: failed program was:
| /* confdefs.h */
| #define PACKAGE_NAME "SST Elements Library"
| #define PACKAGE_TARNAME "sst-elements-library"
| #define PACKAGE_VERSION "11.0.0"
| #define PACKAGE_STRING "SST Elements Library 11.0.0"
| #define PACKAGE_BUGREPORT "sst@sandia.gov"
| #define PACKAGE_URL ""
| #define TIME_WITH_SYS_TIME 1
| #define STDC_HEADERS 1
| #define HAVE_SYS_TYPES_H 1
| #define HAVE_SYS_STAT_H 1
| #define HAVE_STDLIB_H 1
| #define HAVE_STRING_H 1
| #define HAVE_MEMORY_H 1
| #define HAVE_STRINGS_H 1
| #define HAVE_INTTYPES_H 1
| #define HAVE_STDINT_H 1
| #define HAVE_UNISTD_H 1
| #define HAVE_DLFCN_H 1
| #define LT_OBJDIR ".libs/"
| #define LT_MODULE_EXT ".so"
| #define LT_MODULE_PATH_VAR "LD_LIBRARY_PATH"
| #define LT_DLSEARCH_PATH "/lib64:/usr/lib64:/lib:/usr/lib:/usr/lib/x86_64-linux-gnu/libfakeroot:/usr/lib/wsl/lib:/usr/local/lib:/usr/local/lib/x86_64-linux-gnu:/lib/x86_64-linux-gnu:/usr/lib/x86_64-linux-gnu"
| #define HAVE_LIBDL 1
| #define HAVE_DLERROR 1
| #define HAVE_LIBDLLOADER 1
| #define HAVE_ARGZ_H 1
| #define HAVE_ERROR_T 1
| #define HAVE_ARGZ_ADD 1
| #define HAVE_ARGZ_APPEND 1
| #define HAVE_ARGZ_COUNT 1
| #define HAVE_ARGZ_CREATE_SEP 1
| #define HAVE_ARGZ_INSERT 1
| #define HAVE_ARGZ_NEXT 1
| #define HAVE_ARGZ_STRINGIFY 1
| #define HAVE_WORKING_ARGZ 1
| #define HAVE_PRELOADED_SYMBOLS 1
| #define HAVE_UNISTD_H 1
| #define HAVE_DIRENT_H 1
| #define HAVE_CLOSEDIR 1
| #define HAVE_OPENDIR 1
| #define HAVE_READDIR 1
| #define LT_LIBEXT "a"
| #define LT_LIBPREFIX "lib"
| #define TIME_WITH_SYS_TIME 1
| #define NVDIMMSIM_LIBDIR ""
| #define PINTOOL_EXECUTABLE ""
| #define HAVE_SHM 1
| #define HAVE_LIBZ 1
| #define RAMULATOR_LIBDIR ""
| #define DRAMSIM_LIBDIR ""
| #define DRAMSIM3_LIBDIR ""
| #define HBMDRAMSIM_LIBDIR ""
| /* end confdefs.h.  */
| #include <HybridSim.h>
configure:14992: result: no
configure:14992: checking for HybridSim.h
configure:14992: result: no
configure:15004: checking for libhybridsim_is_present in -lhybridsim
configure:15029: g++ -o conftest -g -O2  -std=c++1y -D__STDC_FORMAT_MACROS   -I/usr/include/python3.8 -I/usr/include/python3.8  -I/home/tbonato/local/sstcore-11.1.0/include/sst/core -I/home/tbonato/local/sstcore-11.1.0/include    -L/usr/lib/python3.8/config-3.8-x86_64-linux-gnu -L/usr/lib -lpython3.8 -lcrypt -lpthread -ldl  -lutil -lm -lm  conftest.cpp -lhybridsim  -ldl   -ldl  >&5
/usr/bin/ld: cannot find -lhybridsim
collect2: error: ld returned 1 exit status
configure:15029: $? = 1
configure: failed program was:
| /* confdefs.h */
| #define PACKAGE_NAME "SST Elements Library"
| #define PACKAGE_TARNAME "sst-elements-library"
| #define PACKAGE_VERSION "11.0.0"
| #define PACKAGE_STRING "SST Elements Library 11.0.0"
| #define PACKAGE_BUGREPORT "sst@sandia.gov"
| #define PACKAGE_URL ""
| #define TIME_WITH_SYS_TIME 1
| #define STDC_HEADERS 1
| #define HAVE_SYS_TYPES_H 1
| #define HAVE_SYS_STAT_H 1
| #define HAVE_STDLIB_H 1
| #define HAVE_STRING_H 1
| #define HAVE_MEMORY_H 1
| #define HAVE_STRINGS_H 1
| #define HAVE_INTTYPES_H 1
| #define HAVE_STDINT_H 1
| #define HAVE_UNISTD_H 1
| #define HAVE_DLFCN_H 1
| #define LT_OBJDIR ".libs/"
| #define LT_MODULE_EXT ".so"
| #define LT_MODULE_PATH_VAR "LD_LIBRARY_PATH"
| #define LT_DLSEARCH_PATH "/lib64:/usr/lib64:/lib:/usr/lib:/usr/lib/x86_64-linux-gnu/libfakeroot:/usr/lib/wsl/lib:/usr/local/lib:/usr/local/lib/x86_64-linux-gnu:/lib/x86_64-linux-gnu:/usr/lib/x86_64-linux-gnu"
| #define HAVE_LIBDL 1
| #define HAVE_DLERROR 1
| #define HAVE_LIBDLLOADER 1
| #define HAVE_ARGZ_H 1
| #define HAVE_ERROR_T 1
| #define HAVE_ARGZ_ADD 1
| #define HAVE_ARGZ_APPEND 1
| #define HAVE_ARGZ_COUNT 1
| #define HAVE_ARGZ_CREATE_SEP 1
| #define HAVE_ARGZ_INSERT 1
| #define HAVE_ARGZ_NEXT 1
| #define HAVE_ARGZ_STRINGIFY 1
| #define HAVE_WORKING_ARGZ 1
| #define HAVE_PRELOADED_SYMBOLS 1
| #define HAVE_UNISTD_H 1
| #define HAVE_DIRENT_H 1
| #define HAVE_CLOSEDIR 1
| #define HAVE_OPENDIR 1
| #define HAVE_READDIR 1
| #define LT_LIBEXT "a"
| #define LT_LIBPREFIX "lib"
| #define TIME_WITH_SYS_TIME 1
| #define NVDIMMSIM_LIBDIR ""
| #define PINTOOL_EXECUTABLE ""
| #define HAVE_SHM 1
| #define HAVE_LIBZ 1
| #define RAMULATOR_LIBDIR ""
| #define DRAMSIM_LIBDIR ""
| #define DRAMSIM3_LIBDIR ""
| #define HBMDRAMSIM_LIBDIR ""
| /* end confdefs.h.  */
| 
| /* Override any GCC internal prototype to avoid an error.
|    Use char because int might match the return type of a GCC
|    builtin and then its argument prototype would still apply.  */
| #ifdef __cplusplus
| extern "C"
| #endif
| char libhybridsim_is_present ();
| int
| main ()
| {
| return libhybridsim_is_present ();
|   ;
|   return 0;
| }
configure:15038: result: no
configure:15142: checking hmc_sim.h usability
configure:15142: g++ -c -g -O2  -std=c++1y -D__STDC_FORMAT_MACROS   -I/usr/include/python3.8 -I/usr/include/python3.8  -I/home/tbonato/local/sstcore-11.1.0/include/sst/core -I/home/tbonato/local/sstcore-11.1.0/include conftest.cpp >&5
conftest.cpp:89:10: fatal error: hmc_sim.h: No such file or directory
   89 | #include <hmc_sim.h>
      |          ^~~~~~~~~~~
compilation terminated.
configure:15142: $? = 1
configure: failed program was:
| /* confdefs.h */
| #define PACKAGE_NAME "SST Elements Library"
| #define PACKAGE_TARNAME "sst-elements-library"
| #define PACKAGE_VERSION "11.0.0"
| #define PACKAGE_STRING "SST Elements Library 11.0.0"
| #define PACKAGE_BUGREPORT "sst@sandia.gov"
| #define PACKAGE_URL ""
| #define TIME_WITH_SYS_TIME 1
| #define STDC_HEADERS 1
| #define HAVE_SYS_TYPES_H 1
| #define HAVE_SYS_STAT_H 1
| #define HAVE_STDLIB_H 1
| #define HAVE_STRING_H 1
| #define HAVE_MEMORY_H 1
| #define HAVE_STRINGS_H 1
| #define HAVE_INTTYPES_H 1
| #define HAVE_STDINT_H 1
| #define HAVE_UNISTD_H 1
| #define HAVE_DLFCN_H 1
| #define LT_OBJDIR ".libs/"
| #define LT_MODULE_EXT ".so"
| #define LT_MODULE_PATH_VAR "LD_LIBRARY_PATH"
| #define LT_DLSEARCH_PATH "/lib64:/usr/lib64:/lib:/usr/lib:/usr/lib/x86_64-linux-gnu/libfakeroot:/usr/lib/wsl/lib:/usr/local/lib:/usr/local/lib/x86_64-linux-gnu:/lib/x86_64-linux-gnu:/usr/lib/x86_64-linux-gnu"
| #define HAVE_LIBDL 1
| #define HAVE_DLERROR 1
| #define HAVE_LIBDLLOADER 1
| #define HAVE_ARGZ_H 1
| #define HAVE_ERROR_T 1
| #define HAVE_ARGZ_ADD 1
| #define HAVE_ARGZ_APPEND 1
| #define HAVE_ARGZ_COUNT 1
| #define HAVE_ARGZ_CREATE_SEP 1
| #define HAVE_ARGZ_INSERT 1
| #define HAVE_ARGZ_NEXT 1
| #define HAVE_ARGZ_STRINGIFY 1
| #define HAVE_WORKING_ARGZ 1
| #define HAVE_PRELOADED_SYMBOLS 1
| #define HAVE_UNISTD_H 1
| #define HAVE_DIRENT_H 1
| #define HAVE_CLOSEDIR 1
| #define HAVE_OPENDIR 1
| #define HAVE_READDIR 1
| #define LT_LIBEXT "a"
| #define LT_LIBPREFIX "lib"
| #define TIME_WITH_SYS_TIME 1
| #define NVDIMMSIM_LIBDIR ""
| #define PINTOOL_EXECUTABLE ""
| #define HAVE_SHM 1
| #define HAVE_LIBZ 1
| #define RAMULATOR_LIBDIR ""
| #define DRAMSIM_LIBDIR ""
| #define DRAMSIM3_LIBDIR ""
| #define HBMDRAMSIM_LIBDIR ""
| #define HYBRIDSIM_LIBDIR ""
| /* end confdefs.h.  */
| #include <stdio.h>
| #ifdef HAVE_SYS_TYPES_H
| # include <sys/types.h>
| #endif
| #ifdef HAVE_SYS_STAT_H
| # include <sys/stat.h>
| #endif
| #ifdef STDC_HEADERS
| # include <stdlib.h>
| # include <stddef.h>
| #else
| # ifdef HAVE_STDLIB_H
| #  include <stdlib.h>
| # endif
| #endif
| #ifdef HAVE_STRING_H
| # if !defined STDC_HEADERS && defined HAVE_MEMORY_H
| #  include <memory.h>
| # endif
| # include <string.h>
| #endif
| #ifdef HAVE_STRINGS_H
| # include <strings.h>
| #endif
| #ifdef HAVE_INTTYPES_H
| # include <inttypes.h>
| #endif
| #ifdef HAVE_STDINT_H
| # include <stdint.h>
| #endif
| #ifdef HAVE_UNISTD_H
| # include <unistd.h>
| #endif
| #include <hmc_sim.h>
configure:15142: result: no
configure:15142: checking hmc_sim.h presence
configure:15142: g++ -E   -I/usr/include/python3.8 -I/usr/include/python3.8  -I/home/tbonato/local/sstcore-11.1.0/include/sst/core -I/home/tbonato/local/sstcore-11.1.0/include conftest.cpp
conftest.cpp:56:10: fatal error: hmc_sim.h: No such file or directory
   56 | #include <hmc_sim.h>
      |          ^~~~~~~~~~~
compilation terminated.
configure:15142: $? = 1
configure: failed program was:
| /* confdefs.h */
| #define PACKAGE_NAME "SST Elements Library"
| #define PACKAGE_TARNAME "sst-elements-library"
| #define PACKAGE_VERSION "11.0.0"
| #define PACKAGE_STRING "SST Elements Library 11.0.0"
| #define PACKAGE_BUGREPORT "sst@sandia.gov"
| #define PACKAGE_URL ""
| #define TIME_WITH_SYS_TIME 1
| #define STDC_HEADERS 1
| #define HAVE_SYS_TYPES_H 1
| #define HAVE_SYS_STAT_H 1
| #define HAVE_STDLIB_H 1
| #define HAVE_STRING_H 1
| #define HAVE_MEMORY_H 1
| #define HAVE_STRINGS_H 1
| #define HAVE_INTTYPES_H 1
| #define HAVE_STDINT_H 1
| #define HAVE_UNISTD_H 1
| #define HAVE_DLFCN_H 1
| #define LT_OBJDIR ".libs/"
| #define LT_MODULE_EXT ".so"
| #define LT_MODULE_PATH_VAR "LD_LIBRARY_PATH"
| #define LT_DLSEARCH_PATH "/lib64:/usr/lib64:/lib:/usr/lib:/usr/lib/x86_64-linux-gnu/libfakeroot:/usr/lib/wsl/lib:/usr/local/lib:/usr/local/lib/x86_64-linux-gnu:/lib/x86_64-linux-gnu:/usr/lib/x86_64-linux-gnu"
| #define HAVE_LIBDL 1
| #define HAVE_DLERROR 1
| #define HAVE_LIBDLLOADER 1
| #define HAVE_ARGZ_H 1
| #define HAVE_ERROR_T 1
| #define HAVE_ARGZ_ADD 1
| #define HAVE_ARGZ_APPEND 1
| #define HAVE_ARGZ_COUNT 1
| #define HAVE_ARGZ_CREATE_SEP 1
| #define HAVE_ARGZ_INSERT 1
| #define HAVE_ARGZ_NEXT 1
| #define HAVE_ARGZ_STRINGIFY 1
| #define HAVE_WORKING_ARGZ 1
| #define HAVE_PRELOADED_SYMBOLS 1
| #define HAVE_UNISTD_H 1
| #define HAVE_DIRENT_H 1
| #define HAVE_CLOSEDIR 1
| #define HAVE_OPENDIR 1
| #define HAVE_READDIR 1
| #define LT_LIBEXT "a"
| #define LT_LIBPREFIX "lib"
| #define TIME_WITH_SYS_TIME 1
| #define NVDIMMSIM_LIBDIR ""
| #define PINTOOL_EXECUTABLE ""
| #define HAVE_SHM 1
| #define HAVE_LIBZ 1
| #define RAMULATOR_LIBDIR ""
| #define DRAMSIM_LIBDIR ""
| #define DRAMSIM3_LIBDIR ""
| #define HBMDRAMSIM_LIBDIR ""
| #define HYBRIDSIM_LIBDIR ""
| /* end confdefs.h.  */
| #include <hmc_sim.h>
configure:15142: result: no
configure:15142: checking for hmc_sim.h
configure:15142: result: no
configure:15157: checking for hmcsim_clock in -lhmcsim
configure:15182: gcc -o conftest -g -O2    -I/usr/include/python3.8 -I/usr/include/python3.8  -I/home/tbonato/local/sstcore-11.1.0/include/sst/core -I/home/tbonato/local/sstcore-11.1.0/include    -L/usr/lib/python3.8/config-3.8-x86_64-linux-gnu -L/usr/lib -lpython3.8 -lcrypt -lpthread -ldl  -lutil -lm -lm  conftest.c -lhmcsim  -ldl   -ldl  >&5
/usr/bin/ld: cannot find -lhmcsim
collect2: error: ld returned 1 exit status
configure:15182: $? = 1
configure: failed program was:
| /* confdefs.h */
| #define PACKAGE_NAME "SST Elements Library"
| #define PACKAGE_TARNAME "sst-elements-library"
| #define PACKAGE_VERSION "11.0.0"
| #define PACKAGE_STRING "SST Elements Library 11.0.0"
| #define PACKAGE_BUGREPORT "sst@sandia.gov"
| #define PACKAGE_URL ""
| #define TIME_WITH_SYS_TIME 1
| #define STDC_HEADERS 1
| #define HAVE_SYS_TYPES_H 1
| #define HAVE_SYS_STAT_H 1
| #define HAVE_STDLIB_H 1
| #define HAVE_STRING_H 1
| #define HAVE_MEMORY_H 1
| #define HAVE_STRINGS_H 1
| #define HAVE_INTTYPES_H 1
| #define HAVE_STDINT_H 1
| #define HAVE_UNISTD_H 1
| #define HAVE_DLFCN_H 1
| #define LT_OBJDIR ".libs/"
| #define LT_MODULE_EXT ".so"
| #define LT_MODULE_PATH_VAR "LD_LIBRARY_PATH"
| #define LT_DLSEARCH_PATH "/lib64:/usr/lib64:/lib:/usr/lib:/usr/lib/x86_64-linux-gnu/libfakeroot:/usr/lib/wsl/lib:/usr/local/lib:/usr/local/lib/x86_64-linux-gnu:/lib/x86_64-linux-gnu:/usr/lib/x86_64-linux-gnu"
| #define HAVE_LIBDL 1
| #define HAVE_DLERROR 1
| #define HAVE_LIBDLLOADER 1
| #define HAVE_ARGZ_H 1
| #define HAVE_ERROR_T 1
| #define HAVE_ARGZ_ADD 1
| #define HAVE_ARGZ_APPEND 1
| #define HAVE_ARGZ_COUNT 1
| #define HAVE_ARGZ_CREATE_SEP 1
| #define HAVE_ARGZ_INSERT 1
| #define HAVE_ARGZ_NEXT 1
| #define HAVE_ARGZ_STRINGIFY 1
| #define HAVE_WORKING_ARGZ 1
| #define HAVE_PRELOADED_SYMBOLS 1
| #define HAVE_UNISTD_H 1
| #define HAVE_DIRENT_H 1
| #define HAVE_CLOSEDIR 1
| #define HAVE_OPENDIR 1
| #define HAVE_READDIR 1
| #define LT_LIBEXT "a"
| #define LT_LIBPREFIX "lib"
| #define TIME_WITH_SYS_TIME 1
| #define NVDIMMSIM_LIBDIR ""
| #define PINTOOL_EXECUTABLE ""
| #define HAVE_SHM 1
| #define HAVE_LIBZ 1
| #define RAMULATOR_LIBDIR ""
| #define DRAMSIM_LIBDIR ""
| #define DRAMSIM3_LIBDIR ""
| #define HBMDRAMSIM_LIBDIR ""
| #define HYBRIDSIM_LIBDIR ""
| /* end confdefs.h.  */
| 
| /* Override any GCC internal prototype to avoid an error.
|    Use char because int might match the return type of a GCC
|    builtin and then its argument prototype would still apply.  */
| #ifdef __cplusplus
| extern "C"
| #endif
| char hmcsim_clock ();
| int
| main ()
| {
| return hmcsim_clock ();
|   ;
|   return 0;
| }
configure:15191: result: no
configure:15226: checking for GOBLIN HMC Simulator library
configure:15228: result: no
configure:15280: checking for NVDIMM.h
configure:15280: result: no
configure:15292: checking for main in -lnvdsim
configure:15320: result: no
configure:15411: checking FlashDIMM.h usability
configure:15411: g++ -c -g -O2  -std=c++1y -D__STDC_FORMAT_MACROS   -I/usr/include/python3.8 -I/usr/include/python3.8  -I/home/tbonato/local/sstcore-11.1.0/include/sst/core -I/home/tbonato/local/sstcore-11.1.0/include conftest.cpp >&5
conftest.cpp:91:10: fatal error: FlashDIMM.h: No such file or directory
   91 | #include <FlashDIMM.h>
      |          ^~~~~~~~~~~~~
compilation terminated.
configure:15411: $? = 1
configure: failed program was:
| /* confdefs.h */
| #define PACKAGE_NAME "SST Elements Library"
| #define PACKAGE_TARNAME "sst-elements-library"
| #define PACKAGE_VERSION "11.0.0"
| #define PACKAGE_STRING "SST Elements Library 11.0.0"
| #define PACKAGE_BUGREPORT "sst@sandia.gov"
| #define PACKAGE_URL ""
| #define TIME_WITH_SYS_TIME 1
| #define STDC_HEADERS 1
| #define HAVE_SYS_TYPES_H 1
| #define HAVE_SYS_STAT_H 1
| #define HAVE_STDLIB_H 1
| #define HAVE_STRING_H 1
| #define HAVE_MEMORY_H 1
| #define HAVE_STRINGS_H 1
| #define HAVE_INTTYPES_H 1
| #define HAVE_STDINT_H 1
| #define HAVE_UNISTD_H 1
| #define HAVE_DLFCN_H 1
| #define LT_OBJDIR ".libs/"
| #define LT_MODULE_EXT ".so"
| #define LT_MODULE_PATH_VAR "LD_LIBRARY_PATH"
| #define LT_DLSEARCH_PATH "/lib64:/usr/lib64:/lib:/usr/lib:/usr/lib/x86_64-linux-gnu/libfakeroot:/usr/lib/wsl/lib:/usr/local/lib:/usr/local/lib/x86_64-linux-gnu:/lib/x86_64-linux-gnu:/usr/lib/x86_64-linux-gnu"
| #define HAVE_LIBDL 1
| #define HAVE_DLERROR 1
| #define HAVE_LIBDLLOADER 1
| #define HAVE_ARGZ_H 1
| #define HAVE_ERROR_T 1
| #define HAVE_ARGZ_ADD 1
| #define HAVE_ARGZ_APPEND 1
| #define HAVE_ARGZ_COUNT 1
| #define HAVE_ARGZ_CREATE_SEP 1
| #define HAVE_ARGZ_INSERT 1
| #define HAVE_ARGZ_NEXT 1
| #define HAVE_ARGZ_STRINGIFY 1
| #define HAVE_WORKING_ARGZ 1
| #define HAVE_PRELOADED_SYMBOLS 1
| #define HAVE_UNISTD_H 1
| #define HAVE_DIRENT_H 1
| #define HAVE_CLOSEDIR 1
| #define HAVE_OPENDIR 1
| #define HAVE_READDIR 1
| #define LT_LIBEXT "a"
| #define LT_LIBPREFIX "lib"
| #define TIME_WITH_SYS_TIME 1
| #define NVDIMMSIM_LIBDIR ""
| #define PINTOOL_EXECUTABLE ""
| #define HAVE_SHM 1
| #define HAVE_LIBZ 1
| #define RAMULATOR_LIBDIR ""
| #define DRAMSIM_LIBDIR ""
| #define DRAMSIM3_LIBDIR ""
| #define HBMDRAMSIM_LIBDIR ""
| #define HYBRIDSIM_LIBDIR ""
| #define GOBLIN_HMCSIM_LIBDIR ""
| #define NVDIMMSIM_LIBDIR ""
| /* end confdefs.h.  */
| #include <stdio.h>
| #ifdef HAVE_SYS_TYPES_H
| # include <sys/types.h>
| #endif
| #ifdef HAVE_SYS_STAT_H
| # include <sys/stat.h>
| #endif
| #ifdef STDC_HEADERS
| # include <stdlib.h>
| # include <stddef.h>
| #else
| # ifdef HAVE_STDLIB_H
| #  include <stdlib.h>
| # endif
| #endif
| #ifdef HAVE_STRING_H
| # if !defined STDC_HEADERS && defined HAVE_MEMORY_H
| #  include <memory.h>
| # endif
| # include <string.h>
| #endif
| #ifdef HAVE_STRINGS_H
| # include <strings.h>
| #endif
| #ifdef HAVE_INTTYPES_H
| # include <inttypes.h>
| #endif
| #ifdef HAVE_STDINT_H
| # include <stdint.h>
| #endif
| #ifdef HAVE_UNISTD_H
| # include <unistd.h>
| #endif
| #include <FlashDIMM.h>
configure:15411: result: no
configure:15411: checking FlashDIMM.h presence
configure:15411: g++ -E   -I/usr/include/python3.8 -I/usr/include/python3.8  -I/home/tbonato/local/sstcore-11.1.0/include/sst/core -I/home/tbonato/local/sstcore-11.1.0/include conftest.cpp
conftest.cpp:58:10: fatal error: FlashDIMM.h: No such file or directory
   58 | #include <FlashDIMM.h>
      |          ^~~~~~~~~~~~~
compilation terminated.
configure:15411: $? = 1
configure: failed program was:
| /* confdefs.h */
| #define PACKAGE_NAME "SST Elements Library"
| #define PACKAGE_TARNAME "sst-elements-library"
| #define PACKAGE_VERSION "11.0.0"
| #define PACKAGE_STRING "SST Elements Library 11.0.0"
| #define PACKAGE_BUGREPORT "sst@sandia.gov"
| #define PACKAGE_URL ""
| #define TIME_WITH_SYS_TIME 1
| #define STDC_HEADERS 1
| #define HAVE_SYS_TYPES_H 1
| #define HAVE_SYS_STAT_H 1
| #define HAVE_STDLIB_H 1
| #define HAVE_STRING_H 1
| #define HAVE_MEMORY_H 1
| #define HAVE_STRINGS_H 1
| #define HAVE_INTTYPES_H 1
| #define HAVE_STDINT_H 1
| #define HAVE_UNISTD_H 1
| #define HAVE_DLFCN_H 1
| #define LT_OBJDIR ".libs/"
| #define LT_MODULE_EXT ".so"
| #define LT_MODULE_PATH_VAR "LD_LIBRARY_PATH"
| #define LT_DLSEARCH_PATH "/lib64:/usr/lib64:/lib:/usr/lib:/usr/lib/x86_64-linux-gnu/libfakeroot:/usr/lib/wsl/lib:/usr/local/lib:/usr/local/lib/x86_64-linux-gnu:/lib/x86_64-linux-gnu:/usr/lib/x86_64-linux-gnu"
| #define HAVE_LIBDL 1
| #define HAVE_DLERROR 1
| #define HAVE_LIBDLLOADER 1
| #define HAVE_ARGZ_H 1
| #define HAVE_ERROR_T 1
| #define HAVE_ARGZ_ADD 1
| #define HAVE_ARGZ_APPEND 1
| #define HAVE_ARGZ_COUNT 1
| #define HAVE_ARGZ_CREATE_SEP 1
| #define HAVE_ARGZ_INSERT 1
| #define HAVE_ARGZ_NEXT 1
| #define HAVE_ARGZ_STRINGIFY 1
| #define HAVE_WORKING_ARGZ 1
| #define HAVE_PRELOADED_SYMBOLS 1
| #define HAVE_UNISTD_H 1
| #define HAVE_DIRENT_H 1
| #define HAVE_CLOSEDIR 1
| #define HAVE_OPENDIR 1
| #define HAVE_READDIR 1
| #define LT_LIBEXT "a"
| #define LT_LIBPREFIX "lib"
| #define TIME_WITH_SYS_TIME 1
| #define NVDIMMSIM_LIBDIR ""
| #define PINTOOL_EXECUTABLE ""
| #define HAVE_SHM 1
| #define HAVE_LIBZ 1
| #define RAMULATOR_LIBDIR ""
| #define DRAMSIM_LIBDIR ""
| #define DRAMSIM3_LIBDIR ""
| #define HBMDRAMSIM_LIBDIR ""
| #define HYBRIDSIM_LIBDIR ""
| #define GOBLIN_HMCSIM_LIBDIR ""
| #define NVDIMMSIM_LIBDIR ""
| /* end confdefs.h.  */
| #include <FlashDIMM.h>
configure:15411: result: no
configure:15411: checking for FlashDIMM.h
configure:15411: result: no
configure:15423: checking for main in -lfdsim
configure:15442: g++ -o conftest -g -O2  -std=c++1y -D__STDC_FORMAT_MACROS   -I/usr/include/python3.8 -I/usr/include/python3.8  -I/home/tbonato/local/sstcore-11.1.0/include/sst/core -I/home/tbonato/local/sstcore-11.1.0/include    -L/usr/lib/python3.8/config-3.8-x86_64-linux-gnu -L/usr/lib -lpython3.8 -lcrypt -lpthread -ldl  -lutil -lm -lm  conftest.cpp -lfdsim  -ldl   -ldl  >&5
/usr/bin/ld: cannot find -lfdsim
collect2: error: ld returned 1 exit status
configure:15442: $? = 1
configure: failed program was:
| /* confdefs.h */
| #define PACKAGE_NAME "SST Elements Library"
| #define PACKAGE_TARNAME "sst-elements-library"
| #define PACKAGE_VERSION "11.0.0"
| #define PACKAGE_STRING "SST Elements Library 11.0.0"
| #define PACKAGE_BUGREPORT "sst@sandia.gov"
| #define PACKAGE_URL ""
| #define TIME_WITH_SYS_TIME 1
| #define STDC_HEADERS 1
| #define HAVE_SYS_TYPES_H 1
| #define HAVE_SYS_STAT_H 1
| #define HAVE_STDLIB_H 1
| #define HAVE_STRING_H 1
| #define HAVE_MEMORY_H 1
| #define HAVE_STRINGS_H 1
| #define HAVE_INTTYPES_H 1
| #define HAVE_STDINT_H 1
| #define HAVE_UNISTD_H 1
| #define HAVE_DLFCN_H 1
| #define LT_OBJDIR ".libs/"
| #define LT_MODULE_EXT ".so"
| #define LT_MODULE_PATH_VAR "LD_LIBRARY_PATH"
| #define LT_DLSEARCH_PATH "/lib64:/usr/lib64:/lib:/usr/lib:/usr/lib/x86_64-linux-gnu/libfakeroot:/usr/lib/wsl/lib:/usr/local/lib:/usr/local/lib/x86_64-linux-gnu:/lib/x86_64-linux-gnu:/usr/lib/x86_64-linux-gnu"
| #define HAVE_LIBDL 1
| #define HAVE_DLERROR 1
| #define HAVE_LIBDLLOADER 1
| #define HAVE_ARGZ_H 1
| #define HAVE_ERROR_T 1
| #define HAVE_ARGZ_ADD 1
| #define HAVE_ARGZ_APPEND 1
| #define HAVE_ARGZ_COUNT 1
| #define HAVE_ARGZ_CREATE_SEP 1
| #define HAVE_ARGZ_INSERT 1
| #define HAVE_ARGZ_NEXT 1
| #define HAVE_ARGZ_STRINGIFY 1
| #define HAVE_WORKING_ARGZ 1
| #define HAVE_PRELOADED_SYMBOLS 1
| #define HAVE_UNISTD_H 1
| #define HAVE_DIRENT_H 1
| #define HAVE_CLOSEDIR 1
| #define HAVE_OPENDIR 1
| #define HAVE_READDIR 1
| #define LT_LIBEXT "a"
| #define LT_LIBPREFIX "lib"
| #define TIME_WITH_SYS_TIME 1
| #define NVDIMMSIM_LIBDIR ""
| #define PINTOOL_EXECUTABLE ""
| #define HAVE_SHM 1
| #define HAVE_LIBZ 1
| #define RAMULATOR_LIBDIR ""
| #define DRAMSIM_LIBDIR ""
| #define DRAMSIM3_LIBDIR ""
| #define HBMDRAMSIM_LIBDIR ""
| #define HYBRIDSIM_LIBDIR ""
| #define GOBLIN_HMCSIM_LIBDIR ""
| #define NVDIMMSIM_LIBDIR ""
| /* end confdefs.h.  */
| 
| 
| int
| main ()
| {
| return main ();
|   ;
|   return 0;
| }
configure:15451: result: no
configure:15539: checking for zlib.h
configure:15539: result: yes
configure:15554: checking for gzopen in -lz
configure:15588: result: yes
configure:15617: checking for libz compression library
configure:15619: result: yes
configure:15706: checking sim.h usability
configure:15706: g++ -c -g -O2  -std=c++1y -D__STDC_FORMAT_MACROS   -I/usr/include/python3.8 -I/usr/include/python3.8  -I/home/tbonato/local/sstcore-11.1.0/include/sst/core -I/home/tbonato/local/sstcore-11.1.0/include conftest.cpp >&5
conftest.cpp:93:10: fatal error: sim.h: No such file or directory
   93 | #include <sim.h>
      |          ^~~~~~~
compilation terminated.
configure:15706: $? = 1
configure: failed program was:
| /* confdefs.h */
| #define PACKAGE_NAME "SST Elements Library"
| #define PACKAGE_TARNAME "sst-elements-library"
| #define PACKAGE_VERSION "11.0.0"
| #define PACKAGE_STRING "SST Elements Library 11.0.0"
| #define PACKAGE_BUGREPORT "sst@sandia.gov"
| #define PACKAGE_URL ""
| #define TIME_WITH_SYS_TIME 1
| #define STDC_HEADERS 1
| #define HAVE_SYS_TYPES_H 1
| #define HAVE_SYS_STAT_H 1
| #define HAVE_STDLIB_H 1
| #define HAVE_STRING_H 1
| #define HAVE_MEMORY_H 1
| #define HAVE_STRINGS_H 1
| #define HAVE_INTTYPES_H 1
| #define HAVE_STDINT_H 1
| #define HAVE_UNISTD_H 1
| #define HAVE_DLFCN_H 1
| #define LT_OBJDIR ".libs/"
| #define LT_MODULE_EXT ".so"
| #define LT_MODULE_PATH_VAR "LD_LIBRARY_PATH"
| #define LT_DLSEARCH_PATH "/lib64:/usr/lib64:/lib:/usr/lib:/usr/lib/x86_64-linux-gnu/libfakeroot:/usr/lib/wsl/lib:/usr/local/lib:/usr/local/lib/x86_64-linux-gnu:/lib/x86_64-linux-gnu:/usr/lib/x86_64-linux-gnu"
| #define HAVE_LIBDL 1
| #define HAVE_DLERROR 1
| #define HAVE_LIBDLLOADER 1
| #define HAVE_ARGZ_H 1
| #define HAVE_ERROR_T 1
| #define HAVE_ARGZ_ADD 1
| #define HAVE_ARGZ_APPEND 1
| #define HAVE_ARGZ_COUNT 1
| #define HAVE_ARGZ_CREATE_SEP 1
| #define HAVE_ARGZ_INSERT 1
| #define HAVE_ARGZ_NEXT 1
| #define HAVE_ARGZ_STRINGIFY 1
| #define HAVE_WORKING_ARGZ 1
| #define HAVE_PRELOADED_SYMBOLS 1
| #define HAVE_UNISTD_H 1
| #define HAVE_DIRENT_H 1
| #define HAVE_CLOSEDIR 1
| #define HAVE_OPENDIR 1
| #define HAVE_READDIR 1
| #define LT_LIBEXT "a"
| #define LT_LIBPREFIX "lib"
| #define TIME_WITH_SYS_TIME 1
| #define NVDIMMSIM_LIBDIR ""
| #define PINTOOL_EXECUTABLE ""
| #define HAVE_SHM 1
| #define HAVE_LIBZ 1
| #define RAMULATOR_LIBDIR ""
| #define DRAMSIM_LIBDIR ""
| #define DRAMSIM3_LIBDIR ""
| #define HBMDRAMSIM_LIBDIR ""
| #define HYBRIDSIM_LIBDIR ""
| #define GOBLIN_HMCSIM_LIBDIR ""
| #define NVDIMMSIM_LIBDIR ""
| #define FDSIM_LIBDIR ""
| #define HAVE_LIBZ 1
| /* end confdefs.h.  */
| #include <stdio.h>
| #ifdef HAVE_SYS_TYPES_H
| # include <sys/types.h>
| #endif
| #ifdef HAVE_SYS_STAT_H
| # include <sys/stat.h>
| #endif
| #ifdef STDC_HEADERS
| # include <stdlib.h>
| # include <stddef.h>
| #else
| # ifdef HAVE_STDLIB_H
| #  include <stdlib.h>
| # endif
| #endif
| #ifdef HAVE_STRING_H
| # if !defined STDC_HEADERS && defined HAVE_MEMORY_H
| #  include <memory.h>
| # endif
| # include <string.h>
| #endif
| #ifdef HAVE_STRINGS_H
| # include <strings.h>
| #endif
| #ifdef HAVE_INTTYPES_H
| # include <inttypes.h>
| #endif
| #ifdef HAVE_STDINT_H
| # include <stdint.h>
| #endif
| #ifdef HAVE_UNISTD_H
| # include <unistd.h>
| #endif
| #include <sim.h>
configure:15706: result: no
configure:15706: checking sim.h presence
configure:15706: g++ -E   -I/usr/include/python3.8 -I/usr/include/python3.8  -I/home/tbonato/local/sstcore-11.1.0/include/sst/core -I/home/tbonato/local/sstcore-11.1.0/include conftest.cpp
conftest.cpp:60:10: fatal error: sim.h: No such file or directory
   60 | #include <sim.h>
      |          ^~~~~~~
compilation terminated.
configure:15706: $? = 1
configure: failed program was:
| /* confdefs.h */
| #define PACKAGE_NAME "SST Elements Library"
| #define PACKAGE_TARNAME "sst-elements-library"
| #define PACKAGE_VERSION "11.0.0"
| #define PACKAGE_STRING "SST Elements Library 11.0.0"
| #define PACKAGE_BUGREPORT "sst@sandia.gov"
| #define PACKAGE_URL ""
| #define TIME_WITH_SYS_TIME 1
| #define STDC_HEADERS 1
| #define HAVE_SYS_TYPES_H 1
| #define HAVE_SYS_STAT_H 1
| #define HAVE_STDLIB_H 1
| #define HAVE_STRING_H 1
| #define HAVE_MEMORY_H 1
| #define HAVE_STRINGS_H 1
| #define HAVE_INTTYPES_H 1
| #define HAVE_STDINT_H 1
| #define HAVE_UNISTD_H 1
| #define HAVE_DLFCN_H 1
| #define LT_OBJDIR ".libs/"
| #define LT_MODULE_EXT ".so"
| #define LT_MODULE_PATH_VAR "LD_LIBRARY_PATH"
| #define LT_DLSEARCH_PATH "/lib64:/usr/lib64:/lib:/usr/lib:/usr/lib/x86_64-linux-gnu/libfakeroot:/usr/lib/wsl/lib:/usr/local/lib:/usr/local/lib/x86_64-linux-gnu:/lib/x86_64-linux-gnu:/usr/lib/x86_64-linux-gnu"
| #define HAVE_LIBDL 1
| #define HAVE_DLERROR 1
| #define HAVE_LIBDLLOADER 1
| #define HAVE_ARGZ_H 1
| #define HAVE_ERROR_T 1
| #define HAVE_ARGZ_ADD 1
| #define HAVE_ARGZ_APPEND 1
| #define HAVE_ARGZ_COUNT 1
| #define HAVE_ARGZ_CREATE_SEP 1
| #define HAVE_ARGZ_INSERT 1
| #define HAVE_ARGZ_NEXT 1
| #define HAVE_ARGZ_STRINGIFY 1
| #define HAVE_WORKING_ARGZ 1
| #define HAVE_PRELOADED_SYMBOLS 1
| #define HAVE_UNISTD_H 1
| #define HAVE_DIRENT_H 1
| #define HAVE_CLOSEDIR 1
| #define HAVE_OPENDIR 1
| #define HAVE_READDIR 1
| #define LT_LIBEXT "a"
| #define LT_LIBPREFIX "lib"
| #define TIME_WITH_SYS_TIME 1
| #define NVDIMMSIM_LIBDIR ""
| #define PINTOOL_EXECUTABLE ""
| #define HAVE_SHM 1
| #define HAVE_LIBZ 1
| #define RAMULATOR_LIBDIR ""
| #define DRAMSIM_LIBDIR ""
| #define DRAMSIM3_LIBDIR ""
| #define HBMDRAMSIM_LIBDIR ""
| #define HYBRIDSIM_LIBDIR ""
| #define GOBLIN_HMCSIM_LIBDIR ""
| #define NVDIMMSIM_LIBDIR ""
| #define FDSIM_LIBDIR ""
| #define HAVE_LIBZ 1
| /* end confdefs.h.  */
| #include <sim.h>
configure:15706: result: no
configure:15706: checking for sim.h
configure:15706: result: no
configure:15721: checking for _ZN5sim_t3runEv in -lriscv
configure:15746: gcc -o conftest -g -O2    -I/usr/include/python3.8 -I/usr/include/python3.8  -I/home/tbonato/local/sstcore-11.1.0/include/sst/core -I/home/tbonato/local/sstcore-11.1.0/include    -L/usr/lib/python3.8/config-3.8-x86_64-linux-gnu -L/usr/lib -lpython3.8 -lcrypt -lpthread -ldl  -lutil -lm -lm  conftest.c -lriscv -lfesvr -lsoftfloat -ldl   -ldl  >&5
/usr/bin/ld: cannot find -lriscv
/usr/bin/ld: cannot find -lfesvr
/usr/bin/ld: cannot find -lsoftfloat
collect2: error: ld returned 1 exit status
configure:15746: $? = 1
configure: failed program was:
| /* confdefs.h */
| #define PACKAGE_NAME "SST Elements Library"
| #define PACKAGE_TARNAME "sst-elements-library"
| #define PACKAGE_VERSION "11.0.0"
| #define PACKAGE_STRING "SST Elements Library 11.0.0"
| #define PACKAGE_BUGREPORT "sst@sandia.gov"
| #define PACKAGE_URL ""
| #define TIME_WITH_SYS_TIME 1
| #define STDC_HEADERS 1
| #define HAVE_SYS_TYPES_H 1
| #define HAVE_SYS_STAT_H 1
| #define HAVE_STDLIB_H 1
| #define HAVE_STRING_H 1
| #define HAVE_MEMORY_H 1
| #define HAVE_STRINGS_H 1
| #define HAVE_INTTYPES_H 1
| #define HAVE_STDINT_H 1
| #define HAVE_UNISTD_H 1
| #define HAVE_DLFCN_H 1
| #define LT_OBJDIR ".libs/"
| #define LT_MODULE_EXT ".so"
| #define LT_MODULE_PATH_VAR "LD_LIBRARY_PATH"
| #define LT_DLSEARCH_PATH "/lib64:/usr/lib64:/lib:/usr/lib:/usr/lib/x86_64-linux-gnu/libfakeroot:/usr/lib/wsl/lib:/usr/local/lib:/usr/local/lib/x86_64-linux-gnu:/lib/x86_64-linux-gnu:/usr/lib/x86_64-linux-gnu"
| #define HAVE_LIBDL 1
| #define HAVE_DLERROR 1
| #define HAVE_LIBDLLOADER 1
| #define HAVE_ARGZ_H 1
| #define HAVE_ERROR_T 1
| #define HAVE_ARGZ_ADD 1
| #define HAVE_ARGZ_APPEND 1
| #define HAVE_ARGZ_COUNT 1
| #define HAVE_ARGZ_CREATE_SEP 1
| #define HAVE_ARGZ_INSERT 1
| #define HAVE_ARGZ_NEXT 1
| #define HAVE_ARGZ_STRINGIFY 1
| #define HAVE_WORKING_ARGZ 1
| #define HAVE_PRELOADED_SYMBOLS 1
| #define HAVE_UNISTD_H 1
| #define HAVE_DIRENT_H 1
| #define HAVE_CLOSEDIR 1
| #define HAVE_OPENDIR 1
| #define HAVE_READDIR 1
| #define LT_LIBEXT "a"
| #define LT_LIBPREFIX "lib"
| #define TIME_WITH_SYS_TIME 1
| #define NVDIMMSIM_LIBDIR ""
| #define PINTOOL_EXECUTABLE ""
| #define HAVE_SHM 1
| #define HAVE_LIBZ 1
| #define RAMULATOR_LIBDIR ""
| #define DRAMSIM_LIBDIR ""
| #define DRAMSIM3_LIBDIR ""
| #define HBMDRAMSIM_LIBDIR ""
| #define HYBRIDSIM_LIBDIR ""
| #define GOBLIN_HMCSIM_LIBDIR ""
| #define NVDIMMSIM_LIBDIR ""
| #define FDSIM_LIBDIR ""
| #define HAVE_LIBZ 1
| /* end confdefs.h.  */
| 
| /* Override any GCC internal prototype to avoid an error.
|    Use char because int might match the return type of a GCC
|    builtin and then its argument prototype would still apply.  */
| #ifdef __cplusplus
| extern "C"
| #endif
| char _ZN5sim_t3runEv ();
| int
| main ()
| {
| return _ZN5sim_t3runEv ();
|   ;
|   return 0;
| }
configure:15755: result: no
configure:15790: checking for RISC-V Spike simulator library
configure:15792: result: no
configure:15857: checking for zlib.h
configure:15857: result: yes
configure:15872: checking for gzopen in -lz
configure:15906: result: yes
configure:15935: checking for libz compression library
configure:15937: result: yes
configure:15983: checking for pin.sh
configure:16017: result: no
configure:16024: checking for pin
configure:16058: result: no
configure:16117: checking PIN Tool
configure:16119: result: no
configure:16145: checking for library containing shm_open
configure:16193: result: -lrt
configure:16329: checking for otfconfig
configure:16362: result: no
configure:16394: checking for OTF library
configure:16396: result: no
configure:16445: checking dumpi/libundumpi/libundumpi.h usability
configure:16445: g++ -c -g -O2  -std=c++1y -D__STDC_FORMAT_MACROS   -I/usr/include/python3.8 -I/usr/include/python3.8  -I/home/tbonato/local/sstcore-11.1.0/include/sst/core -I/home/tbonato/local/sstcore-11.1.0/include conftest.cpp >&5
conftest.cpp:97:10: fatal error: dumpi/libundumpi/libundumpi.h: No such file or directory
   97 | #include <dumpi/libundumpi/libundumpi.h>
      |          ^~~~~~~~~~~~~~~~~~~~~~~~~~~~~~~
compilation terminated.
configure:16445: $? = 1
configure: failed program was:
| /* confdefs.h */
| #define PACKAGE_NAME "SST Elements Library"
| #define PACKAGE_TARNAME "sst-elements-library"
| #define PACKAGE_VERSION "11.0.0"
| #define PACKAGE_STRING "SST Elements Library 11.0.0"
| #define PACKAGE_BUGREPORT "sst@sandia.gov"
| #define PACKAGE_URL ""
| #define TIME_WITH_SYS_TIME 1
| #define STDC_HEADERS 1
| #define HAVE_SYS_TYPES_H 1
| #define HAVE_SYS_STAT_H 1
| #define HAVE_STDLIB_H 1
| #define HAVE_STRING_H 1
| #define HAVE_MEMORY_H 1
| #define HAVE_STRINGS_H 1
| #define HAVE_INTTYPES_H 1
| #define HAVE_STDINT_H 1
| #define HAVE_UNISTD_H 1
| #define HAVE_DLFCN_H 1
| #define LT_OBJDIR ".libs/"
| #define LT_MODULE_EXT ".so"
| #define LT_MODULE_PATH_VAR "LD_LIBRARY_PATH"
| #define LT_DLSEARCH_PATH "/lib64:/usr/lib64:/lib:/usr/lib:/usr/lib/x86_64-linux-gnu/libfakeroot:/usr/lib/wsl/lib:/usr/local/lib:/usr/local/lib/x86_64-linux-gnu:/lib/x86_64-linux-gnu:/usr/lib/x86_64-linux-gnu"
| #define HAVE_LIBDL 1
| #define HAVE_DLERROR 1
| #define HAVE_LIBDLLOADER 1
| #define HAVE_ARGZ_H 1
| #define HAVE_ERROR_T 1
| #define HAVE_ARGZ_ADD 1
| #define HAVE_ARGZ_APPEND 1
| #define HAVE_ARGZ_COUNT 1
| #define HAVE_ARGZ_CREATE_SEP 1
| #define HAVE_ARGZ_INSERT 1
| #define HAVE_ARGZ_NEXT 1
| #define HAVE_ARGZ_STRINGIFY 1
| #define HAVE_WORKING_ARGZ 1
| #define HAVE_PRELOADED_SYMBOLS 1
| #define HAVE_UNISTD_H 1
| #define HAVE_DIRENT_H 1
| #define HAVE_CLOSEDIR 1
| #define HAVE_OPENDIR 1
| #define HAVE_READDIR 1
| #define LT_LIBEXT "a"
| #define LT_LIBPREFIX "lib"
| #define TIME_WITH_SYS_TIME 1
| #define NVDIMMSIM_LIBDIR ""
| #define PINTOOL_EXECUTABLE ""
| #define HAVE_SHM 1
| #define HAVE_LIBZ 1
| #define RAMULATOR_LIBDIR ""
| #define DRAMSIM_LIBDIR ""
| #define DRAMSIM3_LIBDIR ""
| #define HBMDRAMSIM_LIBDIR ""
| #define HYBRIDSIM_LIBDIR ""
| #define GOBLIN_HMCSIM_LIBDIR ""
| #define NVDIMMSIM_LIBDIR ""
| #define FDSIM_LIBDIR ""
| #define HAVE_LIBZ 1
| #define STAKE_LIBDIR ""
| #define HAVE_LIBZ 1
| #define PINTOOL_EXECUTABLE ""
| #define HAVE_SHM 1
| /* end confdefs.h.  */
| #include <stdio.h>
| #ifdef HAVE_SYS_TYPES_H
| # include <sys/types.h>
| #endif
| #ifdef HAVE_SYS_STAT_H
| # include <sys/stat.h>
| #endif
| #ifdef STDC_HEADERS
| # include <stdlib.h>
| # include <stddef.h>
| #else
| # ifdef HAVE_STDLIB_H
| #  include <stdlib.h>
| # endif
| #endif
| #ifdef HAVE_STRING_H
| # if !defined STDC_HEADERS && defined HAVE_MEMORY_H
| #  include <memory.h>
| # endif
| # include <string.h>
| #endif
| #ifdef HAVE_STRINGS_H
| # include <strings.h>
| #endif
| #ifdef HAVE_INTTYPES_H
| # include <inttypes.h>
| #endif
| #ifdef HAVE_STDINT_H
| # include <stdint.h>
| #endif
| #ifdef HAVE_UNISTD_H
| # include <unistd.h>
| #endif
| #include <dumpi/libundumpi/libundumpi.h>
configure:16445: result: no
configure:16445: checking dumpi/libundumpi/libundumpi.h presence
configure:16445: g++ -E   -I/usr/include/python3.8 -I/usr/include/python3.8  -I/home/tbonato/local/sstcore-11.1.0/include/sst/core -I/home/tbonato/local/sstcore-11.1.0/include conftest.cpp
conftest.cpp:64:10: fatal error: dumpi/libundumpi/libundumpi.h: No such file or directory
   64 | #include <dumpi/libundumpi/libundumpi.h>
      |          ^~~~~~~~~~~~~~~~~~~~~~~~~~~~~~~
compilation terminated.
configure:16445: $? = 1
configure: failed program was:
| /* confdefs.h */
| #define PACKAGE_NAME "SST Elements Library"
| #define PACKAGE_TARNAME "sst-elements-library"
| #define PACKAGE_VERSION "11.0.0"
| #define PACKAGE_STRING "SST Elements Library 11.0.0"
| #define PACKAGE_BUGREPORT "sst@sandia.gov"
| #define PACKAGE_URL ""
| #define TIME_WITH_SYS_TIME 1
| #define STDC_HEADERS 1
| #define HAVE_SYS_TYPES_H 1
| #define HAVE_SYS_STAT_H 1
| #define HAVE_STDLIB_H 1
| #define HAVE_STRING_H 1
| #define HAVE_MEMORY_H 1
| #define HAVE_STRINGS_H 1
| #define HAVE_INTTYPES_H 1
| #define HAVE_STDINT_H 1
| #define HAVE_UNISTD_H 1
| #define HAVE_DLFCN_H 1
| #define LT_OBJDIR ".libs/"
| #define LT_MODULE_EXT ".so"
| #define LT_MODULE_PATH_VAR "LD_LIBRARY_PATH"
| #define LT_DLSEARCH_PATH "/lib64:/usr/lib64:/lib:/usr/lib:/usr/lib/x86_64-linux-gnu/libfakeroot:/usr/lib/wsl/lib:/usr/local/lib:/usr/local/lib/x86_64-linux-gnu:/lib/x86_64-linux-gnu:/usr/lib/x86_64-linux-gnu"
| #define HAVE_LIBDL 1
| #define HAVE_DLERROR 1
| #define HAVE_LIBDLLOADER 1
| #define HAVE_ARGZ_H 1
| #define HAVE_ERROR_T 1
| #define HAVE_ARGZ_ADD 1
| #define HAVE_ARGZ_APPEND 1
| #define HAVE_ARGZ_COUNT 1
| #define HAVE_ARGZ_CREATE_SEP 1
| #define HAVE_ARGZ_INSERT 1
| #define HAVE_ARGZ_NEXT 1
| #define HAVE_ARGZ_STRINGIFY 1
| #define HAVE_WORKING_ARGZ 1
| #define HAVE_PRELOADED_SYMBOLS 1
| #define HAVE_UNISTD_H 1
| #define HAVE_DIRENT_H 1
| #define HAVE_CLOSEDIR 1
| #define HAVE_OPENDIR 1
| #define HAVE_READDIR 1
| #define LT_LIBEXT "a"
| #define LT_LIBPREFIX "lib"
| #define TIME_WITH_SYS_TIME 1
| #define NVDIMMSIM_LIBDIR ""
| #define PINTOOL_EXECUTABLE ""
| #define HAVE_SHM 1
| #define HAVE_LIBZ 1
| #define RAMULATOR_LIBDIR ""
| #define DRAMSIM_LIBDIR ""
| #define DRAMSIM3_LIBDIR ""
| #define HBMDRAMSIM_LIBDIR ""
| #define HYBRIDSIM_LIBDIR ""
| #define GOBLIN_HMCSIM_LIBDIR ""
| #define NVDIMMSIM_LIBDIR ""
| #define FDSIM_LIBDIR ""
| #define HAVE_LIBZ 1
| #define STAKE_LIBDIR ""
| #define HAVE_LIBZ 1
| #define PINTOOL_EXECUTABLE ""
| #define HAVE_SHM 1
| /* end confdefs.h.  */
| #include <dumpi/libundumpi/libundumpi.h>
configure:16445: result: no
configure:16445: checking for dumpi/libundumpi/libundumpi.h
configure:16445: result: no
configure:16460: checking for undumpi_open in -lundumpi
configure:16485: gcc -o conftest -g -O2    -I/usr/include/python3.8 -I/usr/include/python3.8  -I/home/tbonato/local/sstcore-11.1.0/include/sst/core -I/home/tbonato/local/sstcore-11.1.0/include    -L/usr/lib/python3.8/config-3.8-x86_64-linux-gnu -L/usr/lib -lpython3.8 -lcrypt -lpthread -ldl  -lutil -lm -lm  conftest.c -lundumpi  -ldl   -ldl  >&5
/usr/bin/ld: cannot find -lundumpi
collect2: error: ld returned 1 exit status
configure:16485: $? = 1
configure: failed program was:
| /* confdefs.h */
| #define PACKAGE_NAME "SST Elements Library"
| #define PACKAGE_TARNAME "sst-elements-library"
| #define PACKAGE_VERSION "11.0.0"
| #define PACKAGE_STRING "SST Elements Library 11.0.0"
| #define PACKAGE_BUGREPORT "sst@sandia.gov"
| #define PACKAGE_URL ""
| #define TIME_WITH_SYS_TIME 1
| #define STDC_HEADERS 1
| #define HAVE_SYS_TYPES_H 1
| #define HAVE_SYS_STAT_H 1
| #define HAVE_STDLIB_H 1
| #define HAVE_STRING_H 1
| #define HAVE_MEMORY_H 1
| #define HAVE_STRINGS_H 1
| #define HAVE_INTTYPES_H 1
| #define HAVE_STDINT_H 1
| #define HAVE_UNISTD_H 1
| #define HAVE_DLFCN_H 1
| #define LT_OBJDIR ".libs/"
| #define LT_MODULE_EXT ".so"
| #define LT_MODULE_PATH_VAR "LD_LIBRARY_PATH"
| #define LT_DLSEARCH_PATH "/lib64:/usr/lib64:/lib:/usr/lib:/usr/lib/x86_64-linux-gnu/libfakeroot:/usr/lib/wsl/lib:/usr/local/lib:/usr/local/lib/x86_64-linux-gnu:/lib/x86_64-linux-gnu:/usr/lib/x86_64-linux-gnu"
| #define HAVE_LIBDL 1
| #define HAVE_DLERROR 1
| #define HAVE_LIBDLLOADER 1
| #define HAVE_ARGZ_H 1
| #define HAVE_ERROR_T 1
| #define HAVE_ARGZ_ADD 1
| #define HAVE_ARGZ_APPEND 1
| #define HAVE_ARGZ_COUNT 1
| #define HAVE_ARGZ_CREATE_SEP 1
| #define HAVE_ARGZ_INSERT 1
| #define HAVE_ARGZ_NEXT 1
| #define HAVE_ARGZ_STRINGIFY 1
| #define HAVE_WORKING_ARGZ 1
| #define HAVE_PRELOADED_SYMBOLS 1
| #define HAVE_UNISTD_H 1
| #define HAVE_DIRENT_H 1
| #define HAVE_CLOSEDIR 1
| #define HAVE_OPENDIR 1
| #define HAVE_READDIR 1
| #define LT_LIBEXT "a"
| #define LT_LIBPREFIX "lib"
| #define TIME_WITH_SYS_TIME 1
| #define NVDIMMSIM_LIBDIR ""
| #define PINTOOL_EXECUTABLE ""
| #define HAVE_SHM 1
| #define HAVE_LIBZ 1
| #define RAMULATOR_LIBDIR ""
| #define DRAMSIM_LIBDIR ""
| #define DRAMSIM3_LIBDIR ""
| #define HBMDRAMSIM_LIBDIR ""
| #define HYBRIDSIM_LIBDIR ""
| #define GOBLIN_HMCSIM_LIBDIR ""
| #define NVDIMMSIM_LIBDIR ""
| #define FDSIM_LIBDIR ""
| #define HAVE_LIBZ 1
| #define STAKE_LIBDIR ""
| #define HAVE_LIBZ 1
| #define PINTOOL_EXECUTABLE ""
| #define HAVE_SHM 1
| /* end confdefs.h.  */
| 
| /* Override any GCC internal prototype to avoid an error.
|    Use char because int might match the return type of a GCC
|    builtin and then its argument prototype would still apply.  */
| #ifdef __cplusplus
| extern "C"
| #endif
| char undumpi_open ();
| int
| main ()
| {
| return undumpi_open ();
|   ;
|   return 0;
| }
configure:16494: result: no
configure:16523: checking for DUMPI tracing library
configure:16525: result: no
configure:16592: checking for SST-Elements Git Branch, Head SHA and Commit Count
configure:16606: result: N/A
configure:16609: result: 11.0.0
configure:16612: result: 0
configure:16667: g++ -c -g -O2  -std=c++1y -D__STDC_FORMAT_MACROS    -I/usr/include/python3.8 -I/usr/include/python3.8  -I/home/tbonato/local/sstcore-11.1.0/include/sst/core -I/home/tbonato/local/sstcore-11.1.0/include conftest.cpp >&5
configure:16667: $? = 0
configure:16700: checking for for PR_SET_PTRACER
configure:16702: result: yes
configure:16810: checking that generated files are newer than configure
configure:16816: result: done
configure:16984: creating ./config.status

## ---------------------- ##
## Running config.status. ##
## ---------------------- ##

This file was extended by SST Elements Library config.status 11.0.0, which was
generated by GNU Autoconf 2.69.  Invocation command line was

  CONFIG_FILES    = 
  CONFIG_HEADERS  = 
  CONFIG_LINKS    = 
  CONFIG_COMMANDS = 
  $ ./config.status 

on LAPTOP-CJL91217

config.status:1376: creating src/sst/elements/ariel/Makefile
config.status:1376: creating src/sst/elements/balar/Makefile
config.status:1376: creating src/sst/elements/cacheTracer/Makefile
config.status:1376: creating src/sst/elements/cassini/Makefile
config.status:1376: creating src/sst/elements/CramSim/Makefile
config.status:1376: creating src/sst/elements/ember/Makefile
config.status:1376: creating src/sst/elements/firefly/Makefile
config.status:1376: creating src/sst/elements/hermes/Makefile
config.status:1376: creating src/sst/elements/kingsley/Makefile
config.status:1376: creating src/sst/elements/memHierarchy/Makefile
config.status:1376: creating src/sst/elements/merlin/Makefile
config.status:1376: creating src/sst/elements/Messier/Makefile
config.status:1376: creating src/sst/elements/miranda/Makefile
config.status:1376: creating src/sst/elements/prospero/Makefile
config.status:1376: creating src/sst/elements/Samba/Makefile
config.status:1376: creating src/sst/elements/shogun/Makefile
config.status:1376: creating src/sst/elements/simpleElementExample/Makefile
config.status:1376: creating src/sst/elements/simpleSimulation/Makefile
config.status:1376: creating src/sst/elements/thornhill/Makefile
config.status:1376: creating src/sst/elements/vanadis/Makefile
config.status:1376: creating src/sst/elements/VaultSimC/Makefile
config.status:1376: creating src/sst/elements/zodiac/Makefile
config.status:1376: creating Makefile
config.status:1376: creating src/Makefile
config.status:1376: creating src/sst/Makefile
config.status:1376: creating src/sst/elements/Makefile
config.status:1376: creating src/sst_element_config.h
config.status:1557: src/sst_element_config.h is unchanged
config.status:1605: executing depfiles commands
config.status:1682: cd src/sst/elements/ariel       && sed -e '/# am--include-marker/d' Makefile         | make -f - am--depfiles
make: Nothing to be done for 'am--depfiles'.
config.status:1687: $? = 0
config.status:1682: cd src/sst/elements/balar       && sed -e '/# am--include-marker/d' Makefile         | make -f - am--depfiles
make: Nothing to be done for 'am--depfiles'.
config.status:1687: $? = 0
config.status:1682: cd src/sst/elements/cacheTracer       && sed -e '/# am--include-marker/d' Makefile         | make -f - am--depfiles
make: Nothing to be done for 'am--depfiles'.
config.status:1687: $? = 0
config.status:1682: cd src/sst/elements/cassini       && sed -e '/# am--include-marker/d' Makefile         | make -f - am--depfiles
make: Nothing to be done for 'am--depfiles'.
config.status:1687: $? = 0
config.status:1682: cd src/sst/elements/CramSim       && sed -e '/# am--include-marker/d' Makefile         | make -f - am--depfiles
make: Nothing to be done for 'am--depfiles'.
config.status:1687: $? = 0
config.status:1682: cd src/sst/elements/ember       && sed -e '/# am--include-marker/d' Makefile         | make -f - am--depfiles
make: Nothing to be done for 'am--depfiles'.
config.status:1687: $? = 0
config.status:1682: cd src/sst/elements/firefly       && sed -e '/# am--include-marker/d' Makefile         | make -f - am--depfiles
make: Nothing to be done for 'am--depfiles'.
config.status:1687: $? = 0
config.status:1682: cd src/sst/elements/hermes       && sed -e '/# am--include-marker/d' Makefile         | make -f - am--depfiles
make: Nothing to be done for 'am--depfiles'.
config.status:1687: $? = 0
config.status:1682: cd src/sst/elements/kingsley       && sed -e '/# am--include-marker/d' Makefile         | make -f - am--depfiles
make: Nothing to be done for 'am--depfiles'.
config.status:1687: $? = 0
config.status:1682: cd src/sst/elements/memHierarchy       && sed -e '/# am--include-marker/d' Makefile         | make -f - am--depfiles
make: Nothing to be done for 'am--depfiles'.
config.status:1687: $? = 0
config.status:1682: cd src/sst/elements/merlin       && sed -e '/# am--include-marker/d' Makefile         | make -f - am--depfiles
make: Nothing to be done for 'am--depfiles'.
config.status:1687: $? = 0
config.status:1682: cd src/sst/elements/Messier       && sed -e '/# am--include-marker/d' Makefile         | make -f - am--depfiles
make: Nothing to be done for 'am--depfiles'.
config.status:1687: $? = 0
config.status:1682: cd src/sst/elements/miranda       && sed -e '/# am--include-marker/d' Makefile         | make -f - am--depfiles
make: Nothing to be done for 'am--depfiles'.
config.status:1687: $? = 0
config.status:1682: cd src/sst/elements/prospero       && sed -e '/# am--include-marker/d' Makefile         | make -f - am--depfiles
make: Nothing to be done for 'am--depfiles'.
config.status:1687: $? = 0
config.status:1682: cd src/sst/elements/Samba       && sed -e '/# am--include-marker/d' Makefile         | make -f - am--depfiles
make: Nothing to be done for 'am--depfiles'.
config.status:1687: $? = 0
config.status:1682: cd src/sst/elements/shogun       && sed -e '/# am--include-marker/d' Makefile         | make -f - am--depfiles
make: Nothing to be done for 'am--depfiles'.
config.status:1687: $? = 0
config.status:1682: cd src/sst/elements/simpleElementExample       && sed -e '/# am--include-marker/d' Makefile         | make -f - am--depfiles
make: Nothing to be done for 'am--depfiles'.
config.status:1687: $? = 0
config.status:1682: cd src/sst/elements/simpleSimulation       && sed -e '/# am--include-marker/d' Makefile         | make -f - am--depfiles
make: Nothing to be done for 'am--depfiles'.
config.status:1687: $? = 0
config.status:1682: cd src/sst/elements/thornhill       && sed -e '/# am--include-marker/d' Makefile         | make -f - am--depfiles
make: Nothing to be done for 'am--depfiles'.
config.status:1687: $? = 0
config.status:1682: cd src/sst/elements/vanadis       && sed -e '/# am--include-marker/d' Makefile         | make -f - am--depfiles
make: Nothing to be done for 'am--depfiles'.
config.status:1687: $? = 0
config.status:1682: cd src/sst/elements/VaultSimC       && sed -e '/# am--include-marker/d' Makefile         | make -f - am--depfiles
make: Nothing to be done for 'am--depfiles'.
config.status:1687: $? = 0
config.status:1682: cd src/sst/elements/zodiac       && sed -e '/# am--include-marker/d' Makefile         | make -f - am--depfiles
make: Nothing to be done for 'am--depfiles'.
config.status:1687: $? = 0
config.status:1605: executing libtool commands

## ---------------- ##
## Cache variables. ##
## ---------------- ##

ac_cv_build=x86_64-unknown-linux-gnu
ac_cv_c_compiler_gnu=yes
ac_cv_c_inline=inline
ac_cv_cxx_compiler_gnu=yes
ac_cv_env_CCC_set=
ac_cv_env_CCC_value=
ac_cv_env_CC_set=
ac_cv_env_CC_value=
ac_cv_env_CFLAGS_set=
ac_cv_env_CFLAGS_value=
ac_cv_env_CPPFLAGS_set=
ac_cv_env_CPPFLAGS_value=
ac_cv_env_CPP_set=
ac_cv_env_CPP_value=
ac_cv_env_CXXCPP_set=
ac_cv_env_CXXCPP_value=
ac_cv_env_CXXFLAGS_set=
ac_cv_env_CXXFLAGS_value=
ac_cv_env_CXX_set=
ac_cv_env_CXX_value=
ac_cv_env_LDFLAGS_set=
ac_cv_env_LDFLAGS_value=
ac_cv_env_LIBS_set=
ac_cv_env_LIBS_value=
ac_cv_env_build_alias_set=
ac_cv_env_build_alias_value=
ac_cv_env_host_alias_set=
ac_cv_env_host_alias_value=
ac_cv_env_target_alias_set=
ac_cv_env_target_alias_value=
ac_cv_file__bin_nvcc=no
ac_cv_func_argz_add=yes
ac_cv_func_argz_append=yes
ac_cv_func_argz_count=yes
ac_cv_func_argz_create_sep=yes
ac_cv_func_argz_insert=yes
ac_cv_func_argz_next=yes
ac_cv_func_argz_stringify=yes
ac_cv_func_closedir=yes
ac_cv_func_dlerror=yes
ac_cv_func_dlopen=no
ac_cv_func_opendir=yes
ac_cv_func_readdir=yes
ac_cv_func_shl_load=no
ac_cv_func_strlcat=no
ac_cv_func_strlcpy=no
ac_cv_header_DRAMSim_h=no
ac_cv_header_FlashDIMM_h=no
ac_cv_header_Gem5Wrapper_h=no
ac_cv_header_HBMDRAMSim_h=no
ac_cv_header_HybridSim_h=no
ac_cv_header_NVDIMM_h=no
ac_cv_header_argz_h=yes
ac_cv_header_dirent_h=yes
ac_cv_header_dl_h=no
ac_cv_header_dld_h=no
ac_cv_header_dlfcn_h=yes
ac_cv_header_dramsim3_h=no
ac_cv_header_dumpi_libundumpi_libundumpi_h=no
ac_cv_header_hmc_sim_h=no
ac_cv_header_inttypes_h=yes
ac_cv_header_ltdl_h=no
ac_cv_header_mach_o_dyld_h=no
ac_cv_header_memory_h=yes
ac_cv_header_sim_h=no
ac_cv_header_stdc=yes
ac_cv_header_stdint_h=yes
ac_cv_header_stdlib_h=yes
ac_cv_header_string_h=yes
ac_cv_header_strings_h=yes
ac_cv_header_sys_dl_h=no
ac_cv_header_sys_stat_h=yes
ac_cv_header_sys_types_h=yes
ac_cv_header_time=yes
ac_cv_header_unistd_h=yes
ac_cv_header_zlib_h=yes
ac_cv_host=x86_64-unknown-linux-gnu
ac_cv_lib_dl_dlopen=yes
ac_cv_lib_dld_dld_link=no
ac_cv_lib_dld_shl_load=no
ac_cv_lib_dramsim3_libdramsim3_is_present=no
ac_cv_lib_dramsim_libdramsim_is_present=no
ac_cv_lib_fdsim_main=no
ac_cv_lib_hbmdramsim_libhbmdramsim_is_present=no
ac_cv_lib_hmcsim_hmcsim_clock=no
ac_cv_lib_hybridsim_libhybridsim_is_present=no
ac_cv_lib_nvdsim_main=no
ac_cv_lib_ramulator_libramulator_is_present=no
ac_cv_lib_riscv__ZN5sim_t3runEv=no
ac_cv_lib_undumpi_undumpi_open=no
ac_cv_lib_z_gzopen=yes
ac_cv_objext=o
ac_cv_path_EGREP='/usr/bin/grep -E'
ac_cv_path_FGREP='/usr/bin/grep -F'
ac_cv_path_GREP=/usr/bin/grep
ac_cv_path_PINTOOL2_RUNTIME=
ac_cv_path_PINTOOL3_RUNTIME=
ac_cv_path_SED=/usr/bin/sed
ac_cv_path_SST_CONFIG_TOOL=/home/tbonato/local/sstcore-11.1.0/bin/sst-config
ac_cv_path_SST_REGISTER_TOOL=/home/tbonato/local/sstcore-11.1.0/bin/sst-register
ac_cv_path_install='/usr/bin/install -c'
ac_cv_path_mkdir=/usr/bin/mkdir
ac_cv_prog_AWK=gawk
ac_cv_prog_CPP='gcc -E'
ac_cv_prog_CXXCPP='g++ -E'
ac_cv_prog_ac_ct_AR=ar
ac_cv_prog_ac_ct_CC=gcc
ac_cv_prog_ac_ct_CXX=g++
ac_cv_prog_ac_ct_MANIFEST_TOOL=mt
ac_cv_prog_ac_ct_OBJDUMP=objdump
ac_cv_prog_ac_ct_RANLIB=ranlib
ac_cv_prog_ac_ct_STRIP=strip
ac_cv_prog_cc_c89=
ac_cv_prog_cc_c99=
ac_cv_prog_cc_g=yes
ac_cv_prog_cxx_g=yes
ac_cv_prog_make_make_set=yes
ac_cv_search_dlopen=-ldl
ac_cv_search_shm_open=-lrt
ac_cv_type_error_t=yes
am_cv_CC_dependencies_compiler_type=gcc3
am_cv_CXX_dependencies_compiler_type=gcc3
am_cv_make_support_nested_variables=yes
am_cv_prog_cc_c_o=yes
am_cv_prog_tar_pax=gnutar
libltdl_cv_lib_dl_dlopen=yes
libltdl_cv_preloaded_symbols=yes
libltdl_cv_shlibext=.so
libltdl_cv_shrext=.so
lt_cv_ar_at_file=@
lt_cv_archive_cmds_need_lc=no
lt_cv_deplibs_check_method=pass_all
lt_cv_dlopen=dlopen
lt_cv_dlopen_libs=-ldl
lt_cv_dlopen_self=yes
lt_cv_dlopen_self_static=no
lt_cv_file_magic_cmd='$MAGIC_CMD'
lt_cv_file_magic_test_file=
lt_cv_ld_reload_flag=-r
lt_cv_module_path_var=LD_LIBRARY_PATH
lt_cv_nm_interface='BSD nm'
lt_cv_objdir=.libs
lt_cv_path_LD=/usr/bin/ld
lt_cv_path_LDCXX='/usr/bin/ld -m elf_x86_64'
lt_cv_path_NM='/usr/bin/nm -B'
lt_cv_path_mainfest_tool=no
lt_cv_prog_compiler_c_o=yes
lt_cv_prog_compiler_c_o_CXX=yes
lt_cv_prog_compiler_pic='-fPIC -DPIC'
lt_cv_prog_compiler_pic_CXX='-fPIC -DPIC'
lt_cv_prog_compiler_pic_works=yes
lt_cv_prog_compiler_pic_works_CXX=yes
lt_cv_prog_compiler_rtti_exceptions=no
lt_cv_prog_compiler_static_works=yes
lt_cv_prog_compiler_static_works_CXX=yes
lt_cv_prog_gnu_ld=yes
lt_cv_prog_gnu_ldcxx=yes
lt_cv_sharedlib_from_linklib_cmd='printf %s\n'
lt_cv_shlibpath_overrides_runpath=yes
lt_cv_sys_argz_works=yes
lt_cv_sys_dlopen_deplibs=yes
lt_cv_sys_dlsearch_path='/lib64 /usr/lib64 /lib /usr/lib /usr/lib/x86_64-linux-gnu/libfakeroot /usr/lib/wsl/lib /usr/local/lib /usr/local/lib/x86_64-linux-gnu /lib/x86_64-linux-gnu /usr/lib/x86_64-linux-gnu '
lt_cv_sys_global_symbol_pipe='sed -n -e '\''s/^.*[	 ]\([ABCDGIRSTW][ABCDGIRSTW]*\)[	 ][	 ]*\([_A-Za-z][_A-Za-z0-9]*\)$/\1 \2 \2/p'\'' | sed '\''/ __gnu_lto/d'\'''
lt_cv_sys_global_symbol_to_c_name_address='sed -n -e '\''s/^: \([^ ]*\)[ ]*$/  {\"\1\", (void *) 0},/p'\'' -e '\''s/^[ABCDGIRSTW]* \([^ ]*\) \([^ ]*\)$/  {"\2", (void *) \&\2},/p'\'''
lt_cv_sys_global_symbol_to_c_name_address_lib_prefix='sed -n -e '\''s/^: \([^ ]*\)[ ]*$/  {\"\1\", (void *) 0},/p'\'' -e '\''s/^[ABCDGIRSTW]* \([^ ]*\) \(lib[^ ]*\)$/  {"\2", (void *) \&\2},/p'\'' -e '\''s/^[ABCDGIRSTW]* \([^ ]*\) \([^ ]*\)$/  {"lib\2", (void *) \&\2},/p'\'''
lt_cv_sys_global_symbol_to_cdecl='sed -n -e '\''s/^T .* \(.*\)$/extern int \1();/p'\'' -e '\''s/^[ABCDGIRSTW]* .* \(.*\)$/extern char \1;/p'\'''
lt_cv_sys_max_cmd_len=1572864
lt_cv_sys_symbol_underscore=no
lt_cv_to_host_file_cmd=func_convert_file_noop
lt_cv_to_tool_file_cmd=func_convert_file_noop

## ----------------- ##
## Output variables. ##
## ----------------- ##

ACLOCAL='${SHELL} /home/tbonato/SC24/analysis-of-the-adaptive-routing-algorithm-in-the-slingshot-interconnect/sst-elements-library-11.0.0/config/missing aclocal-1.16'
AMDEPBACKSLASH='\'
AMDEP_FALSE='#'
AMDEP_TRUE=''
AMTAR='$${TAR-tar}'
AM_BACKSLASH='\'
AM_DEFAULT_V='$(AM_DEFAULT_VERBOSITY)'
AM_DEFAULT_VERBOSITY='0'
AM_V='$(V)'
AR='ar'
ARGZ_H=''
AUTOCONF='${SHELL} /home/tbonato/SC24/analysis-of-the-adaptive-routing-algorithm-in-the-slingshot-interconnect/sst-elements-library-11.0.0/config/missing autoconf'
AUTOHEADER='${SHELL} /home/tbonato/SC24/analysis-of-the-adaptive-routing-algorithm-in-the-slingshot-interconnect/sst-elements-library-11.0.0/config/missing autoheader'
AUTOMAKE='${SHELL} /home/tbonato/SC24/analysis-of-the-adaptive-routing-algorithm-in-the-slingshot-interconnect/sst-elements-library-11.0.0/config/missing automake-1.16'
AWK='gawk'
BOOST_LIB_SUFFIX=''
CC='gcc'
CCDEPMODE='depmode=gcc3'
CC_VERSION='gcc (Ubuntu 9.3.0-10ubuntu2) 9.3.0'
CFLAGS='-g -O2  '
CONVENIENCE_LTDL_FALSE='#'
CONVENIENCE_LTDL_TRUE=''
CPP='gcc -E'
CPPFLAGS='  -I/usr/include/python3.8 -I/usr/include/python3.8  -I/home/tbonato/local/sstcore-11.1.0/include/sst/core -I/home/tbonato/local/sstcore-11.1.0/include'
CUDA_CPPFLAGS=''
CUDA_LDFLAGS=''
CUDA_LIBDIR=''
CUDA_LIBS=''
CXX='g++'
CXXCPP='g++ -E'
CXXDEPMODE='depmode=gcc3'
CXXFLAGS='-g -O2  -std=c++1y -D__STDC_FORMAT_MACROS '
CYGPATH_W='echo'
DEFS='-DHAVE_CONFIG_H'
DEPDIR='.deps'
DLLTOOL='false'
DRAMSIM3_CPPFLAGS=''
DRAMSIM3_LDFLAGS=''
DRAMSIM3_LIB=''
DRAMSIM3_LIBDIR=''
DRAMSIM_CPPFLAGS=''
DRAMSIM_LDFLAGS=''
DRAMSIM_LIB=''
DRAMSIM_LIBDIR=''
DSYMUTIL=''
DUMPBIN=''
DUMPI_CPPFLAGS=''
DUMPI_LDFLAGS=''
DUMPI_LIB=''
ECHO_C=''
ECHO_N='-n'
ECHO_T=''
EGREP='/usr/bin/grep -E'
EMBER_HAVE_OTF2_FALSE=''
EMBER_HAVE_OTF2_TRUE='#'
EXEEXT=''
FDSIM_CPPFLAGS=''
FDSIM_CXXFLAGS=''
FDSIM_LDFLAGS=''
FDSIM_LIB=''
FDSIM_LIBDIR=''
FGREP='/usr/bin/grep -F'
GOBLIN_HMCSIM_CPPFLAGS=''
GOBLIN_HMCSIM_LDFLAGS=''
GOBLIN_HMCSIM_LIB=''
GOBLIN_HMCSIM_LIBDIR=''
GPGPUSIM_CPPFLAGS=''
GPGPUSIM_LDFLAGS=''
GPGPUSIM_LIB=''
GPGPUSIM_LIBDIR=''
GREP='/usr/bin/grep'
HAVE_DRAMSIM3_FALSE=''
HAVE_DRAMSIM3_TRUE='#'
HAVE_DRAMSIM_FALSE=''
HAVE_DRAMSIM_TRUE='#'
HAVE_FDSIM_FALSE=''
HAVE_FDSIM_TRUE='#'
HAVE_HBMDRAMSIM_FALSE=''
HAVE_HBMDRAMSIM_TRUE='#'
HAVE_HYBRIDSIM_FALSE=''
HAVE_HYBRIDSIM_TRUE='#'
HAVE_NVDIMMSIM_FALSE=''
HAVE_NVDIMMSIM_TRUE='#'
HAVE_PIN3_FALSE='#'
HAVE_PIN3_TRUE=''
HAVE_PINTOOL_FALSE=''
HAVE_PINTOOL_TRUE='#'
HAVE_RAMULATOR_FALSE=''
HAVE_RAMULATOR_TRUE='#'
HAVE_SET_PTRACER='1'
HAVE_SET_PTRACER_FALSE='#'
HAVE_SET_PTRACER_TRUE=''
HAVE_SHM_FALSE='#'
HAVE_SHM_TRUE=''
HBMDRAMSIM_CPPFLAGS=''
HBMDRAMSIM_LDFLAGS=''
HBMDRAMSIM_LIB=''
HBMDRAMSIM_LIBDIR=''
HYBRIDSIM_CPPFLAGS=''
HYBRIDSIM_LDFLAGS=''
HYBRIDSIM_LIB=''
HYBRIDSIM_LIBDIR=''
INCLTDL='-I${top_srcdir}/src/libltdl'
INSTALL_DATA='${INSTALL} -m 644'
INSTALL_LTDL_FALSE=''
INSTALL_LTDL_TRUE='#'
INSTALL_PROGRAM='${INSTALL}'
INSTALL_SCRIPT='${INSTALL}'
INSTALL_STRIP_PROGRAM='$(install_sh) -c -s'
LD='/usr/bin/ld -m elf_x86_64'
LDFLAGS='   -L/usr/lib/python3.8/config-3.8-x86_64-linux-gnu -L/usr/lib -lpython3.8 -lcrypt -lpthread -ldl  -lutil -lm -lm '
LIBADD_DL='-ldl '
LIBADD_DLD_LINK=''
LIBADD_DLOPEN='-ldl'
LIBADD_SHL_LOAD=''
LIBLTDL='${top_build_prefix}src/libltdl/libltdlc.la'
LIBOBJS=''
LIBS='-ldl   -ldl '
LIBTOOL='$(SHELL) $(top_builddir)/libtool'
LIBZ_CPPFLAGS=''
LIBZ_LDFLAGS=''
LIBZ_LIB='-lz'
LIPO=''
LN_S='ln -s'
LTDLDEPS='${top_build_prefix}src/libltdl/libltdlc.la'
LTDLINCL='-I${top_srcdir}/src/libltdl'
LTDLOPEN='libltdl'
LTLIBOBJS=''
LT_CONFIG_H='src/sst_element_config.h'
LT_DLLOADERS=' dlopen.la'
LT_DLPREOPEN='-dlpreopen dlopen.la '
MAKEINFO='${SHELL} /home/tbonato/SC24/analysis-of-the-adaptive-routing-algorithm-in-the-slingshot-interconnect/sst-elements-library-11.0.0/config/missing makeinfo'
MANIFEST_TOOL=':'
MKDIR_P='/usr/bin/mkdir -p'
NM='/usr/bin/nm -B'
NMEDIT=''
NVDIMMSIM_CPPFLAGS=''
NVDIMMSIM_CXXFLAGS=''
NVDIMMSIM_LDFLAGS=''
NVDIMMSIM_LIB=''
NVDIMMSIM_LIBDIR=''
OBJDUMP='objdump'
OBJEXT='o'
OTF2_CONFIG_TOOL=''
OTF2_CPPFLAGS=''
OTF2_LDFLAGS=''
OTF2_PATH=''
OTF_CONFIG_TOOL=''
OTF_CPPFLAGS=''
OTF_LDFLAGS=''
OTF_PATH=''
OTOOL64=''
OTOOL=''
PACKAGE='sst-elements-library'
PACKAGE_BUGREPORT='sst@sandia.gov'
PACKAGE_NAME='SST Elements Library'
PACKAGE_STRING='SST Elements Library 11.0.0'
PACKAGE_TARNAME='sst-elements-library'
PACKAGE_URL=''
PACKAGE_VERSION='11.0.0'
PATH_SEPARATOR=':'
PINTOOL2_RUNTIME=''
PINTOOL3_RUNTIME=''
PINTOOL_CPPFLAGS=''
PINTOOL_DIR=''
PINTOOL_LDFLAGS=''
PINTOOL_PATH='/home/tbonato/local/sstelements-11.1.0/bin:/home/tbonato/local/sstcore-11.1.0/bin:/home/tbonato/local/packages/OpenMPI-4.0.5/bin:/home/tbonato/local/sstelements-11.0.0/bin:/home/tbonato/local/sstelements-11.0.0/bin:/home/tbonato/local/sstcore-11.0.0/bin:/home/tbonato/local/packages/OpenMPI-4.0.5/bin:/home/tbonato/local/sstelements-11.1.0/bin:/home/tbonato/local/sstcore-11.1.0/bin:/home/tbonato/local/packages/OpenMPI-4.0.5/bin:/home/tbonato/.vscode-server/bin/863d2581ecda6849923a2118d93a088b0745d9d6/bin/remote-cli:/home/tbonato/.local/bin:/home/tbonato/local/sstelements-11.1.0/bin:/home/tbonato/local/sstcore-11.1.0/bin:/home/tbonato/local/packages/OpenMPI-4.0.5/bin:/usr/local/sbin:/usr/local/bin:/usr/sbin:/usr/bin:/sbin:/bin:/usr/games:/usr/local/games:/usr/lib/wsl/lib:/mnt/c/Program Files/Common Files/Oracle/Java/javapath:/mnt/c/Windows/system32:/mnt/c/Windows:/mnt/c/Windows/System32/Wbem:/mnt/c/Windows/System32/WindowsPowerShell/v1.0/:/mnt/c/Windows/System32/OpenSSH/:/mnt/c/Program Files (x86)/NVIDIA Corporation/PhysX/Common:/mnt/c/Program Files/NVIDIA Corporation/NVIDIA NvDLISR:/mnt/c/Program Files/dotnet/:/mnt/c/Program Files/Git/cmd:/mnt/c/Users/tomma/AppData/Local/Microsoft/WindowsApps:/mnt/c/Users/tomma/AppData/Local/Programs/Microsoft VS Code/bin:/mnt/c/Program Files/JetBrains/IntelliJ IDEA 2021.3.2/bin:/mnt/c/Program Files/Java/jdk-17.0.2/bin:/mnt/c/Program Files/Docker/Docker/resources/bin:/mnt/c/ProgramData/DockerDesktop/version-bin:/mnt/c/Users/tomma/AppData/Local/Packages/PythonSoftwareFoundation.Python.3.10_qbz5n2kfra8p0/LocalCache/local-packages/Python310/Scripts:/mnt/c/WINDOWS/system32:/mnt/c/WINDOWS:/mnt/c/WINDOWS/System32/Wbem:/mnt/c/WINDOWS/System32/WindowsPowerShell/v1.0/:/mnt/c/WINDOWS/System32/OpenSSH/:/mnt/c/Users/tomma/AppData/Local/Microsoft/WindowsApps/python3.10.exe:/mnt/c/Users/tomma/AppData/Local/Microsoft/WindowsApps:/mnt/c/Users/tomma/AppData/Local/Programs/Microsoft VS Code/bin:/mnt/c/Program Files/JetBrains/IntelliJ IDEA 2021.3.2/bin:/mnt/c/Users/tomma/AppData/Local/Programs/MiKTeX/miktex/bin/x64/:/mnt/c/Users/tomma/AppData/Local/Packages/PythonSoftwareFoundation.Python.3.10_qbz5n2kfra8p0/LocalCache/local-packages/Python310/site-packages:/mnt/c/Program Files/WindowsApps/PythonSoftwareFoundation.Python.3.10_3.10.1264.0_x64__qbz5n2kfra8p0/Lib/site-packages/pip/_vendor:/snap/bin'
PINTOOL_RUNTIME=''
RAMULATOR_CPPFLAGS=''
RAMULATOR_LDFLAGS=''
RAMULATOR_LIB=''
RAMULATOR_LIBDIR=''
RANLIB='ranlib'
SED='/usr/bin/sed'
SET_MAKE=''
SHELL='/bin/bash'
SHM_LIB='-lrt -ldl   -ldl '
SSTELEMENTS_GIT_BRANCH='N/A'
SSTELEMENTS_GIT_COMMITCOUNT='0'
SSTELEMENTS_GIT_HEADSHA='11.0.0'
SST_ACTIVE_ELEMENT_LIBRARIES=' ariel cacheTracer cassini CramSim ember firefly hermes kingsley memHierarchy merlin Messier miranda prospero Samba shogun simpleElementExample simpleSimulation thornhill vanadis VaultSimC zodiac'
SST_COMPILE_OSX_FALSE=''
SST_COMPILE_OSX_TRUE='#'
SST_CONFIG_TOOL='/home/tbonato/local/sstcore-11.1.0/bin/sst-config'
SST_DIST_ELEMENT_LIBRARIES=' ariel balar cacheTracer cassini CramSim ember firefly hermes kingsley memHierarchy merlin Messier miranda prospero Samba shogun simpleElementExample simpleSimulation thornhill vanadis VaultSimC zodiac'
SST_ENABLE_PREVIEW_BUILD_FALSE=''
SST_ENABLE_PREVIEW_BUILD_TRUE='#'
SST_PREFIX='/home/tbonato/local/sstcore-11.1.0'
SST_REGISTER_TOOL='/home/tbonato/local/sstcore-11.1.0/bin/sst-register'
STAKE_CPPFLAGS=''
STAKE_LDFLAGS=''
STAKE_LIB=''
STAKE_LIBDIR=''
STRIP='strip'
USE_CUDA_FALSE=''
USE_CUDA_TRUE='#'
USE_DUMPI_FALSE=''
USE_DUMPI_TRUE='#'
USE_EMBER_CONTEXTS_FALSE=''
USE_EMBER_CONTEXTS_TRUE='#'
USE_GOBLIN_HMCSIM_FALSE=''
USE_GOBLIN_HMCSIM_TRUE='#'
USE_LIBZ_FALSE='#'
USE_LIBZ_TRUE=''
USE_OTF2_FALSE=''
USE_OTF2_TRUE='#'
USE_OTF_FALSE=''
USE_OTF_TRUE='#'
USE_STAKE_FALSE=''
USE_STAKE_TRUE='#'
VERSION='11.0.0'
ac_ct_AR='ar'
ac_ct_CC='gcc'
ac_ct_CXX='g++'
ac_ct_DUMPBIN=''
am__EXEEXT_FALSE=''
am__EXEEXT_TRUE='#'
am__fastdepCC_FALSE='#'
am__fastdepCC_TRUE=''
am__fastdepCXX_FALSE='#'
am__fastdepCXX_TRUE=''
am__include='include'
am__isrc=''
am__leading_dot='.'
am__nodep='_no'
am__quote=''
am__tar='tar --format=posix -chf - "$$tardir"'
am__untar='tar -xf -'
bindir='${exec_prefix}/bin'
build='x86_64-unknown-linux-gnu'
build_alias=''
build_cpu='x86_64'
build_os='linux-gnu'
build_vendor='unknown'
datadir='${datarootdir}'
datarootdir='${prefix}/share'
docdir='${datarootdir}/doc/${PACKAGE_TARNAME}'
dvidir='${docdir}'
exec_prefix='${prefix}'
host='x86_64-unknown-linux-gnu'
host_alias=''
host_cpu='x86_64'
host_os='linux-gnu'
host_vendor='unknown'
htmldir='${docdir}'
includedir='${prefix}/include'
infodir='${datarootdir}/info'
install_sh='${SHELL} /home/tbonato/SC24/analysis-of-the-adaptive-routing-algorithm-in-the-slingshot-interconnect/sst-elements-library-11.0.0/config/install-sh'
libdir='${exec_prefix}/lib'
libexecdir='${exec_prefix}/libexec'
localedir='${datarootdir}/locale'
localstatedir='${prefix}/var'
ltdl_LIBOBJS=' lt__strl.o'
ltdl_LTLIBOBJS=' lt__strl.lo'
mandir='${datarootdir}/man'
mkdir_p='$(MKDIR_P)'
oldincludedir='/usr/include'
pdfdir='${docdir}'
prefix='sst_check_'
program_transform_name='s,x,x,'
psdir='${docdir}'
runstatedir='${localstatedir}/run'
sbindir='${exec_prefix}/sbin'
sharedstatedir='${prefix}/com'
sys_symbol_underscore='no'
sysconfdir='${prefix}/etc'
target_alias=''

## ----------- ##
## confdefs.h. ##
## ----------- ##

/* confdefs.h */
#define PACKAGE_NAME "SST Elements Library"
#define PACKAGE_TARNAME "sst-elements-library"
#define PACKAGE_VERSION "11.0.0"
#define PACKAGE_STRING "SST Elements Library 11.0.0"
#define PACKAGE_BUGREPORT "sst@sandia.gov"
#define PACKAGE_URL ""
#define TIME_WITH_SYS_TIME 1
#define STDC_HEADERS 1
#define HAVE_SYS_TYPES_H 1
#define HAVE_SYS_STAT_H 1
#define HAVE_STDLIB_H 1
#define HAVE_STRING_H 1
#define HAVE_MEMORY_H 1
#define HAVE_STRINGS_H 1
#define HAVE_INTTYPES_H 1
#define HAVE_STDINT_H 1
#define HAVE_UNISTD_H 1
#define HAVE_DLFCN_H 1
#define LT_OBJDIR ".libs/"
#define LT_MODULE_EXT ".so"
#define LT_MODULE_PATH_VAR "LD_LIBRARY_PATH"
#define LT_DLSEARCH_PATH "/lib64:/usr/lib64:/lib:/usr/lib:/usr/lib/x86_64-linux-gnu/libfakeroot:/usr/lib/wsl/lib:/usr/local/lib:/usr/local/lib/x86_64-linux-gnu:/lib/x86_64-linux-gnu:/usr/lib/x86_64-linux-gnu"
#define HAVE_LIBDL 1
#define HAVE_DLERROR 1
#define HAVE_LIBDLLOADER 1
#define HAVE_ARGZ_H 1
#define HAVE_ERROR_T 1
#define HAVE_ARGZ_ADD 1
#define HAVE_ARGZ_APPEND 1
#define HAVE_ARGZ_COUNT 1
#define HAVE_ARGZ_CREATE_SEP 1
#define HAVE_ARGZ_INSERT 1
#define HAVE_ARGZ_NEXT 1
#define HAVE_ARGZ_STRINGIFY 1
#define HAVE_WORKING_ARGZ 1
#define HAVE_PRELOADED_SYMBOLS 1
#define HAVE_UNISTD_H 1
#define HAVE_DIRENT_H 1
#define HAVE_CLOSEDIR 1
#define HAVE_OPENDIR 1
#define HAVE_READDIR 1
#define LT_LIBEXT "a"
#define LT_LIBPREFIX "lib"
#define TIME_WITH_SYS_TIME 1
#define NVDIMMSIM_LIBDIR ""
#define PINTOOL_EXECUTABLE ""
#define HAVE_SHM 1
#define HAVE_LIBZ 1
#define RAMULATOR_LIBDIR ""
#define DRAMSIM_LIBDIR ""
#define DRAMSIM3_LIBDIR ""
#define HBMDRAMSIM_LIBDIR ""
#define HYBRIDSIM_LIBDIR ""
#define GOBLIN_HMCSIM_LIBDIR ""
#define NVDIMMSIM_LIBDIR ""
#define FDSIM_LIBDIR ""
#define HAVE_LIBZ 1
#define STAKE_LIBDIR ""
#define HAVE_LIBZ 1
#define PINTOOL_EXECUTABLE ""
#define HAVE_SHM 1
#define SSTELEMENTS_GIT_BRANCH "N/A"
#define SSTELEMENTS_GIT_HEADSHA "11.0.0"
#define SSTELEMENTS_GIT_COMMITCOUNT "0"

configure: exit 0
